<?xml version="1.0" encoding="UTF-8"?>
<testsuite xmlns:xsi="http://www.w3.org/2001/XMLSchema-instance" xsi:noNamespaceSchemaLocation="https://maven.apache.org/surefire/maven-surefire-plugin/xsd/surefire-test-report-3.0.xsd" version="3.0" name="com.example.spring.DatabaseConnectionTest" time="1.482" tests="1" errors="0" skipped="0" failures="0">
  <properties>
    <property name="java.specification.version" value="21"/>
    <property name="sun.cpu.isalist" value="amd64"/>
    <property name="sun.jnu.encoding" value="MS949"/>
    <property name="java.class.path" value="C:\spring\target\test-classes;C:\spring\target\classes;C:\Users\paki0\.m2\repository\org\springframework\spring-core\5.3.39\spring-core-5.3.39.jar;C:\Users\paki0\.m2\repository\org\springframework\spring-jcl\5.3.39\spring-jcl-5.3.39.jar;C:\Users\paki0\.m2\repository\org\springframework\spring-webmvc\5.3.39\spring-webmvc-5.3.39.jar;C:\Users\paki0\.m2\repository\org\springframework\spring-aop\5.3.39\spring-aop-5.3.39.jar;C:\Users\paki0\.m2\repository\org\springframework\spring-beans\5.3.39\spring-beans-5.3.39.jar;C:\Users\paki0\.m2\repository\org\springframework\spring-expression\5.3.39\spring-expression-5.3.39.jar;C:\Users\paki0\.m2\repository\org\springframework\spring-web\5.3.39\spring-web-5.3.39.jar;C:\Users\paki0\.m2\repository\org\springframework\spring-context\5.3.39\spring-context-5.3.39.jar;C:\Users\paki0\.m2\repository\javax\servlet\javax.servlet-api\3.1.0\javax.servlet-api-3.1.0.jar;C:\Users\paki0\.m2\repository\javax\servlet\jsp\javax.servlet.jsp-api\2.3.3\javax.servlet.jsp-api-2.3.3.jar;C:\Users\paki0\.m2\repository\javax\servlet\jstl\1.2\jstl-1.2.jar;C:\Users\paki0\.m2\repository\org\slf4j\slf4j-api\1.7.36\slf4j-api-1.7.36.jar;C:\Users\paki0\.m2\repository\org\apache\logging\log4j\log4j-slf4j-impl\2.20.0\log4j-slf4j-impl-2.20.0.jar;C:\Users\paki0\.m2\repository\org\apache\logging\log4j\log4j-api\2.20.0\log4j-api-2.20.0.jar;C:\Users\paki0\.m2\repository\org\apache\logging\log4j\log4j-core\2.20.0\log4j-core-2.20.0.jar;C:\Users\paki0\.m2\repository\junit\junit\4.13.2\junit-4.13.2.jar;C:\Users\paki0\.m2\repository\org\hamcrest\hamcrest-core\1.3\hamcrest-core-1.3.jar;C:\Users\paki0\.m2\repository\org\springframework\spring-jdbc\5.3.39\spring-jdbc-5.3.39.jar;C:\Users\paki0\.m2\repository\org\springframework\spring-tx\5.3.39\spring-tx-5.3.39.jar;C:\Users\paki0\.m2\repository\org\mariadb\jdbc\mariadb-java-client\2.7.5\mariadb-java-client-2.7.5.jar;C:\Users\paki0\.m2\repository\com\zaxxer\HikariCP\4.0.3\HikariCP-4.0.3.jar;C:\Users\paki0\.m2\repository\org\springframework\spring-test\5.3.39\spring-test-5.3.39.jar;C:\Users\paki0\.m2\repository\org\projectlombok\lombok\1.18.30\lombok-1.18.30.jar;C:\Users\paki0\.m2\repository\org\mybatis\mybatis-spring\2.1.1\mybatis-spring-2.1.1.jar;C:\Users\paki0\.m2\repository\org\mybatis\mybatis\3.5.13\mybatis-3.5.13.jar;C:\Users\paki0\.m2\repository\org\springframework\security\spring-security-web\5.8.11\spring-security-web-5.8.11.jar;C:\Users\paki0\.m2\repository\org\springframework\security\spring-security-core\5.8.11\spring-security-core-5.8.11.jar;C:\Users\paki0\.m2\repository\org\springframework\security\spring-security-crypto\5.8.11\spring-security-crypto-5.8.11.jar;C:\Users\paki0\.m2\repository\org\springframework\security\spring-security-config\5.8.11\spring-security-config-5.8.11.jar;C:\Users\paki0\.m2\repository\org\springframework\security\spring-security-taglibs\5.8.11\spring-security-taglibs-5.8.11.jar;C:\Users\paki0\.m2\repository\org\springframework\security\spring-security-acl\5.8.11\spring-security-acl-5.8.11.jar;"/>
    <property name="java.vm.vendor" value="Oracle Corporation"/>
    <property name="sun.arch.data.model" value="64"/>
    <property name="user.variant" value=""/>
    <property name="java.vendor.url" value="https://java.oracle.com/"/>
    <property name="user.timezone" value="Asia/Seoul"/>
    <property name="os.name" value="Windows 11"/>
    <property name="java.vm.specification.version" value="21"/>
    <property name="sun.java.launcher" value="SUN_STANDARD"/>
    <property name="user.country" value="KR"/>
    <property name="sun.boot.library.path" value="C:\Program Files\Java\jdk-21\bin"/>
    <property name="sun.java.command" value="C:\Users\paki0\AppData\Local\Temp\surefire16625111799480184606\surefirebooter-20250209084822002_3.jar C:\Users\paki0\AppData\Local\Temp\surefire16625111799480184606 2025-02-09T08-48-21_886-jvmRun1 surefire-20250209084822002_1tmp surefire_0-20250209084822002_2tmp"/>
    <property name="jdk.debug" value="release"/>
    <property name="surefire.test.class.path" value="C:\spring\target\test-classes;C:\spring\target\classes;C:\Users\paki0\.m2\repository\org\springframework\spring-core\5.3.39\spring-core-5.3.39.jar;C:\Users\paki0\.m2\repository\org\springframework\spring-jcl\5.3.39\spring-jcl-5.3.39.jar;C:\Users\paki0\.m2\repository\org\springframework\spring-webmvc\5.3.39\spring-webmvc-5.3.39.jar;C:\Users\paki0\.m2\repository\org\springframework\spring-aop\5.3.39\spring-aop-5.3.39.jar;C:\Users\paki0\.m2\repository\org\springframework\spring-beans\5.3.39\spring-beans-5.3.39.jar;C:\Users\paki0\.m2\repository\org\springframework\spring-expression\5.3.39\spring-expression-5.3.39.jar;C:\Users\paki0\.m2\repository\org\springframework\spring-web\5.3.39\spring-web-5.3.39.jar;C:\Users\paki0\.m2\repository\org\springframework\spring-context\5.3.39\spring-context-5.3.39.jar;C:\Users\paki0\.m2\repository\javax\servlet\javax.servlet-api\3.1.0\javax.servlet-api-3.1.0.jar;C:\Users\paki0\.m2\repository\javax\servlet\jsp\javax.servlet.jsp-api\2.3.3\javax.servlet.jsp-api-2.3.3.jar;C:\Users\paki0\.m2\repository\javax\servlet\jstl\1.2\jstl-1.2.jar;C:\Users\paki0\.m2\repository\org\slf4j\slf4j-api\1.7.36\slf4j-api-1.7.36.jar;C:\Users\paki0\.m2\repository\org\apache\logging\log4j\log4j-slf4j-impl\2.20.0\log4j-slf4j-impl-2.20.0.jar;C:\Users\paki0\.m2\repository\org\apache\logging\log4j\log4j-api\2.20.0\log4j-api-2.20.0.jar;C:\Users\paki0\.m2\repository\org\apache\logging\log4j\log4j-core\2.20.0\log4j-core-2.20.0.jar;C:\Users\paki0\.m2\repository\junit\junit\4.13.2\junit-4.13.2.jar;C:\Users\paki0\.m2\repository\org\hamcrest\hamcrest-core\1.3\hamcrest-core-1.3.jar;C:\Users\paki0\.m2\repository\org\springframework\spring-jdbc\5.3.39\spring-jdbc-5.3.39.jar;C:\Users\paki0\.m2\repository\org\springframework\spring-tx\5.3.39\spring-tx-5.3.39.jar;C:\Users\paki0\.m2\repository\org\mariadb\jdbc\mariadb-java-client\2.7.5\mariadb-java-client-2.7.5.jar;C:\Users\paki0\.m2\repository\com\zaxxer\HikariCP\4.0.3\HikariCP-4.0.3.jar;C:\Users\paki0\.m2\repository\org\springframework\spring-test\5.3.39\spring-test-5.3.39.jar;C:\Users\paki0\.m2\repository\org\projectlombok\lombok\1.18.30\lombok-1.18.30.jar;C:\Users\paki0\.m2\repository\org\mybatis\mybatis-spring\2.1.1\mybatis-spring-2.1.1.jar;C:\Users\paki0\.m2\repository\org\mybatis\mybatis\3.5.13\mybatis-3.5.13.jar;C:\Users\paki0\.m2\repository\org\springframework\security\spring-security-web\5.8.11\spring-security-web-5.8.11.jar;C:\Users\paki0\.m2\repository\org\springframework\security\spring-security-core\5.8.11\spring-security-core-5.8.11.jar;C:\Users\paki0\.m2\repository\org\springframework\security\spring-security-crypto\5.8.11\spring-security-crypto-5.8.11.jar;C:\Users\paki0\.m2\repository\org\springframework\security\spring-security-config\5.8.11\spring-security-config-5.8.11.jar;C:\Users\paki0\.m2\repository\org\springframework\security\spring-security-taglibs\5.8.11\spring-security-taglibs-5.8.11.jar;C:\Users\paki0\.m2\repository\org\springframework\security\spring-security-acl\5.8.11\spring-security-acl-5.8.11.jar;"/>
    <property name="sun.cpu.endian" value="little"/>
    <property name="user.home" value="C:\Users\paki0"/>
    <property name="user.language" value="ko"/>
    <property name="java.specification.vendor" value="Oracle Corporation"/>
    <property name="java.version.date" value="2025-01-21"/>
    <property name="java.home" value="C:\Program Files\Java\jdk-21"/>
    <property name="file.separator" value="\"/>
    <property name="basedir" value="C:\spring"/>
    <property name="java.vm.compressedOopsMode" value="32-bit"/>
    <property name="line.separator" value="&#10;"/>
    <property name="java.vm.specification.vendor" value="Oracle Corporation"/>
    <property name="java.specification.name" value="Java Platform API Specification"/>
    <property name="surefire.real.class.path" value="C:\Users\paki0\AppData\Local\Temp\surefire16625111799480184606\surefirebooter-20250209084822002_3.jar"/>
    <property name="user.script" value=""/>
    <property name="sun.management.compiler" value="HotSpot 64-Bit Tiered Compilers"/>
    <property name="java.runtime.version" value="21.0.6+8-LTS-188"/>
    <property name="user.name" value="paki0"/>
    <property name="stdout.encoding" value="MS949"/>
    <property name="path.separator" value=";"/>
    <property name="os.version" value="10.0"/>
    <property name="java.runtime.name" value="Java(TM) SE Runtime Environment"/>
    <property name="file.encoding" value="UTF-8"/>
    <property name="java.vm.name" value="Java HotSpot(TM) 64-Bit Server VM"/>
    <property name="localRepository" value="C:\Users\paki0\.m2\repository"/>
    <property name="java.vendor.url.bug" value="https://bugreport.java.com/bugreport/"/>
    <property name="java.io.tmpdir" value="C:\Users\paki0\AppData\Local\Temp\"/>
    <property name="java.version" value="21.0.6"/>
    <property name="user.dir" value="C:\spring"/>
    <property name="os.arch" value="amd64"/>
    <property name="java.vm.specification.name" value="Java Virtual Machine Specification"/>
    <property name="sun.os.patch.level" value=""/>
    <property name="native.encoding" value="MS949"/>
    <property name="java.library.path" value="C:\Program Files\Java\jdk-21\bin;C:\WINDOWS\Sun\Java\bin;C:\WINDOWS\system32;C:\WINDOWS;C:\Program Files\Common Files\Oracle\Java\javapath;C:\Program Files (x86)\VMware\VMware Player\bin\;C:\WINDOWS\system32;C:\WINDOWS;C:\WINDOWS\System32\Wbem;C:\WINDOWS\System32\WindowsPowerShell\v1.0\;C:\WINDOWS\System32\OpenSSH\;C:\Program Files\Microsoft SQL Server\Client SDK\ODBC\170\Tools\Binn\;C:\Program Files\dotnet\;C:\Program Files\nodejs\;C:\Program Files\Git\cmd;C:\apache-maven-3.9.9\bin;C:\Program Files\MariaDB 11.5\bin;C:\apache-maven-3.9.9\bin;."/>
    <property name="java.vm.info" value="mixed mode, sharing"/>
    <property name="stderr.encoding" value="MS949"/>
    <property name="java.vendor" value="Oracle Corporation"/>
    <property name="java.vm.version" value="21.0.6+8-LTS-188"/>
    <property name="sun.io.unicode.encoding" value="UnicodeLittle"/>
    <property name="java.class.version" value="65.0"/>
  </properties>
  <testcase name="testDatabaseConnection" classname="com.example.spring.DatabaseConnectionTest" time="0.163">
    <system-out><![CDATA[2025-02-09 08:48:22 [main] DEBUG org.springframework.test.context.junit4.SpringJUnit4ClassRunner - SpringJUnit4ClassRunner constructor called with [class com.example.spring.DatabaseConnectionTest]
2025-02-09 08:48:22 [main] DEBUG org.springframework.test.context.BootstrapUtils - Instantiating CacheAwareContextLoaderDelegate from class [org.springframework.test.context.cache.DefaultCacheAwareContextLoaderDelegate]
2025-02-09 08:48:22 [main] DEBUG org.springframework.test.context.BootstrapUtils - Instantiating BootstrapContext using constructor [public org.springframework.test.context.support.DefaultBootstrapContext(java.lang.Class,org.springframework.test.context.CacheAwareContextLoaderDelegate)]
2025-02-09 08:48:22 [main] DEBUG org.springframework.test.context.BootstrapUtils - Instantiating TestContextBootstrapper for test class [com.example.spring.DatabaseConnectionTest] from class [org.springframework.test.context.support.DefaultTestContextBootstrapper]
2025-02-09 08:48:22 [main] DEBUG org.springframework.test.context.support.AbstractDelegatingSmartContextLoader - Delegating to GenericXmlContextLoader to process context configuration [ContextConfigurationAttributes@29a0cdb declaringClass = 'com.example.spring.DatabaseConnectionTest', classes = '{}', locations = '{file:src/main/webapp/WEB-INF/spring/root-context.xml}', inheritLocations = true, initializers = '{}', inheritInitializers = true, name = [null], contextLoaderClass = 'org.springframework.test.context.ContextLoader'].
2025-02-09 08:48:22 [main] DEBUG org.springframework.test.context.support.ActiveProfilesUtils - Could not find an 'annotation declaring class' for annotation type [org.springframework.test.context.ActiveProfiles] and class [com.example.spring.DatabaseConnectionTest]
2025-02-09 08:48:22 [main] DEBUG org.springframework.test.context.support.DefaultTestContextBootstrapper - @TestExecutionListeners is not present for class [com.example.spring.DatabaseConnectionTest]: using defaults.
2025-02-09 08:48:22 [main] INFO  org.springframework.test.context.support.DefaultTestContextBootstrapper - Loaded default TestExecutionListener class names from location [META-INF/spring.factories]: [org.springframework.test.context.web.ServletTestExecutionListener, org.springframework.test.context.support.DirtiesContextBeforeModesTestExecutionListener, org.springframework.test.context.event.ApplicationEventsTestExecutionListener, org.springframework.test.context.support.DependencyInjectionTestExecutionListener, org.springframework.test.context.support.DirtiesContextTestExecutionListener, org.springframework.test.context.transaction.TransactionalTestExecutionListener, org.springframework.test.context.jdbc.SqlScriptsTestExecutionListener, org.springframework.test.context.event.EventPublishingTestExecutionListener]
2025-02-09 08:48:22 [main] INFO  org.springframework.test.context.support.DefaultTestContextBootstrapper - Using TestExecutionListeners: [org.springframework.test.context.web.ServletTestExecutionListener@6fe1b4fb, org.springframework.test.context.support.DirtiesContextBeforeModesTestExecutionListener@79351f41, org.springframework.test.context.event.ApplicationEventsTestExecutionListener@1c32386d, org.springframework.test.context.support.DependencyInjectionTestExecutionListener@6399551e, org.springframework.test.context.support.DirtiesContextTestExecutionListener@13d73fa, org.springframework.test.context.transaction.TransactionalTestExecutionListener@5023bb8b, org.springframework.test.context.jdbc.SqlScriptsTestExecutionListener@5d5f10b2, org.springframework.test.context.event.EventPublishingTestExecutionListener@74c79fa2]
2025-02-09 08:48:22 [main] DEBUG org.springframework.test.annotation.ProfileValueUtils - Retrieved @ProfileValueSourceConfiguration [null] for test class [com.example.spring.DatabaseConnectionTest]
2025-02-09 08:48:22 [main] DEBUG org.springframework.test.annotation.ProfileValueUtils - Retrieved ProfileValueSource type [class org.springframework.test.annotation.SystemProfileValueSource] for class [com.example.spring.DatabaseConnectionTest]
2025-02-09 08:48:22 [main] DEBUG org.springframework.test.annotation.ProfileValueUtils - Retrieved @ProfileValueSourceConfiguration [null] for test class [com.example.spring.DatabaseConnectionTest]
2025-02-09 08:48:22 [main] DEBUG org.springframework.test.annotation.ProfileValueUtils - Retrieved ProfileValueSource type [class org.springframework.test.annotation.SystemProfileValueSource] for class [com.example.spring.DatabaseConnectionTest]
2025-02-09 08:48:22 [main] DEBUG org.springframework.test.annotation.ProfileValueUtils - Retrieved @ProfileValueSourceConfiguration [null] for test class [com.example.spring.DatabaseConnectionTest]
2025-02-09 08:48:22 [main] DEBUG org.springframework.test.annotation.ProfileValueUtils - Retrieved ProfileValueSource type [class org.springframework.test.annotation.SystemProfileValueSource] for class [com.example.spring.DatabaseConnectionTest]
2025-02-09 08:48:22 [main] DEBUG org.springframework.test.annotation.ProfileValueUtils - Retrieved @ProfileValueSourceConfiguration [null] for test class [com.example.spring.DatabaseConnectionTest]
2025-02-09 08:48:22 [main] DEBUG org.springframework.test.annotation.ProfileValueUtils - Retrieved ProfileValueSource type [class org.springframework.test.annotation.SystemProfileValueSource] for class [com.example.spring.DatabaseConnectionTest]
2025-02-09 08:48:22 [main] DEBUG org.springframework.test.annotation.ProfileValueUtils - Retrieved @ProfileValueSourceConfiguration [null] for test class [com.example.spring.DatabaseConnectionTest]
2025-02-09 08:48:22 [main] DEBUG org.springframework.test.annotation.ProfileValueUtils - Retrieved ProfileValueSource type [class org.springframework.test.annotation.SystemProfileValueSource] for class [com.example.spring.DatabaseConnectionTest]
2025-02-09 08:48:22 [main] DEBUG org.springframework.test.context.support.AbstractDirtiesContextTestExecutionListener - Before test class: context [DefaultTestContext@628c4ac0 testClass = DatabaseConnectionTest, testInstance = [null], testMethod = [null], testException = [null], mergedContextConfiguration = [MergedContextConfiguration@7b84fcf8 testClass = DatabaseConnectionTest, locations = '{file:src/main/webapp/WEB-INF/spring/root-context.xml}', classes = '{}', contextInitializerClasses = '[]', activeProfiles = '{}', propertySourceLocations = '{}', propertySourceProperties = '{}', contextCustomizers = set[[empty]], contextLoader = 'org.springframework.test.context.support.DelegatingSmartContextLoader', parent = [null]], attributes = map[[empty]]], class annotated with @DirtiesContext [false] with mode [null].
2025-02-09 08:48:22 [main] DEBUG org.springframework.test.annotation.ProfileValueUtils - Retrieved @ProfileValueSourceConfiguration [null] for test class [com.example.spring.DatabaseConnectionTest]
2025-02-09 08:48:22 [main] DEBUG org.springframework.test.annotation.ProfileValueUtils - Retrieved ProfileValueSource type [class org.springframework.test.annotation.SystemProfileValueSource] for class [com.example.spring.DatabaseConnectionTest]
2025-02-09 08:48:22 [main] DEBUG org.springframework.test.context.support.DependencyInjectionTestExecutionListener - Performing dependency injection for test context [[DefaultTestContext@628c4ac0 testClass = DatabaseConnectionTest, testInstance = com.example.spring.DatabaseConnectionTest@232a7d73, testMethod = [null], testException = [null], mergedContextConfiguration = [MergedContextConfiguration@7b84fcf8 testClass = DatabaseConnectionTest, locations = '{file:src/main/webapp/WEB-INF/spring/root-context.xml}', classes = '{}', contextInitializerClasses = '[]', activeProfiles = '{}', propertySourceLocations = '{}', propertySourceProperties = '{}', contextCustomizers = set[[empty]], contextLoader = 'org.springframework.test.context.support.DelegatingSmartContextLoader', parent = [null]], attributes = map['org.springframework.test.context.event.ApplicationEventsTestExecutionListener.recordApplicationEvents' -> false]]].
2025-02-09 08:48:22 [main] DEBUG org.springframework.test.context.support.AbstractDelegatingSmartContextLoader - Delegating to GenericXmlContextLoader to load context from [MergedContextConfiguration@7b84fcf8 testClass = DatabaseConnectionTest, locations = '{file:src/main/webapp/WEB-INF/spring/root-context.xml}', classes = '{}', contextInitializerClasses = '[]', activeProfiles = '{}', propertySourceLocations = '{}', propertySourceProperties = '{}', contextCustomizers = set[[empty]], contextLoader = 'org.springframework.test.context.support.DelegatingSmartContextLoader', parent = [null]].
2025-02-09 08:48:22 [main] DEBUG org.springframework.test.context.support.AbstractGenericContextLoader - Loading ApplicationContext for merged context configuration [[MergedContextConfiguration@7b84fcf8 testClass = DatabaseConnectionTest, locations = '{file:src/main/webapp/WEB-INF/spring/root-context.xml}', classes = '{}', contextInitializerClasses = '[]', activeProfiles = '{}', propertySourceLocations = '{}', propertySourceProperties = '{}', contextCustomizers = set[[empty]], contextLoader = 'org.springframework.test.context.support.DelegatingSmartContextLoader', parent = [null]]].
2025-02-09 08:48:22 [main] DEBUG org.springframework.core.env.StandardEnvironment - Activating profiles []
2025-02-09 08:48:23 [main] DEBUG org.springframework.context.annotation.ClassPathBeanDefinitionScanner - Identified candidate component class: file [C:\spring\target\classes\com\example\spring\auth\AuthService.class]
2025-02-09 08:48:23 [main] DEBUG org.springframework.context.annotation.ClassPathBeanDefinitionScanner - Identified candidate component class: file [C:\spring\target\classes\com\example\spring\config\SecurityConfig.class]
2025-02-09 08:48:23 [main] DEBUG org.springframework.context.annotation.ClassPathBeanDefinitionScanner - Identified candidate component class: file [C:\spring\target\classes\com\example\spring\posts\PostsDao.class]
2025-02-09 08:48:23 [main] DEBUG org.springframework.context.annotation.ClassPathBeanDefinitionScanner - Identified candidate component class: file [C:\spring\target\classes\com\example\spring\posts\PostsService.class]
2025-02-09 08:48:23 [main] DEBUG org.springframework.context.annotation.ClassPathBeanDefinitionScanner - Identified candidate component class: file [C:\spring\target\classes\com\example\spring\users\UserDao.class]
2025-02-09 08:48:23 [main] DEBUG org.springframework.context.annotation.ClassPathBeanDefinitionScanner - Identified candidate component class: file [C:\spring\target\classes\com\example\spring\users\UserService.class]
2025-02-09 08:48:23 [main] DEBUG org.springframework.beans.factory.xml.XmlBeanDefinitionReader - Loaded 20 bean definitions from URL [file:src/main/webapp/WEB-INF/spring/root-context.xml]
2025-02-09 08:48:23 [main] DEBUG org.springframework.context.support.GenericApplicationContext - Refreshing org.springframework.context.support.GenericApplicationContext@2002348
2025-02-09 08:48:23 [main] DEBUG org.springframework.beans.factory.support.DefaultListableBeanFactory - Creating shared instance of singleton bean 'org.springframework.context.annotation.internalConfigurationAnnotationProcessor'
2025-02-09 08:48:23 [main] DEBUG org.springframework.context.annotation.ClassPathBeanDefinitionScanner - Identified candidate component class: file [C:\spring\target\classes\com\example\spring\HomeController.class]
2025-02-09 08:48:23 [main] DEBUG org.springframework.context.annotation.ClassPathBeanDefinitionScanner - Identified candidate component class: file [C:\spring\target\classes\com\example\spring\auth\AuthController.class]
2025-02-09 08:48:23 [main] DEBUG org.springframework.context.annotation.ClassPathBeanDefinitionScanner - Identified candidate component class: file [C:\spring\target\classes\com\example\spring\auth\AuthService.class]
2025-02-09 08:48:23 [main] DEBUG org.springframework.context.annotation.ClassPathBeanDefinitionScanner - Identified candidate component class: file [C:\spring\target\classes\com\example\spring\posts\PostsController.class]
2025-02-09 08:48:23 [main] DEBUG org.springframework.context.annotation.ClassPathBeanDefinitionScanner - Identified candidate component class: file [C:\spring\target\classes\com\example\spring\posts\PostsDao.class]
2025-02-09 08:48:23 [main] DEBUG org.springframework.context.annotation.ClassPathBeanDefinitionScanner - Identified candidate component class: file [C:\spring\target\classes\com\example\spring\posts\PostsService.class]
2025-02-09 08:48:23 [main] DEBUG org.springframework.context.annotation.ClassPathBeanDefinitionScanner - Identified candidate component class: file [C:\spring\target\classes\com\example\spring\users\UserController.class]
2025-02-09 08:48:23 [main] DEBUG org.springframework.context.annotation.ClassPathBeanDefinitionScanner - Identified candidate component class: file [C:\spring\target\classes\com\example\spring\users\UserDao.class]
2025-02-09 08:48:23 [main] DEBUG org.springframework.context.annotation.ClassPathBeanDefinitionScanner - Identified candidate component class: file [C:\spring\target\classes\com\example\spring\users\UserService.class]
2025-02-09 08:48:23 [main] DEBUG org.springframework.beans.factory.support.DefaultListableBeanFactory - Creating shared instance of singleton bean 'org.springframework.context.event.internalEventListenerProcessor'
2025-02-09 08:48:23 [main] DEBUG org.springframework.beans.factory.support.DefaultListableBeanFactory - Creating shared instance of singleton bean 'org.springframework.transaction.config.internalTransactionalEventListenerFactory'
2025-02-09 08:48:23 [main] DEBUG org.springframework.beans.factory.support.DefaultListableBeanFactory - Creating shared instance of singleton bean 'org.springframework.context.event.internalEventListenerFactory'
2025-02-09 08:48:23 [main] DEBUG org.springframework.beans.factory.support.DefaultListableBeanFactory - Creating shared instance of singleton bean 'org.springframework.context.annotation.internalAutowiredAnnotationProcessor'
2025-02-09 08:48:23 [main] DEBUG org.springframework.beans.factory.support.DefaultListableBeanFactory - Creating shared instance of singleton bean 'org.springframework.aop.config.internalAutoProxyCreator'
2025-02-09 08:48:23 [main] DEBUG org.springframework.beans.factory.support.DefaultListableBeanFactory - Creating shared instance of singleton bean 'dataSource'
2025-02-09 08:48:23 [main] DEBUG com.zaxxer.hikari.HikariConfig - Driver class org.mariadb.jdbc.Driver found in Thread context class loader jdk.internal.loader.ClassLoaders$AppClassLoader@6bc7c054
2025-02-09 08:48:23 [main] DEBUG org.springframework.beans.factory.support.DefaultListableBeanFactory - Creating shared instance of singleton bean 'org.springframework.transaction.config.internalTransactionAdvisor'
2025-02-09 08:48:23 [main] DEBUG org.springframework.beans.factory.support.DefaultListableBeanFactory - Creating shared instance of singleton bean 'org.springframework.transaction.annotation.AnnotationTransactionAttributeSource#0'
2025-02-09 08:48:23 [main] DEBUG org.springframework.beans.factory.support.DefaultListableBeanFactory - Creating shared instance of singleton bean 'jdbcTemplate'
2025-02-09 08:48:23 [main] DEBUG org.springframework.beans.factory.support.DefaultListableBeanFactory - Creating shared instance of singleton bean 'transactionManager'
2025-02-09 08:48:23 [main] DEBUG org.springframework.beans.factory.support.DefaultListableBeanFactory - Creating shared instance of singleton bean 'org.springframework.transaction.interceptor.TransactionInterceptor#0'
2025-02-09 08:48:23 [main] DEBUG org.springframework.beans.factory.support.DefaultListableBeanFactory - Creating shared instance of singleton bean 'sqlSessionFactory'
2025-02-09 08:48:23 [main] DEBUG org.apache.ibatis.logging.LogFactory - Logging initialized using 'class org.apache.ibatis.logging.slf4j.Slf4jImpl' adapter.
2025-02-09 08:48:23 [main] DEBUG org.mybatis.spring.SqlSessionFactoryBean - Parsed configuration file: 'class path resource [mybatis-config.xml]'
2025-02-09 08:48:23 [main] DEBUG org.mybatis.spring.SqlSessionFactoryBean - Parsed mapper file: 'file [C:\spring\target\classes\mapper\PostsMapper.xml]'
2025-02-09 08:48:23 [main] DEBUG org.mybatis.spring.SqlSessionFactoryBean - Parsed mapper file: 'file [C:\spring\target\classes\mapper\UsersMapper.xml]'
2025-02-09 08:48:23 [main] DEBUG org.springframework.beans.factory.support.DefaultListableBeanFactory - Creating shared instance of singleton bean 'sqlSession'
2025-02-09 08:48:23 [main] DEBUG org.springframework.beans.factory.support.DefaultListableBeanFactory - Creating shared instance of singleton bean 'authService'
2025-02-09 08:48:23 [main] DEBUG org.springframework.beans.factory.support.DefaultListableBeanFactory - Creating shared instance of singleton bean 'userDao'
2025-02-09 08:48:23 [main] DEBUG org.springframework.beans.factory.support.DefaultListableBeanFactory - Creating shared instance of singleton bean 'passwordEncoder'
2025-02-09 08:48:23 [main] DEBUG org.springframework.beans.factory.support.DefaultListableBeanFactory - Creating shared instance of singleton bean 'securityConfig'
2025-02-09 08:48:23 [main] DEBUG org.springframework.beans.factory.support.DefaultListableBeanFactory - Creating shared instance of singleton bean 'postsDao'
2025-02-09 08:48:23 [main] DEBUG org.springframework.beans.factory.support.DefaultListableBeanFactory - Creating shared instance of singleton bean 'postsService'
2025-02-09 08:48:23 [main] DEBUG org.springframework.beans.factory.support.DefaultListableBeanFactory - Creating shared instance of singleton bean 'userService'
2025-02-09 08:48:23 [main] DEBUG org.springframework.beans.factory.support.DefaultListableBeanFactory - Creating shared instance of singleton bean 'homeController'
2025-02-09 08:48:23 [main] DEBUG org.springframework.beans.factory.support.DefaultListableBeanFactory - Creating shared instance of singleton bean 'authController'
2025-02-09 08:48:23 [main] DEBUG org.springframework.beans.factory.support.DefaultListableBeanFactory - Creating shared instance of singleton bean 'postsController'
2025-02-09 08:48:23 [main] DEBUG org.springframework.beans.factory.support.DefaultListableBeanFactory - Creating shared instance of singleton bean 'userController'
2025-02-09 08:48:23 [main] DEBUG org.springframework.test.context.cache.DefaultCacheAwareContextLoaderDelegate - Storing ApplicationContext [33563464] in cache under key [[MergedContextConfiguration@7b84fcf8 testClass = DatabaseConnectionTest, locations = '{file:src/main/webapp/WEB-INF/spring/root-context.xml}', classes = '{}', contextInitializerClasses = '[]', activeProfiles = '{}', propertySourceLocations = '{}', propertySourceProperties = '{}', contextCustomizers = set[[empty]], contextLoader = 'org.springframework.test.context.support.DelegatingSmartContextLoader', parent = [null]]]
2025-02-09 08:48:23 [main] DEBUG org.springframework.test.context.cache - Spring test ApplicationContext cache statistics: [DefaultContextCache@3ae2ed38 size = 1, maxSize = 32, parentContextCount = 0, hitCount = 0, missCount = 1]
2025-02-09 08:48:23 [main] DEBUG org.springframework.test.context.cache.DefaultCacheAwareContextLoaderDelegate - Retrieved ApplicationContext [33563464] from cache with key [[MergedContextConfiguration@7b84fcf8 testClass = DatabaseConnectionTest, locations = '{file:src/main/webapp/WEB-INF/spring/root-context.xml}', classes = '{}', contextInitializerClasses = '[]', activeProfiles = '{}', propertySourceLocations = '{}', propertySourceProperties = '{}', contextCustomizers = set[[empty]], contextLoader = 'org.springframework.test.context.support.DelegatingSmartContextLoader', parent = [null]]]
2025-02-09 08:48:23 [main] DEBUG org.springframework.test.context.cache - Spring test ApplicationContext cache statistics: [DefaultContextCache@3ae2ed38 size = 1, maxSize = 32, parentContextCount = 0, hitCount = 1, missCount = 1]
2025-02-09 08:48:23 [main] DEBUG org.springframework.test.context.support.AbstractDirtiesContextTestExecutionListener - Before test method: context [DefaultTestContext@628c4ac0 testClass = DatabaseConnectionTest, testInstance = com.example.spring.DatabaseConnectionTest@232a7d73, testMethod = testDatabaseConnection@DatabaseConnectionTest, testException = [null], mergedContextConfiguration = [MergedContextConfiguration@7b84fcf8 testClass = DatabaseConnectionTest, locations = '{file:src/main/webapp/WEB-INF/spring/root-context.xml}', classes = '{}', contextInitializerClasses = '[]', activeProfiles = '{}', propertySourceLocations = '{}', propertySourceProperties = '{}', contextCustomizers = set[[empty]], contextLoader = 'org.springframework.test.context.support.DelegatingSmartContextLoader', parent = [null]], attributes = map['org.springframework.test.context.event.ApplicationEventsTestExecutionListener.recordApplicationEvents' -> false]], class annotated with @DirtiesContext [false] with mode [null], method annotated with @DirtiesContext [false] with mode [null].
2025-02-09 08:48:23 [main] DEBUG org.springframework.test.context.cache.DefaultCacheAwareContextLoaderDelegate - Retrieved ApplicationContext [33563464] from cache with key [[MergedContextConfiguration@7b84fcf8 testClass = DatabaseConnectionTest, locations = '{file:src/main/webapp/WEB-INF/spring/root-context.xml}', classes = '{}', contextInitializerClasses = '[]', activeProfiles = '{}', propertySourceLocations = '{}', propertySourceProperties = '{}', contextCustomizers = set[[empty]], contextLoader = 'org.springframework.test.context.support.DelegatingSmartContextLoader', parent = [null]]]
2025-02-09 08:48:23 [main] DEBUG org.springframework.test.context.cache - Spring test ApplicationContext cache statistics: [DefaultContextCache@3ae2ed38 size = 1, maxSize = 32, parentContextCount = 0, hitCount = 2, missCount = 1]
2025-02-09 08:48:23 [main] DEBUG org.springframework.test.context.cache.DefaultCacheAwareContextLoaderDelegate - Retrieved ApplicationContext [33563464] from cache with key [[MergedContextConfiguration@7b84fcf8 testClass = DatabaseConnectionTest, locations = '{file:src/main/webapp/WEB-INF/spring/root-context.xml}', classes = '{}', contextInitializerClasses = '[]', activeProfiles = '{}', propertySourceLocations = '{}', propertySourceProperties = '{}', contextCustomizers = set[[empty]], contextLoader = 'org.springframework.test.context.support.DelegatingSmartContextLoader', parent = [null]]]
2025-02-09 08:48:23 [main] DEBUG org.springframework.test.context.cache - Spring test ApplicationContext cache statistics: [DefaultContextCache@3ae2ed38 size = 1, maxSize = 32, parentContextCount = 0, hitCount = 3, missCount = 1]
2025-02-09 08:48:23 [main] DEBUG org.springframework.jdbc.core.JdbcTemplate - Executing SQL query [SELECT 1]
2025-02-09 08:48:23 [main] DEBUG org.springframework.jdbc.datasource.DataSourceUtils - Fetching JDBC Connection from DataSource
2025-02-09 08:48:23 [main] DEBUG com.zaxxer.hikari.HikariConfig - HikariPool-1 - configuration:
2025-02-09 08:48:23 [main] DEBUG com.zaxxer.hikari.HikariConfig - allowPoolSuspension................................false
2025-02-09 08:48:23 [main] DEBUG com.zaxxer.hikari.HikariConfig - autoCommit................................true
2025-02-09 08:48:23 [main] DEBUG com.zaxxer.hikari.HikariConfig - catalog................................none
2025-02-09 08:48:23 [main] DEBUG com.zaxxer.hikari.HikariConfig - connectionInitSql................................none
2025-02-09 08:48:23 [main] DEBUG com.zaxxer.hikari.HikariConfig - connectionTestQuery................................none
2025-02-09 08:48:23 [main] DEBUG com.zaxxer.hikari.HikariConfig - connectionTimeout................................30000
2025-02-09 08:48:23 [main] DEBUG com.zaxxer.hikari.HikariConfig - dataSource................................none
2025-02-09 08:48:23 [main] DEBUG com.zaxxer.hikari.HikariConfig - dataSourceClassName................................none
2025-02-09 08:48:23 [main] DEBUG com.zaxxer.hikari.HikariConfig - dataSourceJNDI................................none
2025-02-09 08:48:23 [main] DEBUG com.zaxxer.hikari.HikariConfig - dataSourceProperties................................{password=<masked>}
2025-02-09 08:48:23 [main] DEBUG com.zaxxer.hikari.HikariConfig - driverClassName................................"org.mariadb.jdbc.Driver"
2025-02-09 08:48:23 [main] DEBUG com.zaxxer.hikari.HikariConfig - exceptionOverrideClassName................................none
2025-02-09 08:48:23 [main] DEBUG com.zaxxer.hikari.HikariConfig - healthCheckProperties................................{}
2025-02-09 08:48:23 [main] DEBUG com.zaxxer.hikari.HikariConfig - healthCheckRegistry................................none
2025-02-09 08:48:23 [main] DEBUG com.zaxxer.hikari.HikariConfig - idleTimeout................................30000
2025-02-09 08:48:23 [main] DEBUG com.zaxxer.hikari.HikariConfig - initializationFailTimeout................................1
2025-02-09 08:48:23 [main] DEBUG com.zaxxer.hikari.HikariConfig - isolateInternalQueries................................false
2025-02-09 08:48:23 [main] DEBUG com.zaxxer.hikari.HikariConfig - jdbcUrl................................jdbc:mariadb://127.0.0.1:3306/spring
2025-02-09 08:48:23 [main] DEBUG com.zaxxer.hikari.HikariConfig - keepaliveTime................................0
2025-02-09 08:48:23 [main] DEBUG com.zaxxer.hikari.HikariConfig - leakDetectionThreshold................................0
2025-02-09 08:48:23 [main] DEBUG com.zaxxer.hikari.HikariConfig - maxLifetime................................1800000
2025-02-09 08:48:23 [main] DEBUG com.zaxxer.hikari.HikariConfig - maximumPoolSize................................10
2025-02-09 08:48:23 [main] DEBUG com.zaxxer.hikari.HikariConfig - metricRegistry................................none
2025-02-09 08:48:23 [main] DEBUG com.zaxxer.hikari.HikariConfig - metricsTrackerFactory................................none
2025-02-09 08:48:23 [main] DEBUG com.zaxxer.hikari.HikariConfig - minimumIdle................................5
2025-02-09 08:48:23 [main] DEBUG com.zaxxer.hikari.HikariConfig - password................................<masked>
2025-02-09 08:48:23 [main] DEBUG com.zaxxer.hikari.HikariConfig - poolName................................"HikariPool-1"
2025-02-09 08:48:23 [main] DEBUG com.zaxxer.hikari.HikariConfig - readOnly................................false
2025-02-09 08:48:23 [main] DEBUG com.zaxxer.hikari.HikariConfig - registerMbeans................................false
2025-02-09 08:48:23 [main] DEBUG com.zaxxer.hikari.HikariConfig - scheduledExecutor................................none
2025-02-09 08:48:23 [main] DEBUG com.zaxxer.hikari.HikariConfig - schema................................none
2025-02-09 08:48:23 [main] DEBUG com.zaxxer.hikari.HikariConfig - threadFactory................................internal
2025-02-09 08:48:23 [main] DEBUG com.zaxxer.hikari.HikariConfig - transactionIsolation................................default
2025-02-09 08:48:23 [main] DEBUG com.zaxxer.hikari.HikariConfig - username................................"spring"
2025-02-09 08:48:23 [main] DEBUG com.zaxxer.hikari.HikariConfig - validationTimeout................................5000
2025-02-09 08:48:23 [main] INFO  com.zaxxer.hikari.HikariDataSource - HikariPool-1 - Starting...
2025-02-09 08:48:23 [main] DEBUG com.zaxxer.hikari.pool.HikariPool - HikariPool-1 - Added connection org.mariadb.jdbc.MariaDbConnection@2dd8239
2025-02-09 08:48:23 [main] INFO  com.zaxxer.hikari.HikariDataSource - HikariPool-1 - Start completed.
2025-02-09 08:48:23 [main] DEBUG org.springframework.test.context.cache.DefaultCacheAwareContextLoaderDelegate - Retrieved ApplicationContext [33563464] from cache with key [[MergedContextConfiguration@7b84fcf8 testClass = DatabaseConnectionTest, locations = '{file:src/main/webapp/WEB-INF/spring/root-context.xml}', classes = '{}', contextInitializerClasses = '[]', activeProfiles = '{}', propertySourceLocations = '{}', propertySourceProperties = '{}', contextCustomizers = set[[empty]], contextLoader = 'org.springframework.test.context.support.DelegatingSmartContextLoader', parent = [null]]]
2025-02-09 08:48:23 [main] DEBUG org.springframework.test.context.cache - Spring test ApplicationContext cache statistics: [DefaultContextCache@3ae2ed38 size = 1, maxSize = 32, parentContextCount = 0, hitCount = 4, missCount = 1]
2025-02-09 08:48:23 [main] DEBUG org.springframework.test.context.cache.DefaultCacheAwareContextLoaderDelegate - Retrieved ApplicationContext [33563464] from cache with key [[MergedContextConfiguration@7b84fcf8 testClass = DatabaseConnectionTest, locations = '{file:src/main/webapp/WEB-INF/spring/root-context.xml}', classes = '{}', contextInitializerClasses = '[]', activeProfiles = '{}', propertySourceLocations = '{}', propertySourceProperties = '{}', contextCustomizers = set[[empty]], contextLoader = 'org.springframework.test.context.support.DelegatingSmartContextLoader', parent = [null]]]
2025-02-09 08:48:23 [main] DEBUG org.springframework.test.context.cache - Spring test ApplicationContext cache statistics: [DefaultContextCache@3ae2ed38 size = 1, maxSize = 32, parentContextCount = 0, hitCount = 5, missCount = 1]
2025-02-09 08:48:23 [main] DEBUG org.springframework.test.context.support.AbstractDirtiesContextTestExecutionListener - After test method: context [DefaultTestContext@628c4ac0 testClass = DatabaseConnectionTest, testInstance = com.example.spring.DatabaseConnectionTest@232a7d73, testMethod = testDatabaseConnection@DatabaseConnectionTest, testException = [null], mergedContextConfiguration = [MergedContextConfiguration@7b84fcf8 testClass = DatabaseConnectionTest, locations = '{file:src/main/webapp/WEB-INF/spring/root-context.xml}', classes = '{}', contextInitializerClasses = '[]', activeProfiles = '{}', propertySourceLocations = '{}', propertySourceProperties = '{}', contextCustomizers = set[[empty]], contextLoader = 'org.springframework.test.context.support.DelegatingSmartContextLoader', parent = [null]], attributes = map['org.springframework.test.context.event.ApplicationEventsTestExecutionListener.recordApplicationEvents' -> false]], class annotated with @DirtiesContext [false] with mode [null], method annotated with @DirtiesContext [false] with mode [null].
]]></system-out>
  </testcase>
</testsuite>