<?xml version="1.0" encoding="UTF-8"?>
<testsuite xmlns:xsi="http://www.w3.org/2001/XMLSchema-instance" xsi:noNamespaceSchemaLocation="https://maven.apache.org/surefire/maven-surefire-plugin/xsd/surefire-test-report-3.0.xsd" version="3.0" name="com.example.spring.DatabaseConnectionTest" time="1.707" tests="1" errors="0" skipped="0" failures="0">
  <properties>
    <property name="java.specification.version" value="21"/>
    <property name="sun.cpu.isalist" value="amd64"/>
    <property name="sun.jnu.encoding" value="MS949"/>
    <property name="java.class.path" value="C:\spring\target\test-classes;C:\spring\target\classes;C:\Users\paki0\.m2\repository\org\springframework\spring-core\5.3.39\spring-core-5.3.39.jar;C:\Users\paki0\.m2\repository\org\springframework\spring-jcl\5.3.39\spring-jcl-5.3.39.jar;C:\Users\paki0\.m2\repository\org\springframework\spring-webmvc\5.3.39\spring-webmvc-5.3.39.jar;C:\Users\paki0\.m2\repository\org\springframework\spring-aop\5.3.39\spring-aop-5.3.39.jar;C:\Users\paki0\.m2\repository\org\springframework\spring-beans\5.3.39\spring-beans-5.3.39.jar;C:\Users\paki0\.m2\repository\org\springframework\spring-expression\5.3.39\spring-expression-5.3.39.jar;C:\Users\paki0\.m2\repository\org\springframework\spring-web\5.3.39\spring-web-5.3.39.jar;C:\Users\paki0\.m2\repository\org\springframework\spring-context\5.3.39\spring-context-5.3.39.jar;C:\Users\paki0\.m2\repository\javax\servlet\javax.servlet-api\3.1.0\javax.servlet-api-3.1.0.jar;C:\Users\paki0\.m2\repository\javax\servlet\jsp\javax.servlet.jsp-api\2.3.3\javax.servlet.jsp-api-2.3.3.jar;C:\Users\paki0\.m2\repository\javax\servlet\jstl\1.2\jstl-1.2.jar;C:\Users\paki0\.m2\repository\org\slf4j\slf4j-api\1.7.36\slf4j-api-1.7.36.jar;C:\Users\paki0\.m2\repository\org\apache\logging\log4j\log4j-core\2.20.0\log4j-core-2.20.0.jar;C:\Users\paki0\.m2\repository\org\apache\logging\log4j\log4j-api\2.20.0\log4j-api-2.20.0.jar;C:\Users\paki0\.m2\repository\junit\junit\4.13.2\junit-4.13.2.jar;C:\Users\paki0\.m2\repository\org\hamcrest\hamcrest-core\1.3\hamcrest-core-1.3.jar;C:\Users\paki0\.m2\repository\org\springframework\spring-jdbc\5.3.39\spring-jdbc-5.3.39.jar;C:\Users\paki0\.m2\repository\org\springframework\spring-tx\5.3.39\spring-tx-5.3.39.jar;C:\Users\paki0\.m2\repository\org\mariadb\jdbc\mariadb-java-client\2.7.5\mariadb-java-client-2.7.5.jar;C:\Users\paki0\.m2\repository\com\zaxxer\HikariCP\4.0.3\HikariCP-4.0.3.jar;C:\Users\paki0\.m2\repository\org\springframework\spring-test\5.3.39\spring-test-5.3.39.jar;C:\Users\paki0\.m2\repository\org\projectlombok\lombok\1.18.30\lombok-1.18.30.jar;C:\Users\paki0\.m2\repository\org\mybatis\mybatis-spring\2.1.1\mybatis-spring-2.1.1.jar;C:\Users\paki0\.m2\repository\org\mybatis\mybatis\3.5.13\mybatis-3.5.13.jar;C:\Users\paki0\.m2\repository\org\springframework\security\spring-security-web\5.8.11\spring-security-web-5.8.11.jar;C:\Users\paki0\.m2\repository\org\springframework\security\spring-security-core\5.8.11\spring-security-core-5.8.11.jar;C:\Users\paki0\.m2\repository\org\springframework\security\spring-security-crypto\5.8.11\spring-security-crypto-5.8.11.jar;C:\Users\paki0\.m2\repository\org\springframework\security\spring-security-config\5.8.11\spring-security-config-5.8.11.jar;C:\Users\paki0\.m2\repository\org\springframework\security\spring-security-taglibs\5.8.11\spring-security-taglibs-5.8.11.jar;C:\Users\paki0\.m2\repository\org\springframework\security\spring-security-acl\5.8.11\spring-security-acl-5.8.11.jar;C:\Users\paki0\.m2\repository\commons-fileupload\commons-fileupload\1.4\commons-fileupload-1.4.jar;C:\Users\paki0\.m2\repository\commons-io\commons-io\2.2\commons-io-2.2.jar;C:\Users\paki0\.m2\repository\org\springframework\boot\spring-boot-starter-web\2.7.6\spring-boot-starter-web-2.7.6.jar;C:\Users\paki0\.m2\repository\org\springframework\boot\spring-boot-starter\2.7.6\spring-boot-starter-2.7.6.jar;C:\Users\paki0\.m2\repository\org\springframework\boot\spring-boot\2.7.6\spring-boot-2.7.6.jar;C:\Users\paki0\.m2\repository\org\springframework\boot\spring-boot-autoconfigure\2.7.6\spring-boot-autoconfigure-2.7.6.jar;C:\Users\paki0\.m2\repository\org\springframework\boot\spring-boot-starter-logging\2.7.6\spring-boot-starter-logging-2.7.6.jar;C:\Users\paki0\.m2\repository\ch\qos\logback\logback-classic\1.2.11\logback-classic-1.2.11.jar;C:\Users\paki0\.m2\repository\ch\qos\logback\logback-core\1.2.11\logback-core-1.2.11.jar;C:\Users\paki0\.m2\repository\org\apache\logging\log4j\log4j-to-slf4j\2.17.2\log4j-to-slf4j-2.17.2.jar;C:\Users\paki0\.m2\repository\org\slf4j\jul-to-slf4j\1.7.36\jul-to-slf4j-1.7.36.jar;C:\Users\paki0\.m2\repository\jakarta\annotation\jakarta.annotation-api\1.3.5\jakarta.annotation-api-1.3.5.jar;C:\Users\paki0\.m2\repository\org\yaml\snakeyaml\1.30\snakeyaml-1.30.jar;C:\Users\paki0\.m2\repository\org\springframework\boot\spring-boot-starter-json\2.7.6\spring-boot-starter-json-2.7.6.jar;C:\Users\paki0\.m2\repository\com\fasterxml\jackson\core\jackson-databind\2.13.4.2\jackson-databind-2.13.4.2.jar;C:\Users\paki0\.m2\repository\com\fasterxml\jackson\core\jackson-annotations\2.13.4\jackson-annotations-2.13.4.jar;C:\Users\paki0\.m2\repository\com\fasterxml\jackson\core\jackson-core\2.13.4\jackson-core-2.13.4.jar;C:\Users\paki0\.m2\repository\com\fasterxml\jackson\datatype\jackson-datatype-jdk8\2.13.4\jackson-datatype-jdk8-2.13.4.jar;C:\Users\paki0\.m2\repository\com\fasterxml\jackson\datatype\jackson-datatype-jsr310\2.13.4\jackson-datatype-jsr310-2.13.4.jar;C:\Users\paki0\.m2\repository\com\fasterxml\jackson\module\jackson-module-parameter-names\2.13.4\jackson-module-parameter-names-2.13.4.jar;C:\Users\paki0\.m2\repository\org\springframework\boot\spring-boot-starter-tomcat\2.7.6\spring-boot-starter-tomcat-2.7.6.jar;C:\Users\paki0\.m2\repository\org\apache\tomcat\embed\tomcat-embed-core\9.0.69\tomcat-embed-core-9.0.69.jar;C:\Users\paki0\.m2\repository\org\apache\tomcat\embed\tomcat-embed-el\9.0.69\tomcat-embed-el-9.0.69.jar;C:\Users\paki0\.m2\repository\org\apache\tomcat\embed\tomcat-embed-websocket\9.0.69\tomcat-embed-websocket-9.0.69.jar;"/>
    <property name="java.vm.vendor" value="Oracle Corporation"/>
    <property name="sun.arch.data.model" value="64"/>
    <property name="user.variant" value=""/>
    <property name="java.vendor.url" value="https://java.oracle.com/"/>
    <property name="user.timezone" value="Asia/Seoul"/>
    <property name="os.name" value="Windows 11"/>
    <property name="java.vm.specification.version" value="21"/>
    <property name="sun.java.launcher" value="SUN_STANDARD"/>
    <property name="user.country" value="KR"/>
    <property name="sun.boot.library.path" value="C:\Program Files\Java\jdk-21\bin"/>
    <property name="sun.java.command" value="C:\Users\paki0\AppData\Local\Temp\surefire5440349021279070639\surefirebooter-20250210184847849_3.jar C:\Users\paki0\AppData\Local\Temp\surefire5440349021279070639 2025-02-10T18-48-47_629-jvmRun1 surefire-20250210184847849_1tmp surefire_0-20250210184847849_2tmp"/>
    <property name="jdk.debug" value="release"/>
    <property name="surefire.test.class.path" value="C:\spring\target\test-classes;C:\spring\target\classes;C:\Users\paki0\.m2\repository\org\springframework\spring-core\5.3.39\spring-core-5.3.39.jar;C:\Users\paki0\.m2\repository\org\springframework\spring-jcl\5.3.39\spring-jcl-5.3.39.jar;C:\Users\paki0\.m2\repository\org\springframework\spring-webmvc\5.3.39\spring-webmvc-5.3.39.jar;C:\Users\paki0\.m2\repository\org\springframework\spring-aop\5.3.39\spring-aop-5.3.39.jar;C:\Users\paki0\.m2\repository\org\springframework\spring-beans\5.3.39\spring-beans-5.3.39.jar;C:\Users\paki0\.m2\repository\org\springframework\spring-expression\5.3.39\spring-expression-5.3.39.jar;C:\Users\paki0\.m2\repository\org\springframework\spring-web\5.3.39\spring-web-5.3.39.jar;C:\Users\paki0\.m2\repository\org\springframework\spring-context\5.3.39\spring-context-5.3.39.jar;C:\Users\paki0\.m2\repository\javax\servlet\javax.servlet-api\3.1.0\javax.servlet-api-3.1.0.jar;C:\Users\paki0\.m2\repository\javax\servlet\jsp\javax.servlet.jsp-api\2.3.3\javax.servlet.jsp-api-2.3.3.jar;C:\Users\paki0\.m2\repository\javax\servlet\jstl\1.2\jstl-1.2.jar;C:\Users\paki0\.m2\repository\org\slf4j\slf4j-api\1.7.36\slf4j-api-1.7.36.jar;C:\Users\paki0\.m2\repository\org\apache\logging\log4j\log4j-core\2.20.0\log4j-core-2.20.0.jar;C:\Users\paki0\.m2\repository\org\apache\logging\log4j\log4j-api\2.20.0\log4j-api-2.20.0.jar;C:\Users\paki0\.m2\repository\junit\junit\4.13.2\junit-4.13.2.jar;C:\Users\paki0\.m2\repository\org\hamcrest\hamcrest-core\1.3\hamcrest-core-1.3.jar;C:\Users\paki0\.m2\repository\org\springframework\spring-jdbc\5.3.39\spring-jdbc-5.3.39.jar;C:\Users\paki0\.m2\repository\org\springframework\spring-tx\5.3.39\spring-tx-5.3.39.jar;C:\Users\paki0\.m2\repository\org\mariadb\jdbc\mariadb-java-client\2.7.5\mariadb-java-client-2.7.5.jar;C:\Users\paki0\.m2\repository\com\zaxxer\HikariCP\4.0.3\HikariCP-4.0.3.jar;C:\Users\paki0\.m2\repository\org\springframework\spring-test\5.3.39\spring-test-5.3.39.jar;C:\Users\paki0\.m2\repository\org\projectlombok\lombok\1.18.30\lombok-1.18.30.jar;C:\Users\paki0\.m2\repository\org\mybatis\mybatis-spring\2.1.1\mybatis-spring-2.1.1.jar;C:\Users\paki0\.m2\repository\org\mybatis\mybatis\3.5.13\mybatis-3.5.13.jar;C:\Users\paki0\.m2\repository\org\springframework\security\spring-security-web\5.8.11\spring-security-web-5.8.11.jar;C:\Users\paki0\.m2\repository\org\springframework\security\spring-security-core\5.8.11\spring-security-core-5.8.11.jar;C:\Users\paki0\.m2\repository\org\springframework\security\spring-security-crypto\5.8.11\spring-security-crypto-5.8.11.jar;C:\Users\paki0\.m2\repository\org\springframework\security\spring-security-config\5.8.11\spring-security-config-5.8.11.jar;C:\Users\paki0\.m2\repository\org\springframework\security\spring-security-taglibs\5.8.11\spring-security-taglibs-5.8.11.jar;C:\Users\paki0\.m2\repository\org\springframework\security\spring-security-acl\5.8.11\spring-security-acl-5.8.11.jar;C:\Users\paki0\.m2\repository\commons-fileupload\commons-fileupload\1.4\commons-fileupload-1.4.jar;C:\Users\paki0\.m2\repository\commons-io\commons-io\2.2\commons-io-2.2.jar;C:\Users\paki0\.m2\repository\org\springframework\boot\spring-boot-starter-web\2.7.6\spring-boot-starter-web-2.7.6.jar;C:\Users\paki0\.m2\repository\org\springframework\boot\spring-boot-starter\2.7.6\spring-boot-starter-2.7.6.jar;C:\Users\paki0\.m2\repository\org\springframework\boot\spring-boot\2.7.6\spring-boot-2.7.6.jar;C:\Users\paki0\.m2\repository\org\springframework\boot\spring-boot-autoconfigure\2.7.6\spring-boot-autoconfigure-2.7.6.jar;C:\Users\paki0\.m2\repository\org\springframework\boot\spring-boot-starter-logging\2.7.6\spring-boot-starter-logging-2.7.6.jar;C:\Users\paki0\.m2\repository\ch\qos\logback\logback-classic\1.2.11\logback-classic-1.2.11.jar;C:\Users\paki0\.m2\repository\ch\qos\logback\logback-core\1.2.11\logback-core-1.2.11.jar;C:\Users\paki0\.m2\repository\org\apache\logging\log4j\log4j-to-slf4j\2.17.2\log4j-to-slf4j-2.17.2.jar;C:\Users\paki0\.m2\repository\org\slf4j\jul-to-slf4j\1.7.36\jul-to-slf4j-1.7.36.jar;C:\Users\paki0\.m2\repository\jakarta\annotation\jakarta.annotation-api\1.3.5\jakarta.annotation-api-1.3.5.jar;C:\Users\paki0\.m2\repository\org\yaml\snakeyaml\1.30\snakeyaml-1.30.jar;C:\Users\paki0\.m2\repository\org\springframework\boot\spring-boot-starter-json\2.7.6\spring-boot-starter-json-2.7.6.jar;C:\Users\paki0\.m2\repository\com\fasterxml\jackson\core\jackson-databind\2.13.4.2\jackson-databind-2.13.4.2.jar;C:\Users\paki0\.m2\repository\com\fasterxml\jackson\core\jackson-annotations\2.13.4\jackson-annotations-2.13.4.jar;C:\Users\paki0\.m2\repository\com\fasterxml\jackson\core\jackson-core\2.13.4\jackson-core-2.13.4.jar;C:\Users\paki0\.m2\repository\com\fasterxml\jackson\datatype\jackson-datatype-jdk8\2.13.4\jackson-datatype-jdk8-2.13.4.jar;C:\Users\paki0\.m2\repository\com\fasterxml\jackson\datatype\jackson-datatype-jsr310\2.13.4\jackson-datatype-jsr310-2.13.4.jar;C:\Users\paki0\.m2\repository\com\fasterxml\jackson\module\jackson-module-parameter-names\2.13.4\jackson-module-parameter-names-2.13.4.jar;C:\Users\paki0\.m2\repository\org\springframework\boot\spring-boot-starter-tomcat\2.7.6\spring-boot-starter-tomcat-2.7.6.jar;C:\Users\paki0\.m2\repository\org\apache\tomcat\embed\tomcat-embed-core\9.0.69\tomcat-embed-core-9.0.69.jar;C:\Users\paki0\.m2\repository\org\apache\tomcat\embed\tomcat-embed-el\9.0.69\tomcat-embed-el-9.0.69.jar;C:\Users\paki0\.m2\repository\org\apache\tomcat\embed\tomcat-embed-websocket\9.0.69\tomcat-embed-websocket-9.0.69.jar;"/>
    <property name="sun.cpu.endian" value="little"/>
    <property name="user.home" value="C:\Users\paki0"/>
    <property name="user.language" value="ko"/>
    <property name="java.specification.vendor" value="Oracle Corporation"/>
    <property name="java.version.date" value="2025-01-21"/>
    <property name="java.home" value="C:\Program Files\Java\jdk-21"/>
    <property name="file.separator" value="\"/>
    <property name="basedir" value="C:\spring"/>
    <property name="java.vm.compressedOopsMode" value="32-bit"/>
    <property name="line.separator" value="&#10;"/>
    <property name="java.vm.specification.vendor" value="Oracle Corporation"/>
    <property name="java.specification.name" value="Java Platform API Specification"/>
    <property name="surefire.real.class.path" value="C:\Users\paki0\AppData\Local\Temp\surefire5440349021279070639\surefirebooter-20250210184847849_3.jar"/>
    <property name="user.script" value=""/>
    <property name="sun.management.compiler" value="HotSpot 64-Bit Tiered Compilers"/>
    <property name="java.runtime.version" value="21.0.6+8-LTS-188"/>
    <property name="user.name" value="paki0"/>
    <property name="stdout.encoding" value="MS949"/>
    <property name="path.separator" value=";"/>
    <property name="os.version" value="10.0"/>
    <property name="java.runtime.name" value="Java(TM) SE Runtime Environment"/>
    <property name="file.encoding" value="UTF-8"/>
    <property name="java.vm.name" value="Java HotSpot(TM) 64-Bit Server VM"/>
    <property name="localRepository" value="C:\Users\paki0\.m2\repository"/>
    <property name="java.vendor.url.bug" value="https://bugreport.java.com/bugreport/"/>
    <property name="java.io.tmpdir" value="C:\Users\paki0\AppData\Local\Temp\"/>
    <property name="java.version" value="21.0.6"/>
    <property name="user.dir" value="C:\spring"/>
    <property name="os.arch" value="amd64"/>
    <property name="java.vm.specification.name" value="Java Virtual Machine Specification"/>
    <property name="sun.os.patch.level" value=""/>
    <property name="native.encoding" value="MS949"/>
    <property name="java.library.path" value="C:\Program Files\Java\jdk-21\bin;C:\WINDOWS\Sun\Java\bin;C:\WINDOWS\system32;C:\WINDOWS;C:\Program Files\Common Files\Oracle\Java\javapath;C:\Program Files (x86)\VMware\VMware Player\bin\;C:\WINDOWS\system32;C:\WINDOWS;C:\WINDOWS\System32\Wbem;C:\WINDOWS\System32\WindowsPowerShell\v1.0\;C:\WINDOWS\System32\OpenSSH\;C:\Program Files\Microsoft SQL Server\Client SDK\ODBC\170\Tools\Binn\;C:\Program Files\dotnet\;C:\Program Files\nodejs\;C:\Program Files\Git\cmd;C:\apache-maven-3.9.9\bin;C:\Program Files\MariaDB 11.5\bin;C:\apache-maven-3.9.9\bin;C:\Microsoft VS Code\bin;."/>
    <property name="java.vm.info" value="mixed mode, sharing"/>
    <property name="stderr.encoding" value="MS949"/>
    <property name="java.vendor" value="Oracle Corporation"/>
    <property name="java.vm.version" value="21.0.6+8-LTS-188"/>
    <property name="sun.io.unicode.encoding" value="UnicodeLittle"/>
    <property name="java.class.version" value="65.0"/>
  </properties>
  <testcase name="testDatabaseConnection" classname="com.example.spring.DatabaseConnectionTest" time="0.112">
    <system-out><![CDATA[18:48:48.508 [main] DEBUG org.springframework.test.context.junit4.SpringJUnit4ClassRunner - SpringJUnit4ClassRunner constructor called with [class com.example.spring.DatabaseConnectionTest]
18:48:48.515 [main] DEBUG org.springframework.test.context.BootstrapUtils - Instantiating CacheAwareContextLoaderDelegate from class [org.springframework.test.context.cache.DefaultCacheAwareContextLoaderDelegate]
18:48:48.521 [main] DEBUG org.springframework.test.context.BootstrapUtils - Instantiating BootstrapContext using constructor [public org.springframework.test.context.support.DefaultBootstrapContext(java.lang.Class,org.springframework.test.context.CacheAwareContextLoaderDelegate)]
18:48:48.546 [main] DEBUG org.springframework.test.context.BootstrapUtils - Instantiating TestContextBootstrapper for test class [com.example.spring.DatabaseConnectionTest] from class [org.springframework.test.context.web.WebTestContextBootstrapper]
18:48:48.561 [main] DEBUG org.springframework.test.context.support.AbstractDelegatingSmartContextLoader - Delegating to GenericXmlWebContextLoader to process context configuration [ContextConfigurationAttributes@1139b2f3 declaringClass = 'com.example.spring.DatabaseConnectionTest', classes = '{}', locations = '{file:src/main/webapp/WEB-INF/spring/root-context.xml}', inheritLocations = true, initializers = '{}', inheritInitializers = true, name = [null], contextLoaderClass = 'org.springframework.test.context.ContextLoader'].
18:48:48.591 [main] DEBUG org.springframework.test.context.support.ActiveProfilesUtils - Could not find an 'annotation declaring class' for annotation type [org.springframework.test.context.ActiveProfiles] and class [com.example.spring.DatabaseConnectionTest]
18:48:48.592 [main] DEBUG org.springframework.test.context.web.WebTestContextBootstrapper - @TestExecutionListeners is not present for class [com.example.spring.DatabaseConnectionTest]: using defaults.
18:48:48.593 [main] INFO org.springframework.test.context.web.WebTestContextBootstrapper - Loaded default TestExecutionListener class names from location [META-INF/spring.factories]: [org.springframework.test.context.web.ServletTestExecutionListener, org.springframework.test.context.support.DirtiesContextBeforeModesTestExecutionListener, org.springframework.test.context.event.ApplicationEventsTestExecutionListener, org.springframework.test.context.support.DependencyInjectionTestExecutionListener, org.springframework.test.context.support.DirtiesContextTestExecutionListener, org.springframework.test.context.transaction.TransactionalTestExecutionListener, org.springframework.test.context.jdbc.SqlScriptsTestExecutionListener, org.springframework.test.context.event.EventPublishingTestExecutionListener]
18:48:48.606 [main] INFO org.springframework.test.context.web.WebTestContextBootstrapper - Using TestExecutionListeners: [org.springframework.test.context.web.ServletTestExecutionListener@36fc695d, org.springframework.test.context.support.DirtiesContextBeforeModesTestExecutionListener@28701274, org.springframework.test.context.event.ApplicationEventsTestExecutionListener@13c9d689, org.springframework.test.context.support.DependencyInjectionTestExecutionListener@3754a4bf, org.springframework.test.context.support.DirtiesContextTestExecutionListener@62379589, org.springframework.test.context.transaction.TransactionalTestExecutionListener@4afcd809, org.springframework.test.context.jdbc.SqlScriptsTestExecutionListener@175c2241, org.springframework.test.context.event.EventPublishingTestExecutionListener@5bf0d49]
18:48:48.608 [main] DEBUG org.springframework.test.annotation.ProfileValueUtils - Retrieved @ProfileValueSourceConfiguration [null] for test class [com.example.spring.DatabaseConnectionTest]
18:48:48.609 [main] DEBUG org.springframework.test.annotation.ProfileValueUtils - Retrieved ProfileValueSource type [class org.springframework.test.annotation.SystemProfileValueSource] for class [com.example.spring.DatabaseConnectionTest]
18:48:48.610 [main] DEBUG org.springframework.test.annotation.ProfileValueUtils - Retrieved @ProfileValueSourceConfiguration [null] for test class [com.example.spring.DatabaseConnectionTest]
18:48:48.610 [main] DEBUG org.springframework.test.annotation.ProfileValueUtils - Retrieved ProfileValueSource type [class org.springframework.test.annotation.SystemProfileValueSource] for class [com.example.spring.DatabaseConnectionTest]
18:48:48.610 [main] DEBUG org.springframework.test.annotation.ProfileValueUtils - Retrieved @ProfileValueSourceConfiguration [null] for test class [com.example.spring.DatabaseConnectionTest]
18:48:48.611 [main] DEBUG org.springframework.test.annotation.ProfileValueUtils - Retrieved ProfileValueSource type [class org.springframework.test.annotation.SystemProfileValueSource] for class [com.example.spring.DatabaseConnectionTest]
18:48:48.612 [main] DEBUG org.springframework.test.annotation.ProfileValueUtils - Retrieved @ProfileValueSourceConfiguration [null] for test class [com.example.spring.DatabaseConnectionTest]
18:48:48.612 [main] DEBUG org.springframework.test.annotation.ProfileValueUtils - Retrieved ProfileValueSource type [class org.springframework.test.annotation.SystemProfileValueSource] for class [com.example.spring.DatabaseConnectionTest]
18:48:48.613 [main] DEBUG org.springframework.test.annotation.ProfileValueUtils - Retrieved @ProfileValueSourceConfiguration [null] for test class [com.example.spring.DatabaseConnectionTest]
18:48:48.613 [main] DEBUG org.springframework.test.annotation.ProfileValueUtils - Retrieved ProfileValueSource type [class org.springframework.test.annotation.SystemProfileValueSource] for class [com.example.spring.DatabaseConnectionTest]
18:48:48.616 [main] DEBUG org.springframework.test.context.support.AbstractDirtiesContextTestExecutionListener - Before test class: context [DefaultTestContext@217ed35e testClass = DatabaseConnectionTest, testInstance = [null], testMethod = [null], testException = [null], mergedContextConfiguration = [WebMergedContextConfiguration@7dcf94f8 testClass = DatabaseConnectionTest, locations = '{file:src/main/webapp/WEB-INF/spring/root-context.xml}', classes = '{}', contextInitializerClasses = '[]', activeProfiles = '{}', propertySourceLocations = '{}', propertySourceProperties = '{}', contextCustomizers = set[org.springframework.test.context.web.socket.MockServerContainerContextCustomizer@71809907], resourceBasePath = 'src/main/webapp', contextLoader = 'org.springframework.test.context.web.WebDelegatingSmartContextLoader', parent = [null]], attributes = map[[empty]]], class annotated with @DirtiesContext [false] with mode [null].
18:48:48.619 [main] DEBUG org.springframework.test.annotation.ProfileValueUtils - Retrieved @ProfileValueSourceConfiguration [null] for test class [com.example.spring.DatabaseConnectionTest]
18:48:48.620 [main] DEBUG org.springframework.test.annotation.ProfileValueUtils - Retrieved ProfileValueSource type [class org.springframework.test.annotation.SystemProfileValueSource] for class [com.example.spring.DatabaseConnectionTest]
18:48:48.622 [main] DEBUG org.springframework.test.context.support.AbstractDelegatingSmartContextLoader - Delegating to GenericXmlWebContextLoader to load context from [WebMergedContextConfiguration@7dcf94f8 testClass = DatabaseConnectionTest, locations = '{file:src/main/webapp/WEB-INF/spring/root-context.xml}', classes = '{}', contextInitializerClasses = '[]', activeProfiles = '{}', propertySourceLocations = '{}', propertySourceProperties = '{}', contextCustomizers = set[org.springframework.test.context.web.socket.MockServerContainerContextCustomizer@71809907], resourceBasePath = 'src/main/webapp', contextLoader = 'org.springframework.test.context.web.WebDelegatingSmartContextLoader', parent = [null]].
18:48:48.622 [main] DEBUG org.springframework.test.context.web.AbstractGenericWebContextLoader - Loading WebApplicationContext for merged context configuration [WebMergedContextConfiguration@7dcf94f8 testClass = DatabaseConnectionTest, locations = '{file:src/main/webapp/WEB-INF/spring/root-context.xml}', classes = '{}', contextInitializerClasses = '[]', activeProfiles = '{}', propertySourceLocations = '{}', propertySourceProperties = '{}', contextCustomizers = set[org.springframework.test.context.web.socket.MockServerContainerContextCustomizer@71809907], resourceBasePath = 'src/main/webapp', contextLoader = 'org.springframework.test.context.web.WebDelegatingSmartContextLoader', parent = [null]].
18:48:48.675 [main] DEBUG org.springframework.web.context.support.StandardServletEnvironment - Activating profiles []
18:48:48.889 [main] DEBUG org.springframework.context.annotation.ClassPathBeanDefinitionScanner - Identified candidate component class: file [C:\spring\target\classes\com\example\spring\auth\AuthService.class]
18:48:48.899 [main] DEBUG org.springframework.context.annotation.ClassPathBeanDefinitionScanner - Identified candidate component class: file [C:\spring\target\classes\com\example\spring\config\SecurityConfig.class]
18:48:48.902 [main] DEBUG org.springframework.context.annotation.ClassPathBeanDefinitionScanner - Identified candidate component class: file [C:\spring\target\classes\com\example\spring\posts\PostsDao.class]
18:48:48.903 [main] DEBUG org.springframework.context.annotation.ClassPathBeanDefinitionScanner - Identified candidate component class: file [C:\spring\target\classes\com\example\spring\posts\PostsService.class]
18:48:48.905 [main] DEBUG org.springframework.context.annotation.ClassPathBeanDefinitionScanner - Identified candidate component class: file [C:\spring\target\classes\com\example\spring\users\UserDao.class]
18:48:48.906 [main] DEBUG org.springframework.context.annotation.ClassPathBeanDefinitionScanner - Identified candidate component class: file [C:\spring\target\classes\com\example\spring\users\UsersService.class]
18:48:48.918 [main] DEBUG org.springframework.beans.factory.xml.XmlBeanDefinitionReader - Loaded 21 bean definitions from URL [file:src/main/webapp/WEB-INF/spring/root-context.xml]
18:48:48.919 [main] DEBUG org.springframework.web.context.support.GenericWebApplicationContext - Refreshing org.springframework.web.context.support.GenericWebApplicationContext@c0c2f8d
18:48:48.950 [main] DEBUG org.springframework.beans.factory.support.DefaultListableBeanFactory - Creating shared instance of singleton bean 'org.springframework.context.annotation.internalConfigurationAnnotationProcessor'
18:48:49.015 [main] DEBUG org.springframework.beans.factory.support.DefaultListableBeanFactory - Overriding bean definition for bean 'mvcHandlerMappingIntrospector' with a different definition: replacing [Root bean: class [null]; scope=; abstract=false; lazyInit=true; autowireMode=3; dependencyCheck=0; autowireCandidate=true; primary=false; factoryBeanName=org.springframework.web.servlet.config.annotation.DelegatingWebMvcConfiguration; factoryMethodName=mvcHandlerMappingIntrospector; initMethodName=null; destroyMethodName=(inferred); defined in class path resource [org/springframework/web/servlet/config/annotation/DelegatingWebMvcConfiguration.class]] with [Root bean: class [null]; scope=; abstract=false; lazyInit=null; autowireMode=3; dependencyCheck=0; autowireCandidate=true; primary=false; factoryBeanName=securityConfig; factoryMethodName=mvcHandlerMappingIntrospector; initMethodName=null; destroyMethodName=(inferred); defined in com.example.spring.config.SecurityConfig]
18:48:49.103 [main] DEBUG org.springframework.beans.factory.support.DefaultListableBeanFactory - Creating shared instance of singleton bean 'org.springframework.context.event.internalEventListenerProcessor'
18:48:49.104 [main] DEBUG org.springframework.beans.factory.support.DefaultListableBeanFactory - Creating shared instance of singleton bean 'conversionServicePostProcessor'
18:48:49.140 [main] DEBUG org.springframework.beans.factory.support.DefaultListableBeanFactory - Creating shared instance of singleton bean 'org.springframework.transaction.config.internalTransactionalEventListenerFactory'
18:48:49.140 [main] DEBUG org.springframework.beans.factory.support.DefaultListableBeanFactory - Creating shared instance of singleton bean 'org.springframework.context.event.internalEventListenerFactory'
18:48:49.143 [main] DEBUG org.springframework.beans.factory.support.DefaultListableBeanFactory - Creating shared instance of singleton bean 'org.springframework.context.annotation.internalAutowiredAnnotationProcessor'
18:48:49.144 [main] DEBUG org.springframework.beans.factory.support.DefaultListableBeanFactory - Creating shared instance of singleton bean 'org.springframework.context.annotation.internalCommonAnnotationProcessor'
18:48:49.148 [main] DEBUG org.springframework.beans.factory.support.DefaultListableBeanFactory - Creating shared instance of singleton bean 'org.springframework.aop.config.internalAutoProxyCreator'
18:48:49.195 [main] DEBUG org.springframework.ui.context.support.UiApplicationContextUtils - Unable to locate ThemeSource with name 'themeSource': using default [org.springframework.ui.context.support.ResourceBundleThemeSource@191ae03f]
18:48:49.196 [main] DEBUG org.springframework.beans.factory.support.DefaultListableBeanFactory - Creating shared instance of singleton bean 'dataSource'
18:48:49.215 [main] DEBUG com.zaxxer.hikari.HikariConfig - Driver class org.mariadb.jdbc.Driver found in Thread context class loader jdk.internal.loader.ClassLoaders$AppClassLoader@6bc7c054
18:48:49.220 [main] DEBUG org.springframework.beans.factory.support.DefaultListableBeanFactory - Creating shared instance of singleton bean 'org.springframework.transaction.config.internalTransactionAdvisor'
18:48:49.221 [main] DEBUG org.springframework.beans.factory.support.DefaultListableBeanFactory - Creating shared instance of singleton bean 'org.springframework.transaction.annotation.AnnotationTransactionAttributeSource#0'
18:48:49.232 [main] DEBUG org.springframework.beans.factory.support.DefaultListableBeanFactory - Creating shared instance of singleton bean 'jdbcTemplate'
18:48:49.258 [main] DEBUG org.springframework.beans.factory.support.DefaultListableBeanFactory - Creating shared instance of singleton bean 'transactionManager'
18:48:49.266 [main] DEBUG org.springframework.beans.factory.support.DefaultListableBeanFactory - Creating shared instance of singleton bean 'org.springframework.transaction.interceptor.TransactionInterceptor#0'
18:48:49.272 [main] DEBUG org.springframework.beans.factory.support.DefaultListableBeanFactory - Creating shared instance of singleton bean 'sqlSessionFactory'
18:48:49.287 [main] DEBUG org.apache.ibatis.logging.LogFactory - Logging initialized using 'class org.apache.ibatis.logging.slf4j.Slf4jImpl' adapter.
18:48:49.372 [main] DEBUG org.mybatis.spring.SqlSessionFactoryBean - Parsed configuration file: 'class path resource [mybatis-config.xml]'
18:48:49.420 [main] DEBUG org.mybatis.spring.SqlSessionFactoryBean - Parsed mapper file: 'file [C:\spring\target\classes\mapper\PostsMapper.xml]'
18:48:49.432 [main] DEBUG org.mybatis.spring.SqlSessionFactoryBean - Parsed mapper file: 'file [C:\spring\target\classes\mapper\UsersMapper.xml]'
18:48:49.435 [main] DEBUG org.springframework.beans.factory.support.DefaultListableBeanFactory - Creating shared instance of singleton bean 'sqlSession'
18:48:49.449 [main] DEBUG org.springframework.beans.factory.support.DefaultListableBeanFactory - Creating shared instance of singleton bean 'authService'
18:48:49.454 [main] DEBUG org.springframework.beans.factory.support.DefaultListableBeanFactory - Creating shared instance of singleton bean 'userDao'
18:48:49.459 [main] DEBUG org.springframework.beans.factory.support.DefaultListableBeanFactory - Creating shared instance of singleton bean 'passwordEncoder'
18:48:49.460 [main] DEBUG org.springframework.beans.factory.support.DefaultListableBeanFactory - Creating shared instance of singleton bean 'securityConfig'
18:48:49.474 [main] DEBUG org.springframework.beans.factory.support.DefaultListableBeanFactory - Creating shared instance of singleton bean 'postsDao'
18:48:49.475 [main] DEBUG org.springframework.beans.factory.support.DefaultListableBeanFactory - Creating shared instance of singleton bean 'postsService'
18:48:49.476 [main] DEBUG org.springframework.beans.factory.support.DefaultListableBeanFactory - Creating shared instance of singleton bean 'usersService'
18:48:49.476 [main] DEBUG org.springframework.beans.factory.support.DefaultListableBeanFactory - Creating shared instance of singleton bean 'org.springframework.security.config.annotation.configuration.ObjectPostProcessorConfiguration'
18:48:49.477 [main] DEBUG org.springframework.beans.factory.support.DefaultListableBeanFactory - Creating shared instance of singleton bean 'objectPostProcessor'
18:48:49.477 [main] DEBUG org.springframework.beans.factory.support.DefaultListableBeanFactory - Autowiring by type from bean name 'objectPostProcessor' via factory method to bean named 'org.springframework.beans.factory.support.DefaultListableBeanFactory@36a5cabc'
18:48:49.478 [main] DEBUG org.springframework.beans.factory.support.DefaultListableBeanFactory - Creating shared instance of singleton bean 'org.springframework.security.config.annotation.authentication.configuration.AuthenticationConfiguration'
18:48:49.482 [main] DEBUG org.springframework.beans.factory.support.DefaultListableBeanFactory - Creating shared instance of singleton bean 'enableGlobalAuthenticationAutowiredConfigurer'
18:48:49.483 [main] DEBUG org.springframework.beans.factory.support.DefaultListableBeanFactory - Autowiring by type from bean name 'enableGlobalAuthenticationAutowiredConfigurer' via factory method to bean named 'org.springframework.web.context.support.GenericWebApplicationContext@c0c2f8d'
18:48:49.487 [main] DEBUG org.springframework.beans.factory.support.DefaultListableBeanFactory - Creating shared instance of singleton bean 'initializeUserDetailsBeanManagerConfigurer'
18:48:49.487 [main] DEBUG org.springframework.beans.factory.support.DefaultListableBeanFactory - Autowiring by type from bean name 'initializeUserDetailsBeanManagerConfigurer' via factory method to bean named 'org.springframework.web.context.support.GenericWebApplicationContext@c0c2f8d'
18:48:49.488 [main] DEBUG org.springframework.beans.factory.support.DefaultListableBeanFactory - Creating shared instance of singleton bean 'initializeAuthenticationProviderBeanManagerConfigurer'
18:48:49.488 [main] DEBUG org.springframework.beans.factory.support.DefaultListableBeanFactory - Autowiring by type from bean name 'initializeAuthenticationProviderBeanManagerConfigurer' via factory method to bean named 'org.springframework.web.context.support.GenericWebApplicationContext@c0c2f8d'
18:48:49.492 [main] DEBUG org.springframework.beans.factory.support.DefaultListableBeanFactory - Creating shared instance of singleton bean 'authenticationManagerBuilder'
18:48:49.492 [main] DEBUG org.springframework.beans.factory.support.DefaultListableBeanFactory - Autowiring by type from bean name 'authenticationManagerBuilder' via factory method to bean named 'objectPostProcessor'
18:48:49.492 [main] DEBUG org.springframework.beans.factory.support.DefaultListableBeanFactory - Autowiring by type from bean name 'authenticationManagerBuilder' via factory method to bean named 'org.springframework.web.context.support.GenericWebApplicationContext@c0c2f8d'
18:48:49.506 [main] DEBUG org.springframework.beans.factory.support.DefaultListableBeanFactory - Creating shared instance of singleton bean 'org.springframework.security.config.annotation.web.configuration.WebSecurityConfiguration'
18:48:49.521 [main] DEBUG org.springframework.beans.factory.support.DefaultListableBeanFactory - Creating shared instance of singleton bean 'securityFilterChain'
18:48:49.522 [main] DEBUG org.springframework.beans.factory.support.DefaultListableBeanFactory - Creating shared instance of singleton bean 'org.springframework.security.config.annotation.web.configuration.HttpSecurityConfiguration'
18:48:49.527 [main] DEBUG org.springframework.beans.factory.support.DefaultListableBeanFactory - Creating shared instance of singleton bean 'mvcContentNegotiationManager'
18:48:49.527 [main] DEBUG org.springframework.beans.factory.support.DefaultListableBeanFactory - Creating shared instance of singleton bean 'org.springframework.web.servlet.config.annotation.DelegatingWebMvcConfiguration'
18:48:49.536 [main] DEBUG org.springframework.beans.factory.support.DefaultListableBeanFactory - Creating shared instance of singleton bean 'org.springframework.security.config.annotation.web.configuration.WebMvcSecurityConfiguration'
18:48:49.552 [main] DEBUG org.springframework.security.config.annotation.authentication.configuration.AuthenticationConfiguration$DefaultPasswordEncoderAuthenticationManagerBuilder - No authenticationProviders and no parentAuthenticationManager defined. Returning null.
18:48:49.598 [main] DEBUG org.springframework.beans.factory.support.DefaultListableBeanFactory - Autowiring by type from bean name 'securityFilterChain' via factory method to bean named 'org.springframework.security.config.annotation.web.configuration.HttpSecurityConfiguration.httpSecurity'
18:48:49.603 [main] DEBUG org.springframework.beans.factory.support.DefaultListableBeanFactory - Creating shared instance of singleton bean 'mvcHandlerMappingIntrospector'
18:48:49.605 [main] DEBUG org.springframework.beans.factory.support.DefaultListableBeanFactory - Creating shared instance of singleton bean 'requestMappingHandlerMapping'
18:48:49.608 [main] DEBUG org.springframework.beans.factory.support.DefaultListableBeanFactory - Creating shared instance of singleton bean 'mvcConversionService'
18:48:49.636 [main] DEBUG org.springframework.beans.factory.support.DefaultListableBeanFactory - Creating shared instance of singleton bean 'mvcResourceUrlProvider'
18:48:49.642 [main] DEBUG org.springframework.beans.factory.support.DefaultListableBeanFactory - Autowiring by type from bean name 'requestMappingHandlerMapping' via factory method to bean named 'mvcContentNegotiationManager'
18:48:49.642 [main] DEBUG org.springframework.beans.factory.support.DefaultListableBeanFactory - Autowiring by type from bean name 'requestMappingHandlerMapping' via factory method to bean named 'mvcConversionService'
18:48:49.642 [main] DEBUG org.springframework.beans.factory.support.DefaultListableBeanFactory - Autowiring by type from bean name 'requestMappingHandlerMapping' via factory method to bean named 'mvcResourceUrlProvider'
18:48:49.661 [main] DEBUG org.springframework.beans.factory.support.DefaultListableBeanFactory - Creating shared instance of singleton bean 'viewControllerHandlerMapping'
18:48:49.661 [main] DEBUG org.springframework.beans.factory.support.DefaultListableBeanFactory - Autowiring by type from bean name 'viewControllerHandlerMapping' via factory method to bean named 'mvcConversionService'
18:48:49.661 [main] DEBUG org.springframework.beans.factory.support.DefaultListableBeanFactory - Autowiring by type from bean name 'viewControllerHandlerMapping' via factory method to bean named 'mvcResourceUrlProvider'
18:48:49.662 [main] DEBUG org.springframework.beans.factory.support.DefaultListableBeanFactory - Creating shared instance of singleton bean 'beanNameHandlerMapping'
18:48:49.663 [main] DEBUG org.springframework.beans.factory.support.DefaultListableBeanFactory - Autowiring by type from bean name 'beanNameHandlerMapping' via factory method to bean named 'mvcConversionService'
18:48:49.663 [main] DEBUG org.springframework.beans.factory.support.DefaultListableBeanFactory - Autowiring by type from bean name 'beanNameHandlerMapping' via factory method to bean named 'mvcResourceUrlProvider'
18:48:49.664 [main] DEBUG _org.springframework.web.servlet.HandlerMapping.Mappings - 'beanNameHandlerMapping' {}
18:48:49.665 [main] DEBUG org.springframework.beans.factory.support.DefaultListableBeanFactory - Creating shared instance of singleton bean 'routerFunctionMapping'
18:48:49.665 [main] DEBUG org.springframework.beans.factory.support.DefaultListableBeanFactory - Autowiring by type from bean name 'routerFunctionMapping' via factory method to bean named 'mvcConversionService'
18:48:49.665 [main] DEBUG org.springframework.beans.factory.support.DefaultListableBeanFactory - Autowiring by type from bean name 'routerFunctionMapping' via factory method to bean named 'mvcResourceUrlProvider'
18:48:49.809 [main] DEBUG org.springframework.beans.factory.support.DefaultListableBeanFactory - Creating shared instance of singleton bean 'resourceHandlerMapping'
18:48:49.809 [main] DEBUG org.springframework.beans.factory.support.DefaultListableBeanFactory - Autowiring by type from bean name 'resourceHandlerMapping' via factory method to bean named 'mvcContentNegotiationManager'
18:48:49.809 [main] DEBUG org.springframework.beans.factory.support.DefaultListableBeanFactory - Autowiring by type from bean name 'resourceHandlerMapping' via factory method to bean named 'mvcConversionService'
18:48:49.809 [main] DEBUG org.springframework.beans.factory.support.DefaultListableBeanFactory - Autowiring by type from bean name 'resourceHandlerMapping' via factory method to bean named 'mvcResourceUrlProvider'
18:48:49.810 [main] DEBUG org.springframework.beans.factory.support.DefaultListableBeanFactory - Creating shared instance of singleton bean 'defaultServletHandlerMapping'
18:48:49.871 [main] INFO org.springframework.security.web.DefaultSecurityFilterChain - Will secure any request with [org.springframework.security.web.session.DisableEncodeUrlFilter@2241f05b, org.springframework.security.web.context.request.async.WebAsyncManagerIntegrationFilter@761956ac, org.springframework.security.web.context.SecurityContextPersistenceFilter@6850b758, org.springframework.security.web.header.HeaderWriterFilter@9fc9f91, org.springframework.security.web.csrf.CsrfFilter@49ede9c7, org.springframework.security.web.authentication.logout.LogoutFilter@4beabeec, org.springframework.security.web.authentication.UsernamePasswordAuthenticationFilter@2dd2e270, org.springframework.security.web.savedrequest.RequestCacheAwareFilter@704641e3, org.springframework.security.web.servletapi.SecurityContextHolderAwareRequestFilter@5d7ca698, org.springframework.security.web.authentication.AnonymousAuthenticationFilter@71978f46, org.springframework.security.web.session.SessionManagementFilter@108a46d6, org.springframework.security.web.access.ExceptionTranslationFilter@23a5818e, org.springframework.security.web.access.intercept.AuthorizationFilter@68880c21]
18:48:49.873 [main] DEBUG org.springframework.beans.factory.support.DefaultListableBeanFactory - Creating shared instance of singleton bean 'delegatingApplicationListener'
18:48:49.874 [main] DEBUG org.springframework.beans.factory.support.DefaultListableBeanFactory - Creating shared instance of singleton bean 'springSecurityFilterChain'
18:48:49.880 [main] DEBUG org.springframework.beans.factory.support.DefaultListableBeanFactory - Creating shared instance of singleton bean 'webSecurityExpressionHandler'
18:48:49.881 [main] DEBUG org.springframework.beans.factory.support.DefaultListableBeanFactory - Creating shared instance of singleton bean 'privilegeEvaluator'
18:48:49.881 [main] DEBUG org.springframework.beans.factory.support.DefaultListableBeanFactory - Creating shared instance of singleton bean 'requestDataValueProcessor'
18:48:49.882 [main] DEBUG org.springframework.beans.factory.support.DefaultListableBeanFactory - Creating shared instance of singleton bean 'mvcPatternParser'
18:48:49.883 [main] DEBUG org.springframework.beans.factory.support.DefaultListableBeanFactory - Creating shared instance of singleton bean 'mvcUrlPathHelper'
18:48:49.884 [main] DEBUG org.springframework.beans.factory.support.DefaultListableBeanFactory - Creating shared instance of singleton bean 'mvcPathMatcher'
18:48:49.885 [main] DEBUG org.springframework.beans.factory.support.DefaultListableBeanFactory - Creating shared instance of singleton bean 'requestMappingHandlerAdapter'
18:48:49.886 [main] DEBUG org.springframework.beans.factory.support.DefaultListableBeanFactory - Creating shared instance of singleton bean 'mvcValidator'
18:48:49.887 [main] DEBUG org.springframework.beans.factory.support.DefaultListableBeanFactory - Autowiring by type from bean name 'requestMappingHandlerAdapter' via factory method to bean named 'mvcContentNegotiationManager'
18:48:49.887 [main] DEBUG org.springframework.beans.factory.support.DefaultListableBeanFactory - Autowiring by type from bean name 'requestMappingHandlerAdapter' via factory method to bean named 'mvcConversionService'
18:48:49.887 [main] DEBUG org.springframework.beans.factory.support.DefaultListableBeanFactory - Autowiring by type from bean name 'requestMappingHandlerAdapter' via factory method to bean named 'mvcValidator'
18:48:49.914 [main] DEBUG org.springframework.web.servlet.mvc.method.annotation.RequestMappingHandlerAdapter - ControllerAdvice beans: 0 @ModelAttribute, 0 @InitBinder, 1 RequestBodyAdvice, 1 ResponseBodyAdvice
18:48:49.934 [main] DEBUG org.springframework.beans.factory.support.DefaultListableBeanFactory - Creating shared instance of singleton bean 'handlerFunctionAdapter'
18:48:49.936 [main] DEBUG org.springframework.beans.factory.support.DefaultListableBeanFactory - Creating shared instance of singleton bean 'mvcUriComponentsContributor'
18:48:49.937 [main] DEBUG org.springframework.beans.factory.support.DefaultListableBeanFactory - Autowiring by type from bean name 'mvcUriComponentsContributor' via factory method to bean named 'mvcConversionService'
18:48:49.937 [main] DEBUG org.springframework.beans.factory.support.DefaultListableBeanFactory - Autowiring by type from bean name 'mvcUriComponentsContributor' via factory method to bean named 'requestMappingHandlerAdapter'
18:48:49.939 [main] DEBUG org.springframework.beans.factory.support.DefaultListableBeanFactory - Creating shared instance of singleton bean 'httpRequestHandlerAdapter'
18:48:49.940 [main] DEBUG org.springframework.beans.factory.support.DefaultListableBeanFactory - Creating shared instance of singleton bean 'simpleControllerHandlerAdapter'
18:48:49.940 [main] DEBUG org.springframework.beans.factory.support.DefaultListableBeanFactory - Creating shared instance of singleton bean 'handlerExceptionResolver'
18:48:49.940 [main] DEBUG org.springframework.beans.factory.support.DefaultListableBeanFactory - Autowiring by type from bean name 'handlerExceptionResolver' via factory method to bean named 'mvcContentNegotiationManager'
18:48:49.942 [main] DEBUG org.springframework.web.servlet.mvc.method.annotation.ExceptionHandlerExceptionResolver - ControllerAdvice beans: 0 @ExceptionHandler, 1 ResponseBodyAdvice
18:48:49.944 [main] DEBUG org.springframework.beans.factory.support.DefaultListableBeanFactory - Creating shared instance of singleton bean 'mvcViewResolver'
18:48:49.944 [main] DEBUG org.springframework.beans.factory.support.DefaultListableBeanFactory - Autowiring by type from bean name 'mvcViewResolver' via factory method to bean named 'mvcContentNegotiationManager'
18:48:49.950 [main] DEBUG org.springframework.beans.factory.support.DefaultListableBeanFactory - Creating shared instance of singleton bean 'localeResolver'
18:48:49.951 [main] DEBUG org.springframework.beans.factory.support.DefaultListableBeanFactory - Creating shared instance of singleton bean 'themeResolver'
18:48:49.953 [main] DEBUG org.springframework.beans.factory.support.DefaultListableBeanFactory - Creating shared instance of singleton bean 'flashMapManager'
18:48:49.955 [main] DEBUG org.springframework.beans.factory.support.DefaultListableBeanFactory - Creating shared instance of singleton bean 'viewNameTranslator'
18:48:49.963 [main] DEBUG org.springframework.test.context.cache.DefaultCacheAwareContextLoaderDelegate - Storing ApplicationContext [202125197] in cache under key [[WebMergedContextConfiguration@7dcf94f8 testClass = DatabaseConnectionTest, locations = '{file:src/main/webapp/WEB-INF/spring/root-context.xml}', classes = '{}', contextInitializerClasses = '[]', activeProfiles = '{}', propertySourceLocations = '{}', propertySourceProperties = '{}', contextCustomizers = set[org.springframework.test.context.web.socket.MockServerContainerContextCustomizer@71809907], resourceBasePath = 'src/main/webapp', contextLoader = 'org.springframework.test.context.web.WebDelegatingSmartContextLoader', parent = [null]]]
18:48:49.963 [main] DEBUG org.springframework.test.context.cache - Spring test ApplicationContext cache statistics: [DefaultContextCache@6f911326 size = 1, maxSize = 32, parentContextCount = 0, hitCount = 0, missCount = 1]
18:48:49.964 [main] DEBUG org.springframework.test.context.web.ServletTestExecutionListener - Setting up MockHttpServletRequest, MockHttpServletResponse, ServletWebRequest, and RequestContextHolder for test context [DefaultTestContext@217ed35e testClass = DatabaseConnectionTest, testInstance = com.example.spring.DatabaseConnectionTest@48b4a043, testMethod = [null], testException = [null], mergedContextConfiguration = [WebMergedContextConfiguration@7dcf94f8 testClass = DatabaseConnectionTest, locations = '{file:src/main/webapp/WEB-INF/spring/root-context.xml}', classes = '{}', contextInitializerClasses = '[]', activeProfiles = '{}', propertySourceLocations = '{}', propertySourceProperties = '{}', contextCustomizers = set[org.springframework.test.context.web.socket.MockServerContainerContextCustomizer@71809907], resourceBasePath = 'src/main/webapp', contextLoader = 'org.springframework.test.context.web.WebDelegatingSmartContextLoader', parent = [null]], attributes = map[[empty]]].
18:48:49.976 [main] DEBUG org.springframework.test.context.support.DependencyInjectionTestExecutionListener - Performing dependency injection for test context [[DefaultTestContext@217ed35e testClass = DatabaseConnectionTest, testInstance = com.example.spring.DatabaseConnectionTest@48b4a043, testMethod = [null], testException = [null], mergedContextConfiguration = [WebMergedContextConfiguration@7dcf94f8 testClass = DatabaseConnectionTest, locations = '{file:src/main/webapp/WEB-INF/spring/root-context.xml}', classes = '{}', contextInitializerClasses = '[]', activeProfiles = '{}', propertySourceLocations = '{}', propertySourceProperties = '{}', contextCustomizers = set[org.springframework.test.context.web.socket.MockServerContainerContextCustomizer@71809907], resourceBasePath = 'src/main/webapp', contextLoader = 'org.springframework.test.context.web.WebDelegatingSmartContextLoader', parent = [null]], attributes = map['org.springframework.test.context.web.ServletTestExecutionListener.populatedRequestContextHolder' -> true, 'org.springframework.test.context.web.ServletTestExecutionListener.resetRequestContextHolder' -> true, 'org.springframework.test.context.event.ApplicationEventsTestExecutionListener.recordApplicationEvents' -> false]]].
18:48:49.977 [main] DEBUG org.springframework.test.context.cache.DefaultCacheAwareContextLoaderDelegate - Retrieved ApplicationContext [202125197] from cache with key [[WebMergedContextConfiguration@7dcf94f8 testClass = DatabaseConnectionTest, locations = '{file:src/main/webapp/WEB-INF/spring/root-context.xml}', classes = '{}', contextInitializerClasses = '[]', activeProfiles = '{}', propertySourceLocations = '{}', propertySourceProperties = '{}', contextCustomizers = set[org.springframework.test.context.web.socket.MockServerContainerContextCustomizer@71809907], resourceBasePath = 'src/main/webapp', contextLoader = 'org.springframework.test.context.web.WebDelegatingSmartContextLoader', parent = [null]]]
18:48:49.977 [main] DEBUG org.springframework.test.context.cache - Spring test ApplicationContext cache statistics: [DefaultContextCache@6f911326 size = 1, maxSize = 32, parentContextCount = 0, hitCount = 1, missCount = 1]
18:48:49.978 [main] DEBUG org.springframework.test.context.cache.DefaultCacheAwareContextLoaderDelegate - Retrieved ApplicationContext [202125197] from cache with key [[WebMergedContextConfiguration@7dcf94f8 testClass = DatabaseConnectionTest, locations = '{file:src/main/webapp/WEB-INF/spring/root-context.xml}', classes = '{}', contextInitializerClasses = '[]', activeProfiles = '{}', propertySourceLocations = '{}', propertySourceProperties = '{}', contextCustomizers = set[org.springframework.test.context.web.socket.MockServerContainerContextCustomizer@71809907], resourceBasePath = 'src/main/webapp', contextLoader = 'org.springframework.test.context.web.WebDelegatingSmartContextLoader', parent = [null]]]
18:48:49.978 [main] DEBUG org.springframework.test.context.cache - Spring test ApplicationContext cache statistics: [DefaultContextCache@6f911326 size = 1, maxSize = 32, parentContextCount = 0, hitCount = 2, missCount = 1]
18:48:49.982 [main] DEBUG org.springframework.test.context.support.AbstractDirtiesContextTestExecutionListener - Before test method: context [DefaultTestContext@217ed35e testClass = DatabaseConnectionTest, testInstance = com.example.spring.DatabaseConnectionTest@48b4a043, testMethod = testDatabaseConnection@DatabaseConnectionTest, testException = [null], mergedContextConfiguration = [WebMergedContextConfiguration@7dcf94f8 testClass = DatabaseConnectionTest, locations = '{file:src/main/webapp/WEB-INF/spring/root-context.xml}', classes = '{}', contextInitializerClasses = '[]', activeProfiles = '{}', propertySourceLocations = '{}', propertySourceProperties = '{}', contextCustomizers = set[org.springframework.test.context.web.socket.MockServerContainerContextCustomizer@71809907], resourceBasePath = 'src/main/webapp', contextLoader = 'org.springframework.test.context.web.WebDelegatingSmartContextLoader', parent = [null]], attributes = map['org.springframework.test.context.web.ServletTestExecutionListener.populatedRequestContextHolder' -> true, 'org.springframework.test.context.web.ServletTestExecutionListener.resetRequestContextHolder' -> true, 'org.springframework.test.context.event.ApplicationEventsTestExecutionListener.recordApplicationEvents' -> false]], class annotated with @DirtiesContext [false] with mode [null], method annotated with @DirtiesContext [false] with mode [null].
18:48:49.990 [main] DEBUG org.springframework.test.context.cache.DefaultCacheAwareContextLoaderDelegate - Retrieved ApplicationContext [202125197] from cache with key [[WebMergedContextConfiguration@7dcf94f8 testClass = DatabaseConnectionTest, locations = '{file:src/main/webapp/WEB-INF/spring/root-context.xml}', classes = '{}', contextInitializerClasses = '[]', activeProfiles = '{}', propertySourceLocations = '{}', propertySourceProperties = '{}', contextCustomizers = set[org.springframework.test.context.web.socket.MockServerContainerContextCustomizer@71809907], resourceBasePath = 'src/main/webapp', contextLoader = 'org.springframework.test.context.web.WebDelegatingSmartContextLoader', parent = [null]]]
18:48:49.990 [main] DEBUG org.springframework.test.context.cache - Spring test ApplicationContext cache statistics: [DefaultContextCache@6f911326 size = 1, maxSize = 32, parentContextCount = 0, hitCount = 3, missCount = 1]
18:48:49.990 [main] DEBUG org.springframework.test.context.cache.DefaultCacheAwareContextLoaderDelegate - Retrieved ApplicationContext [202125197] from cache with key [[WebMergedContextConfiguration@7dcf94f8 testClass = DatabaseConnectionTest, locations = '{file:src/main/webapp/WEB-INF/spring/root-context.xml}', classes = '{}', contextInitializerClasses = '[]', activeProfiles = '{}', propertySourceLocations = '{}', propertySourceProperties = '{}', contextCustomizers = set[org.springframework.test.context.web.socket.MockServerContainerContextCustomizer@71809907], resourceBasePath = 'src/main/webapp', contextLoader = 'org.springframework.test.context.web.WebDelegatingSmartContextLoader', parent = [null]]]
18:48:49.991 [main] DEBUG org.springframework.test.context.cache - Spring test ApplicationContext cache statistics: [DefaultContextCache@6f911326 size = 1, maxSize = 32, parentContextCount = 0, hitCount = 4, missCount = 1]
18:48:49.994 [main] DEBUG org.springframework.jdbc.core.JdbcTemplate - Executing SQL query [SELECT 1]
18:48:49.997 [main] DEBUG org.springframework.jdbc.datasource.DataSourceUtils - Fetching JDBC Connection from DataSource
18:48:49.997 [main] DEBUG com.zaxxer.hikari.HikariConfig - HikariPool-1 - configuration:
18:48:50.000 [main] DEBUG com.zaxxer.hikari.HikariConfig - allowPoolSuspension................................false
18:48:50.000 [main] DEBUG com.zaxxer.hikari.HikariConfig - autoCommit................................true
18:48:50.000 [main] DEBUG com.zaxxer.hikari.HikariConfig - catalog................................none
18:48:50.000 [main] DEBUG com.zaxxer.hikari.HikariConfig - connectionInitSql................................none
18:48:50.001 [main] DEBUG com.zaxxer.hikari.HikariConfig - connectionTestQuery................................none
18:48:50.002 [main] DEBUG com.zaxxer.hikari.HikariConfig - connectionTimeout................................30000
18:48:50.002 [main] DEBUG com.zaxxer.hikari.HikariConfig - dataSource................................none
18:48:50.002 [main] DEBUG com.zaxxer.hikari.HikariConfig - dataSourceClassName................................none
18:48:50.002 [main] DEBUG com.zaxxer.hikari.HikariConfig - dataSourceJNDI................................none
18:48:50.003 [main] DEBUG com.zaxxer.hikari.HikariConfig - dataSourceProperties................................{password=<masked>}
18:48:50.003 [main] DEBUG com.zaxxer.hikari.HikariConfig - driverClassName................................"org.mariadb.jdbc.Driver"
18:48:50.003 [main] DEBUG com.zaxxer.hikari.HikariConfig - exceptionOverrideClassName................................none
18:48:50.003 [main] DEBUG com.zaxxer.hikari.HikariConfig - healthCheckProperties................................{}
18:48:50.003 [main] DEBUG com.zaxxer.hikari.HikariConfig - healthCheckRegistry................................none
18:48:50.003 [main] DEBUG com.zaxxer.hikari.HikariConfig - idleTimeout................................30000
18:48:50.003 [main] DEBUG com.zaxxer.hikari.HikariConfig - initializationFailTimeout................................1
18:48:50.004 [main] DEBUG com.zaxxer.hikari.HikariConfig - isolateInternalQueries................................false
18:48:50.004 [main] DEBUG com.zaxxer.hikari.HikariConfig - jdbcUrl................................jdbc:mariadb://127.0.0.1:3306/spring
18:48:50.004 [main] DEBUG com.zaxxer.hikari.HikariConfig - keepaliveTime................................0
18:48:50.004 [main] DEBUG com.zaxxer.hikari.HikariConfig - leakDetectionThreshold................................0
18:48:50.004 [main] DEBUG com.zaxxer.hikari.HikariConfig - maxLifetime................................1800000
18:48:50.004 [main] DEBUG com.zaxxer.hikari.HikariConfig - maximumPoolSize................................10
18:48:50.005 [main] DEBUG com.zaxxer.hikari.HikariConfig - metricRegistry................................none
18:48:50.005 [main] DEBUG com.zaxxer.hikari.HikariConfig - metricsTrackerFactory................................none
18:48:50.005 [main] DEBUG com.zaxxer.hikari.HikariConfig - minimumIdle................................5
18:48:50.005 [main] DEBUG com.zaxxer.hikari.HikariConfig - password................................<masked>
18:48:50.005 [main] DEBUG com.zaxxer.hikari.HikariConfig - poolName................................"HikariPool-1"
18:48:50.005 [main] DEBUG com.zaxxer.hikari.HikariConfig - readOnly................................false
18:48:50.005 [main] DEBUG com.zaxxer.hikari.HikariConfig - registerMbeans................................false
18:48:50.005 [main] DEBUG com.zaxxer.hikari.HikariConfig - scheduledExecutor................................none
18:48:50.005 [main] DEBUG com.zaxxer.hikari.HikariConfig - schema................................none
18:48:50.005 [main] DEBUG com.zaxxer.hikari.HikariConfig - threadFactory................................internal
18:48:50.005 [main] DEBUG com.zaxxer.hikari.HikariConfig - transactionIsolation................................default
18:48:50.006 [main] DEBUG com.zaxxer.hikari.HikariConfig - username................................"spring"
18:48:50.006 [main] DEBUG com.zaxxer.hikari.HikariConfig - validationTimeout................................5000
18:48:50.006 [main] INFO com.zaxxer.hikari.HikariDataSource - HikariPool-1 - Starting...
18:48:50.079 [main] DEBUG com.zaxxer.hikari.pool.HikariPool - HikariPool-1 - Added connection org.mariadb.jdbc.MariaDbConnection@77114efe
18:48:50.080 [main] INFO com.zaxxer.hikari.HikariDataSource - HikariPool-1 - Start completed.
18:48:50.093 [main] DEBUG org.springframework.test.context.cache.DefaultCacheAwareContextLoaderDelegate - Retrieved ApplicationContext [202125197] from cache with key [[WebMergedContextConfiguration@7dcf94f8 testClass = DatabaseConnectionTest, locations = '{file:src/main/webapp/WEB-INF/spring/root-context.xml}', classes = '{}', contextInitializerClasses = '[]', activeProfiles = '{}', propertySourceLocations = '{}', propertySourceProperties = '{}', contextCustomizers = set[org.springframework.test.context.web.socket.MockServerContainerContextCustomizer@71809907], resourceBasePath = 'src/main/webapp', contextLoader = 'org.springframework.test.context.web.WebDelegatingSmartContextLoader', parent = [null]]]
18:48:50.093 [main] DEBUG org.springframework.test.context.cache - Spring test ApplicationContext cache statistics: [DefaultContextCache@6f911326 size = 1, maxSize = 32, parentContextCount = 0, hitCount = 5, missCount = 1]
18:48:50.095 [main] DEBUG org.springframework.test.context.cache.DefaultCacheAwareContextLoaderDelegate - Retrieved ApplicationContext [202125197] from cache with key [[WebMergedContextConfiguration@7dcf94f8 testClass = DatabaseConnectionTest, locations = '{file:src/main/webapp/WEB-INF/spring/root-context.xml}', classes = '{}', contextInitializerClasses = '[]', activeProfiles = '{}', propertySourceLocations = '{}', propertySourceProperties = '{}', contextCustomizers = set[org.springframework.test.context.web.socket.MockServerContainerContextCustomizer@71809907], resourceBasePath = 'src/main/webapp', contextLoader = 'org.springframework.test.context.web.WebDelegatingSmartContextLoader', parent = [null]]]
18:48:50.095 [main] DEBUG org.springframework.test.context.cache - Spring test ApplicationContext cache statistics: [DefaultContextCache@6f911326 size = 1, maxSize = 32, parentContextCount = 0, hitCount = 6, missCount = 1]
18:48:50.095 [main] DEBUG org.springframework.test.context.support.AbstractDirtiesContextTestExecutionListener - After test method: context [DefaultTestContext@217ed35e testClass = DatabaseConnectionTest, testInstance = com.example.spring.DatabaseConnectionTest@48b4a043, testMethod = testDatabaseConnection@DatabaseConnectionTest, testException = [null], mergedContextConfiguration = [WebMergedContextConfiguration@7dcf94f8 testClass = DatabaseConnectionTest, locations = '{file:src/main/webapp/WEB-INF/spring/root-context.xml}', classes = '{}', contextInitializerClasses = '[]', activeProfiles = '{}', propertySourceLocations = '{}', propertySourceProperties = '{}', contextCustomizers = set[org.springframework.test.context.web.socket.MockServerContainerContextCustomizer@71809907], resourceBasePath = 'src/main/webapp', contextLoader = 'org.springframework.test.context.web.WebDelegatingSmartContextLoader', parent = [null]], attributes = map['org.springframework.test.context.web.ServletTestExecutionListener.populatedRequestContextHolder' -> true, 'org.springframework.test.context.web.ServletTestExecutionListener.resetRequestContextHolder' -> true, 'org.springframework.test.context.event.ApplicationEventsTestExecutionListener.recordApplicationEvents' -> false]], class annotated with @DirtiesContext [false] with mode [null], method annotated with @DirtiesContext [false] with mode [null].
18:48:50.096 [main] DEBUG org.springframework.test.context.web.ServletTestExecutionListener - Resetting RequestContextHolder for test context [DefaultTestContext@217ed35e testClass = DatabaseConnectionTest, testInstance = com.example.spring.DatabaseConnectionTest@48b4a043, testMethod = testDatabaseConnection@DatabaseConnectionTest, testException = [null], mergedContextConfiguration = [WebMergedContextConfiguration@7dcf94f8 testClass = DatabaseConnectionTest, locations = '{file:src/main/webapp/WEB-INF/spring/root-context.xml}', classes = '{}', contextInitializerClasses = '[]', activeProfiles = '{}', propertySourceLocations = '{}', propertySourceProperties = '{}', contextCustomizers = set[org.springframework.test.context.web.socket.MockServerContainerContextCustomizer@71809907], resourceBasePath = 'src/main/webapp', contextLoader = 'org.springframework.test.context.web.WebDelegatingSmartContextLoader', parent = [null]], attributes = map['org.springframework.test.context.web.ServletTestExecutionListener.populatedRequestContextHolder' -> true, 'org.springframework.test.context.web.ServletTestExecutionListener.resetRequestContextHolder' -> true, 'org.springframework.test.context.event.ApplicationEventsTestExecutionListener.recordApplicationEvents' -> false]].
]]></system-out>
  </testcase>
</testsuite>