<?xml version="1.0" encoding="UTF-8"?>
<testsuite xmlns:xsi="http://www.w3.org/2001/XMLSchema-instance" xsi:noNamespaceSchemaLocation="https://maven.apache.org/surefire/maven-surefire-plugin/xsd/surefire-test-report-3.0.xsd" version="3.0" name="com.example.spring.DatabaseConnectionTest" time="1.767" tests="1" errors="0" skipped="0" failures="0">
  <properties>
    <property name="java.specification.version" value="21"/>
    <property name="sun.cpu.isalist" value="amd64"/>
    <property name="sun.jnu.encoding" value="MS949"/>
    <property name="java.class.path" value="C:\spring\target\test-classes;C:\spring\target\classes;C:\Users\paki0\.m2\repository\org\springframework\spring-core\5.3.39\spring-core-5.3.39.jar;C:\Users\paki0\.m2\repository\org\springframework\spring-jcl\5.3.39\spring-jcl-5.3.39.jar;C:\Users\paki0\.m2\repository\org\springframework\spring-webmvc\5.3.39\spring-webmvc-5.3.39.jar;C:\Users\paki0\.m2\repository\org\springframework\spring-aop\5.3.39\spring-aop-5.3.39.jar;C:\Users\paki0\.m2\repository\org\springframework\spring-beans\5.3.39\spring-beans-5.3.39.jar;C:\Users\paki0\.m2\repository\org\springframework\spring-expression\5.3.39\spring-expression-5.3.39.jar;C:\Users\paki0\.m2\repository\org\springframework\spring-web\5.3.39\spring-web-5.3.39.jar;C:\Users\paki0\.m2\repository\org\springframework\spring-context\5.3.39\spring-context-5.3.39.jar;C:\Users\paki0\.m2\repository\javax\servlet\javax.servlet-api\3.1.0\javax.servlet-api-3.1.0.jar;C:\Users\paki0\.m2\repository\javax\servlet\jsp\javax.servlet.jsp-api\2.3.3\javax.servlet.jsp-api-2.3.3.jar;C:\Users\paki0\.m2\repository\javax\servlet\jstl\1.2\jstl-1.2.jar;C:\Users\paki0\.m2\repository\org\slf4j\slf4j-api\1.7.36\slf4j-api-1.7.36.jar;C:\Users\paki0\.m2\repository\org\apache\logging\log4j\log4j-core\2.20.0\log4j-core-2.20.0.jar;C:\Users\paki0\.m2\repository\org\apache\logging\log4j\log4j-api\2.20.0\log4j-api-2.20.0.jar;C:\Users\paki0\.m2\repository\junit\junit\4.13.2\junit-4.13.2.jar;C:\Users\paki0\.m2\repository\org\hamcrest\hamcrest-core\1.3\hamcrest-core-1.3.jar;C:\Users\paki0\.m2\repository\org\springframework\spring-jdbc\5.3.39\spring-jdbc-5.3.39.jar;C:\Users\paki0\.m2\repository\org\springframework\spring-tx\5.3.39\spring-tx-5.3.39.jar;C:\Users\paki0\.m2\repository\org\mariadb\jdbc\mariadb-java-client\2.7.5\mariadb-java-client-2.7.5.jar;C:\Users\paki0\.m2\repository\com\zaxxer\HikariCP\4.0.3\HikariCP-4.0.3.jar;C:\Users\paki0\.m2\repository\org\springframework\spring-test\5.3.39\spring-test-5.3.39.jar;C:\Users\paki0\.m2\repository\org\projectlombok\lombok\1.18.30\lombok-1.18.30.jar;C:\Users\paki0\.m2\repository\org\mybatis\mybatis-spring\2.1.1\mybatis-spring-2.1.1.jar;C:\Users\paki0\.m2\repository\org\mybatis\mybatis\3.5.13\mybatis-3.5.13.jar;C:\Users\paki0\.m2\repository\org\springframework\security\spring-security-web\5.8.11\spring-security-web-5.8.11.jar;C:\Users\paki0\.m2\repository\org\springframework\security\spring-security-core\5.8.11\spring-security-core-5.8.11.jar;C:\Users\paki0\.m2\repository\org\springframework\security\spring-security-crypto\5.8.11\spring-security-crypto-5.8.11.jar;C:\Users\paki0\.m2\repository\org\springframework\security\spring-security-config\5.8.11\spring-security-config-5.8.11.jar;C:\Users\paki0\.m2\repository\org\springframework\security\spring-security-taglibs\5.8.11\spring-security-taglibs-5.8.11.jar;C:\Users\paki0\.m2\repository\org\springframework\security\spring-security-acl\5.8.11\spring-security-acl-5.8.11.jar;C:\Users\paki0\.m2\repository\commons-fileupload\commons-fileupload\1.4\commons-fileupload-1.4.jar;C:\Users\paki0\.m2\repository\commons-io\commons-io\2.2\commons-io-2.2.jar;C:\Users\paki0\.m2\repository\org\springframework\boot\spring-boot-starter-web\2.7.6\spring-boot-starter-web-2.7.6.jar;C:\Users\paki0\.m2\repository\org\springframework\boot\spring-boot-starter\2.7.6\spring-boot-starter-2.7.6.jar;C:\Users\paki0\.m2\repository\org\springframework\boot\spring-boot\2.7.6\spring-boot-2.7.6.jar;C:\Users\paki0\.m2\repository\org\springframework\boot\spring-boot-autoconfigure\2.7.6\spring-boot-autoconfigure-2.7.6.jar;C:\Users\paki0\.m2\repository\org\springframework\boot\spring-boot-starter-logging\2.7.6\spring-boot-starter-logging-2.7.6.jar;C:\Users\paki0\.m2\repository\ch\qos\logback\logback-classic\1.2.11\logback-classic-1.2.11.jar;C:\Users\paki0\.m2\repository\ch\qos\logback\logback-core\1.2.11\logback-core-1.2.11.jar;C:\Users\paki0\.m2\repository\org\apache\logging\log4j\log4j-to-slf4j\2.17.2\log4j-to-slf4j-2.17.2.jar;C:\Users\paki0\.m2\repository\org\slf4j\jul-to-slf4j\1.7.36\jul-to-slf4j-1.7.36.jar;C:\Users\paki0\.m2\repository\jakarta\annotation\jakarta.annotation-api\1.3.5\jakarta.annotation-api-1.3.5.jar;C:\Users\paki0\.m2\repository\org\yaml\snakeyaml\1.30\snakeyaml-1.30.jar;C:\Users\paki0\.m2\repository\org\springframework\boot\spring-boot-starter-json\2.7.6\spring-boot-starter-json-2.7.6.jar;C:\Users\paki0\.m2\repository\com\fasterxml\jackson\core\jackson-databind\2.13.4.2\jackson-databind-2.13.4.2.jar;C:\Users\paki0\.m2\repository\com\fasterxml\jackson\core\jackson-annotations\2.13.4\jackson-annotations-2.13.4.jar;C:\Users\paki0\.m2\repository\com\fasterxml\jackson\core\jackson-core\2.13.4\jackson-core-2.13.4.jar;C:\Users\paki0\.m2\repository\com\fasterxml\jackson\datatype\jackson-datatype-jdk8\2.13.4\jackson-datatype-jdk8-2.13.4.jar;C:\Users\paki0\.m2\repository\com\fasterxml\jackson\datatype\jackson-datatype-jsr310\2.13.4\jackson-datatype-jsr310-2.13.4.jar;C:\Users\paki0\.m2\repository\com\fasterxml\jackson\module\jackson-module-parameter-names\2.13.4\jackson-module-parameter-names-2.13.4.jar;C:\Users\paki0\.m2\repository\org\springframework\boot\spring-boot-starter-tomcat\2.7.6\spring-boot-starter-tomcat-2.7.6.jar;C:\Users\paki0\.m2\repository\org\apache\tomcat\embed\tomcat-embed-core\9.0.69\tomcat-embed-core-9.0.69.jar;C:\Users\paki0\.m2\repository\org\apache\tomcat\embed\tomcat-embed-el\9.0.69\tomcat-embed-el-9.0.69.jar;C:\Users\paki0\.m2\repository\org\apache\tomcat\embed\tomcat-embed-websocket\9.0.69\tomcat-embed-websocket-9.0.69.jar;"/>
    <property name="java.vm.vendor" value="Oracle Corporation"/>
    <property name="sun.arch.data.model" value="64"/>
    <property name="user.variant" value=""/>
    <property name="java.vendor.url" value="https://java.oracle.com/"/>
    <property name="user.timezone" value="Asia/Seoul"/>
    <property name="os.name" value="Windows 11"/>
    <property name="java.vm.specification.version" value="21"/>
    <property name="sun.java.launcher" value="SUN_STANDARD"/>
    <property name="user.country" value="KR"/>
    <property name="sun.boot.library.path" value="C:\Program Files\Java\jdk-21\bin"/>
    <property name="sun.java.command" value="C:\Users\paki0\AppData\Local\Temp\surefire6464866794215092352\surefirebooter-20250215035652299_3.jar C:\Users\paki0\AppData\Local\Temp\surefire6464866794215092352 2025-02-15T03-56-52_186-jvmRun1 surefire-20250215035652299_1tmp surefire_0-20250215035652299_2tmp"/>
    <property name="jdk.debug" value="release"/>
    <property name="surefire.test.class.path" value="C:\spring\target\test-classes;C:\spring\target\classes;C:\Users\paki0\.m2\repository\org\springframework\spring-core\5.3.39\spring-core-5.3.39.jar;C:\Users\paki0\.m2\repository\org\springframework\spring-jcl\5.3.39\spring-jcl-5.3.39.jar;C:\Users\paki0\.m2\repository\org\springframework\spring-webmvc\5.3.39\spring-webmvc-5.3.39.jar;C:\Users\paki0\.m2\repository\org\springframework\spring-aop\5.3.39\spring-aop-5.3.39.jar;C:\Users\paki0\.m2\repository\org\springframework\spring-beans\5.3.39\spring-beans-5.3.39.jar;C:\Users\paki0\.m2\repository\org\springframework\spring-expression\5.3.39\spring-expression-5.3.39.jar;C:\Users\paki0\.m2\repository\org\springframework\spring-web\5.3.39\spring-web-5.3.39.jar;C:\Users\paki0\.m2\repository\org\springframework\spring-context\5.3.39\spring-context-5.3.39.jar;C:\Users\paki0\.m2\repository\javax\servlet\javax.servlet-api\3.1.0\javax.servlet-api-3.1.0.jar;C:\Users\paki0\.m2\repository\javax\servlet\jsp\javax.servlet.jsp-api\2.3.3\javax.servlet.jsp-api-2.3.3.jar;C:\Users\paki0\.m2\repository\javax\servlet\jstl\1.2\jstl-1.2.jar;C:\Users\paki0\.m2\repository\org\slf4j\slf4j-api\1.7.36\slf4j-api-1.7.36.jar;C:\Users\paki0\.m2\repository\org\apache\logging\log4j\log4j-core\2.20.0\log4j-core-2.20.0.jar;C:\Users\paki0\.m2\repository\org\apache\logging\log4j\log4j-api\2.20.0\log4j-api-2.20.0.jar;C:\Users\paki0\.m2\repository\junit\junit\4.13.2\junit-4.13.2.jar;C:\Users\paki0\.m2\repository\org\hamcrest\hamcrest-core\1.3\hamcrest-core-1.3.jar;C:\Users\paki0\.m2\repository\org\springframework\spring-jdbc\5.3.39\spring-jdbc-5.3.39.jar;C:\Users\paki0\.m2\repository\org\springframework\spring-tx\5.3.39\spring-tx-5.3.39.jar;C:\Users\paki0\.m2\repository\org\mariadb\jdbc\mariadb-java-client\2.7.5\mariadb-java-client-2.7.5.jar;C:\Users\paki0\.m2\repository\com\zaxxer\HikariCP\4.0.3\HikariCP-4.0.3.jar;C:\Users\paki0\.m2\repository\org\springframework\spring-test\5.3.39\spring-test-5.3.39.jar;C:\Users\paki0\.m2\repository\org\projectlombok\lombok\1.18.30\lombok-1.18.30.jar;C:\Users\paki0\.m2\repository\org\mybatis\mybatis-spring\2.1.1\mybatis-spring-2.1.1.jar;C:\Users\paki0\.m2\repository\org\mybatis\mybatis\3.5.13\mybatis-3.5.13.jar;C:\Users\paki0\.m2\repository\org\springframework\security\spring-security-web\5.8.11\spring-security-web-5.8.11.jar;C:\Users\paki0\.m2\repository\org\springframework\security\spring-security-core\5.8.11\spring-security-core-5.8.11.jar;C:\Users\paki0\.m2\repository\org\springframework\security\spring-security-crypto\5.8.11\spring-security-crypto-5.8.11.jar;C:\Users\paki0\.m2\repository\org\springframework\security\spring-security-config\5.8.11\spring-security-config-5.8.11.jar;C:\Users\paki0\.m2\repository\org\springframework\security\spring-security-taglibs\5.8.11\spring-security-taglibs-5.8.11.jar;C:\Users\paki0\.m2\repository\org\springframework\security\spring-security-acl\5.8.11\spring-security-acl-5.8.11.jar;C:\Users\paki0\.m2\repository\commons-fileupload\commons-fileupload\1.4\commons-fileupload-1.4.jar;C:\Users\paki0\.m2\repository\commons-io\commons-io\2.2\commons-io-2.2.jar;C:\Users\paki0\.m2\repository\org\springframework\boot\spring-boot-starter-web\2.7.6\spring-boot-starter-web-2.7.6.jar;C:\Users\paki0\.m2\repository\org\springframework\boot\spring-boot-starter\2.7.6\spring-boot-starter-2.7.6.jar;C:\Users\paki0\.m2\repository\org\springframework\boot\spring-boot\2.7.6\spring-boot-2.7.6.jar;C:\Users\paki0\.m2\repository\org\springframework\boot\spring-boot-autoconfigure\2.7.6\spring-boot-autoconfigure-2.7.6.jar;C:\Users\paki0\.m2\repository\org\springframework\boot\spring-boot-starter-logging\2.7.6\spring-boot-starter-logging-2.7.6.jar;C:\Users\paki0\.m2\repository\ch\qos\logback\logback-classic\1.2.11\logback-classic-1.2.11.jar;C:\Users\paki0\.m2\repository\ch\qos\logback\logback-core\1.2.11\logback-core-1.2.11.jar;C:\Users\paki0\.m2\repository\org\apache\logging\log4j\log4j-to-slf4j\2.17.2\log4j-to-slf4j-2.17.2.jar;C:\Users\paki0\.m2\repository\org\slf4j\jul-to-slf4j\1.7.36\jul-to-slf4j-1.7.36.jar;C:\Users\paki0\.m2\repository\jakarta\annotation\jakarta.annotation-api\1.3.5\jakarta.annotation-api-1.3.5.jar;C:\Users\paki0\.m2\repository\org\yaml\snakeyaml\1.30\snakeyaml-1.30.jar;C:\Users\paki0\.m2\repository\org\springframework\boot\spring-boot-starter-json\2.7.6\spring-boot-starter-json-2.7.6.jar;C:\Users\paki0\.m2\repository\com\fasterxml\jackson\core\jackson-databind\2.13.4.2\jackson-databind-2.13.4.2.jar;C:\Users\paki0\.m2\repository\com\fasterxml\jackson\core\jackson-annotations\2.13.4\jackson-annotations-2.13.4.jar;C:\Users\paki0\.m2\repository\com\fasterxml\jackson\core\jackson-core\2.13.4\jackson-core-2.13.4.jar;C:\Users\paki0\.m2\repository\com\fasterxml\jackson\datatype\jackson-datatype-jdk8\2.13.4\jackson-datatype-jdk8-2.13.4.jar;C:\Users\paki0\.m2\repository\com\fasterxml\jackson\datatype\jackson-datatype-jsr310\2.13.4\jackson-datatype-jsr310-2.13.4.jar;C:\Users\paki0\.m2\repository\com\fasterxml\jackson\module\jackson-module-parameter-names\2.13.4\jackson-module-parameter-names-2.13.4.jar;C:\Users\paki0\.m2\repository\org\springframework\boot\spring-boot-starter-tomcat\2.7.6\spring-boot-starter-tomcat-2.7.6.jar;C:\Users\paki0\.m2\repository\org\apache\tomcat\embed\tomcat-embed-core\9.0.69\tomcat-embed-core-9.0.69.jar;C:\Users\paki0\.m2\repository\org\apache\tomcat\embed\tomcat-embed-el\9.0.69\tomcat-embed-el-9.0.69.jar;C:\Users\paki0\.m2\repository\org\apache\tomcat\embed\tomcat-embed-websocket\9.0.69\tomcat-embed-websocket-9.0.69.jar;"/>
    <property name="sun.cpu.endian" value="little"/>
    <property name="user.home" value="C:\Users\paki0"/>
    <property name="user.language" value="ko"/>
    <property name="java.specification.vendor" value="Oracle Corporation"/>
    <property name="java.version.date" value="2025-01-21"/>
    <property name="java.home" value="C:\Program Files\Java\jdk-21"/>
    <property name="file.separator" value="\"/>
    <property name="basedir" value="C:\spring"/>
    <property name="java.vm.compressedOopsMode" value="32-bit"/>
    <property name="line.separator" value="&#10;"/>
    <property name="java.vm.specification.vendor" value="Oracle Corporation"/>
    <property name="java.specification.name" value="Java Platform API Specification"/>
    <property name="surefire.real.class.path" value="C:\Users\paki0\AppData\Local\Temp\surefire6464866794215092352\surefirebooter-20250215035652299_3.jar"/>
    <property name="user.script" value=""/>
    <property name="sun.management.compiler" value="HotSpot 64-Bit Tiered Compilers"/>
    <property name="java.runtime.version" value="21.0.6+8-LTS-188"/>
    <property name="user.name" value="paki0"/>
    <property name="stdout.encoding" value="MS949"/>
    <property name="path.separator" value=";"/>
    <property name="os.version" value="10.0"/>
    <property name="java.runtime.name" value="Java(TM) SE Runtime Environment"/>
    <property name="file.encoding" value="UTF-8"/>
    <property name="java.vm.name" value="Java HotSpot(TM) 64-Bit Server VM"/>
    <property name="localRepository" value="C:\Users\paki0\.m2\repository"/>
    <property name="java.vendor.url.bug" value="https://bugreport.java.com/bugreport/"/>
    <property name="java.io.tmpdir" value="C:\Users\paki0\AppData\Local\Temp\"/>
    <property name="java.version" value="21.0.6"/>
    <property name="user.dir" value="C:\spring"/>
    <property name="os.arch" value="amd64"/>
    <property name="java.vm.specification.name" value="Java Virtual Machine Specification"/>
    <property name="sun.os.patch.level" value=""/>
    <property name="native.encoding" value="MS949"/>
    <property name="java.library.path" value="C:\Program Files\Java\jdk-21\bin;C:\WINDOWS\Sun\Java\bin;C:\WINDOWS\system32;C:\WINDOWS;C:\Program Files\Common Files\Oracle\Java\javapath;C:\Program Files (x86)\VMware\VMware Player\bin\;C:\WINDOWS\system32;C:\WINDOWS;C:\WINDOWS\System32\Wbem;C:\WINDOWS\System32\WindowsPowerShell\v1.0\;C:\WINDOWS\System32\OpenSSH\;C:\Program Files\Microsoft SQL Server\Client SDK\ODBC\170\Tools\Binn\;C:\Program Files\dotnet\;C:\Program Files\nodejs\;C:\Program Files\Git\cmd;C:\apache-maven-3.9.9\bin;C:\Program Files\MariaDB 11.5\bin;C:\apache-maven-3.9.9\bin;C:\Microsoft VS Code\bin;C:\Program Files\MariaDB 11.6\bin;;."/>
    <property name="java.vm.info" value="mixed mode, sharing"/>
    <property name="stderr.encoding" value="MS949"/>
    <property name="java.vendor" value="Oracle Corporation"/>
    <property name="java.vm.version" value="21.0.6+8-LTS-188"/>
    <property name="sun.io.unicode.encoding" value="UnicodeLittle"/>
    <property name="java.class.version" value="65.0"/>
  </properties>
  <testcase name="testDatabaseConnection" classname="com.example.spring.DatabaseConnectionTest" time="0.115">
    <system-out><![CDATA[03:56:52.844 [main] DEBUG org.springframework.test.context.junit4.SpringJUnit4ClassRunner - SpringJUnit4ClassRunner constructor called with [class com.example.spring.DatabaseConnectionTest]
03:56:52.850 [main] DEBUG org.springframework.test.context.BootstrapUtils - Instantiating CacheAwareContextLoaderDelegate from class [org.springframework.test.context.cache.DefaultCacheAwareContextLoaderDelegate]
03:56:52.859 [main] DEBUG org.springframework.test.context.BootstrapUtils - Instantiating BootstrapContext using constructor [public org.springframework.test.context.support.DefaultBootstrapContext(java.lang.Class,org.springframework.test.context.CacheAwareContextLoaderDelegate)]
03:56:52.892 [main] DEBUG org.springframework.test.context.BootstrapUtils - Instantiating TestContextBootstrapper for test class [com.example.spring.DatabaseConnectionTest] from class [org.springframework.test.context.web.WebTestContextBootstrapper]
03:56:52.907 [main] DEBUG org.springframework.test.context.support.AbstractDelegatingSmartContextLoader - Delegating to GenericXmlWebContextLoader to process context configuration [ContextConfigurationAttributes@1139b2f3 declaringClass = 'com.example.spring.DatabaseConnectionTest', classes = '{}', locations = '{file:src/main/webapp/WEB-INF/spring/root-context.xml}', inheritLocations = true, initializers = '{}', inheritInitializers = true, name = [null], contextLoaderClass = 'org.springframework.test.context.ContextLoader'].
03:56:52.931 [main] DEBUG org.springframework.test.context.support.ActiveProfilesUtils - Could not find an 'annotation declaring class' for annotation type [org.springframework.test.context.ActiveProfiles] and class [com.example.spring.DatabaseConnectionTest]
03:56:52.931 [main] DEBUG org.springframework.test.context.web.WebTestContextBootstrapper - @TestExecutionListeners is not present for class [com.example.spring.DatabaseConnectionTest]: using defaults.
03:56:52.931 [main] INFO org.springframework.test.context.web.WebTestContextBootstrapper - Loaded default TestExecutionListener class names from location [META-INF/spring.factories]: [org.springframework.test.context.web.ServletTestExecutionListener, org.springframework.test.context.support.DirtiesContextBeforeModesTestExecutionListener, org.springframework.test.context.event.ApplicationEventsTestExecutionListener, org.springframework.test.context.support.DependencyInjectionTestExecutionListener, org.springframework.test.context.support.DirtiesContextTestExecutionListener, org.springframework.test.context.transaction.TransactionalTestExecutionListener, org.springframework.test.context.jdbc.SqlScriptsTestExecutionListener, org.springframework.test.context.event.EventPublishingTestExecutionListener]
03:56:52.948 [main] INFO org.springframework.test.context.web.WebTestContextBootstrapper - Using TestExecutionListeners: [org.springframework.test.context.web.ServletTestExecutionListener@36fc695d, org.springframework.test.context.support.DirtiesContextBeforeModesTestExecutionListener@28701274, org.springframework.test.context.event.ApplicationEventsTestExecutionListener@13c9d689, org.springframework.test.context.support.DependencyInjectionTestExecutionListener@3754a4bf, org.springframework.test.context.support.DirtiesContextTestExecutionListener@62379589, org.springframework.test.context.transaction.TransactionalTestExecutionListener@4afcd809, org.springframework.test.context.jdbc.SqlScriptsTestExecutionListener@175c2241, org.springframework.test.context.event.EventPublishingTestExecutionListener@5bf0d49]
03:56:52.948 [main] DEBUG org.springframework.test.annotation.ProfileValueUtils - Retrieved @ProfileValueSourceConfiguration [null] for test class [com.example.spring.DatabaseConnectionTest]
03:56:52.948 [main] DEBUG org.springframework.test.annotation.ProfileValueUtils - Retrieved ProfileValueSource type [class org.springframework.test.annotation.SystemProfileValueSource] for class [com.example.spring.DatabaseConnectionTest]
03:56:52.948 [main] DEBUG org.springframework.test.annotation.ProfileValueUtils - Retrieved @ProfileValueSourceConfiguration [null] for test class [com.example.spring.DatabaseConnectionTest]
03:56:52.948 [main] DEBUG org.springframework.test.annotation.ProfileValueUtils - Retrieved ProfileValueSource type [class org.springframework.test.annotation.SystemProfileValueSource] for class [com.example.spring.DatabaseConnectionTest]
03:56:52.948 [main] DEBUG org.springframework.test.annotation.ProfileValueUtils - Retrieved @ProfileValueSourceConfiguration [null] for test class [com.example.spring.DatabaseConnectionTest]
03:56:52.948 [main] DEBUG org.springframework.test.annotation.ProfileValueUtils - Retrieved ProfileValueSource type [class org.springframework.test.annotation.SystemProfileValueSource] for class [com.example.spring.DatabaseConnectionTest]
03:56:52.956 [main] DEBUG org.springframework.test.annotation.ProfileValueUtils - Retrieved @ProfileValueSourceConfiguration [null] for test class [com.example.spring.DatabaseConnectionTest]
03:56:52.956 [main] DEBUG org.springframework.test.annotation.ProfileValueUtils - Retrieved ProfileValueSource type [class org.springframework.test.annotation.SystemProfileValueSource] for class [com.example.spring.DatabaseConnectionTest]
03:56:52.956 [main] DEBUG org.springframework.test.annotation.ProfileValueUtils - Retrieved @ProfileValueSourceConfiguration [null] for test class [com.example.spring.DatabaseConnectionTest]
03:56:52.956 [main] DEBUG org.springframework.test.annotation.ProfileValueUtils - Retrieved ProfileValueSource type [class org.springframework.test.annotation.SystemProfileValueSource] for class [com.example.spring.DatabaseConnectionTest]
03:56:52.958 [main] DEBUG org.springframework.test.context.support.AbstractDirtiesContextTestExecutionListener - Before test class: context [DefaultTestContext@217ed35e testClass = DatabaseConnectionTest, testInstance = [null], testMethod = [null], testException = [null], mergedContextConfiguration = [WebMergedContextConfiguration@7dcf94f8 testClass = DatabaseConnectionTest, locations = '{file:src/main/webapp/WEB-INF/spring/root-context.xml}', classes = '{}', contextInitializerClasses = '[]', activeProfiles = '{}', propertySourceLocations = '{}', propertySourceProperties = '{}', contextCustomizers = set[org.springframework.test.context.web.socket.MockServerContainerContextCustomizer@71809907], resourceBasePath = 'src/main/webapp', contextLoader = 'org.springframework.test.context.web.WebDelegatingSmartContextLoader', parent = [null]], attributes = map[[empty]]], class annotated with @DirtiesContext [false] with mode [null].
03:56:52.958 [main] DEBUG org.springframework.test.annotation.ProfileValueUtils - Retrieved @ProfileValueSourceConfiguration [null] for test class [com.example.spring.DatabaseConnectionTest]
03:56:52.958 [main] DEBUG org.springframework.test.annotation.ProfileValueUtils - Retrieved ProfileValueSource type [class org.springframework.test.annotation.SystemProfileValueSource] for class [com.example.spring.DatabaseConnectionTest]
03:56:52.964 [main] DEBUG org.springframework.test.context.support.AbstractDelegatingSmartContextLoader - Delegating to GenericXmlWebContextLoader to load context from [WebMergedContextConfiguration@7dcf94f8 testClass = DatabaseConnectionTest, locations = '{file:src/main/webapp/WEB-INF/spring/root-context.xml}', classes = '{}', contextInitializerClasses = '[]', activeProfiles = '{}', propertySourceLocations = '{}', propertySourceProperties = '{}', contextCustomizers = set[org.springframework.test.context.web.socket.MockServerContainerContextCustomizer@71809907], resourceBasePath = 'src/main/webapp', contextLoader = 'org.springframework.test.context.web.WebDelegatingSmartContextLoader', parent = [null]].
03:56:52.964 [main] DEBUG org.springframework.test.context.web.AbstractGenericWebContextLoader - Loading WebApplicationContext for merged context configuration [WebMergedContextConfiguration@7dcf94f8 testClass = DatabaseConnectionTest, locations = '{file:src/main/webapp/WEB-INF/spring/root-context.xml}', classes = '{}', contextInitializerClasses = '[]', activeProfiles = '{}', propertySourceLocations = '{}', propertySourceProperties = '{}', contextCustomizers = set[org.springframework.test.context.web.socket.MockServerContainerContextCustomizer@71809907], resourceBasePath = 'src/main/webapp', contextLoader = 'org.springframework.test.context.web.WebDelegatingSmartContextLoader', parent = [null]].
03:56:53.012 [main] DEBUG org.springframework.web.context.support.StandardServletEnvironment - Activating profiles []
03:56:53.228 [main] DEBUG org.springframework.context.annotation.ClassPathBeanDefinitionScanner - Identified candidate component class: file [C:\spring\target\classes\com\example\spring\admin\AdminDAO.class]
03:56:53.228 [main] DEBUG org.springframework.context.annotation.ClassPathBeanDefinitionScanner - Identified candidate component class: file [C:\spring\target\classes\com\example\spring\admin\AdminService.class]
03:56:53.236 [main] DEBUG org.springframework.context.annotation.ClassPathBeanDefinitionScanner - Identified candidate component class: file [C:\spring\target\classes\com\example\spring\auth\AuthService.class]
03:56:53.236 [main] DEBUG org.springframework.context.annotation.ClassPathBeanDefinitionScanner - Identified candidate component class: file [C:\spring\target\classes\com\example\spring\auth\CustomLogoutSuccessHandler.class]
03:56:53.244 [main] DEBUG org.springframework.context.annotation.ClassPathBeanDefinitionScanner - Identified candidate component class: file [C:\spring\target\classes\com\example\spring\config\SecurityConfig.class]
03:56:53.244 [main] DEBUG org.springframework.context.annotation.ClassPathBeanDefinitionScanner - Identified candidate component class: file [C:\spring\target\classes\com\example\spring\posts\PostsDao.class]
03:56:53.244 [main] DEBUG org.springframework.context.annotation.ClassPathBeanDefinitionScanner - Identified candidate component class: file [C:\spring\target\classes\com\example\spring\posts\PostsService.class]
03:56:53.252 [main] DEBUG org.springframework.context.annotation.ClassPathBeanDefinitionScanner - Identified candidate component class: file [C:\spring\target\classes\com\example\spring\users\UserDao.class]
03:56:53.252 [main] DEBUG org.springframework.context.annotation.ClassPathBeanDefinitionScanner - Identified candidate component class: file [C:\spring\target\classes\com\example\spring\users\UsersService.class]
03:56:53.268 [main] DEBUG org.springframework.beans.factory.xml.XmlBeanDefinitionReader - Loaded 24 bean definitions from URL [file:src/main/webapp/WEB-INF/spring/root-context.xml]
03:56:53.268 [main] DEBUG org.springframework.web.context.support.GenericWebApplicationContext - Refreshing org.springframework.web.context.support.GenericWebApplicationContext@c0c2f8d
03:56:53.301 [main] DEBUG org.springframework.beans.factory.support.DefaultListableBeanFactory - Creating shared instance of singleton bean 'org.springframework.context.annotation.internalConfigurationAnnotationProcessor'
03:56:53.462 [main] DEBUG org.springframework.beans.factory.support.DefaultListableBeanFactory - Creating shared instance of singleton bean 'org.springframework.context.event.internalEventListenerProcessor'
03:56:53.462 [main] DEBUG org.springframework.beans.factory.support.DefaultListableBeanFactory - Creating shared instance of singleton bean 'conversionServicePostProcessor'
03:56:53.495 [main] DEBUG org.springframework.beans.factory.support.DefaultListableBeanFactory - Creating shared instance of singleton bean 'org.springframework.transaction.config.internalTransactionalEventListenerFactory'
03:56:53.495 [main] DEBUG org.springframework.beans.factory.support.DefaultListableBeanFactory - Creating shared instance of singleton bean 'org.springframework.context.event.internalEventListenerFactory'
03:56:53.495 [main] DEBUG org.springframework.beans.factory.support.DefaultListableBeanFactory - Creating shared instance of singleton bean 'org.springframework.context.annotation.internalAutowiredAnnotationProcessor'
03:56:53.495 [main] DEBUG org.springframework.beans.factory.support.DefaultListableBeanFactory - Creating shared instance of singleton bean 'org.springframework.context.annotation.internalCommonAnnotationProcessor'
03:56:53.503 [main] DEBUG org.springframework.beans.factory.support.DefaultListableBeanFactory - Creating shared instance of singleton bean 'org.springframework.aop.config.internalAutoProxyCreator'
03:56:53.542 [main] DEBUG org.springframework.ui.context.support.UiApplicationContextUtils - Unable to locate ThemeSource with name 'themeSource': using default [org.springframework.ui.context.support.ResourceBundleThemeSource@21005f6c]
03:56:53.544 [main] DEBUG org.springframework.beans.factory.support.DefaultListableBeanFactory - Creating shared instance of singleton bean 'dataSource'
03:56:53.568 [main] DEBUG com.zaxxer.hikari.HikariConfig - Driver class org.mariadb.jdbc.Driver found in Thread context class loader jdk.internal.loader.ClassLoaders$AppClassLoader@6bc7c054
03:56:53.577 [main] DEBUG org.springframework.beans.factory.support.DefaultListableBeanFactory - Creating shared instance of singleton bean 'org.springframework.transaction.config.internalTransactionAdvisor'
03:56:53.577 [main] DEBUG org.springframework.beans.factory.support.DefaultListableBeanFactory - Creating shared instance of singleton bean 'org.springframework.transaction.annotation.AnnotationTransactionAttributeSource#0'
03:56:53.593 [main] DEBUG org.springframework.beans.factory.support.DefaultListableBeanFactory - Creating shared instance of singleton bean 'jdbcTemplate'
03:56:53.622 [main] DEBUG org.springframework.beans.factory.support.DefaultListableBeanFactory - Creating shared instance of singleton bean 'transactionManager'
03:56:53.625 [main] DEBUG org.springframework.beans.factory.support.DefaultListableBeanFactory - Creating shared instance of singleton bean 'org.springframework.transaction.interceptor.TransactionInterceptor#0'
03:56:53.633 [main] DEBUG org.springframework.beans.factory.support.DefaultListableBeanFactory - Creating shared instance of singleton bean 'sqlSessionFactory'
03:56:53.643 [main] DEBUG org.apache.ibatis.logging.LogFactory - Logging initialized using 'class org.apache.ibatis.logging.slf4j.Slf4jImpl' adapter.
03:56:53.735 [main] DEBUG org.mybatis.spring.SqlSessionFactoryBean - Parsed configuration file: 'class path resource [mybatis-config.xml]'
03:56:53.793 [main] DEBUG org.mybatis.spring.SqlSessionFactoryBean - Parsed mapper file: 'file [C:\spring\target\classes\mapper\PostsMapper.xml]'
03:56:53.817 [main] DEBUG org.mybatis.spring.SqlSessionFactoryBean - Parsed mapper file: 'file [C:\spring\target\classes\mapper\UsersMapper.xml]'
03:56:53.817 [main] DEBUG org.springframework.beans.factory.support.DefaultListableBeanFactory - Creating shared instance of singleton bean 'sqlSession'
03:56:53.833 [main] DEBUG org.springframework.beans.factory.support.DefaultListableBeanFactory - Creating shared instance of singleton bean 'adminDAO'
03:56:53.843 [main] DEBUG org.springframework.beans.factory.support.DefaultListableBeanFactory - Creating shared instance of singleton bean 'passwordEncoder'
03:56:53.843 [main] DEBUG org.springframework.beans.factory.support.DefaultListableBeanFactory - Creating shared instance of singleton bean 'adminService'
03:56:53.849 [main] DEBUG org.springframework.beans.factory.support.DefaultListableBeanFactory - Creating shared instance of singleton bean 'authService'
03:56:53.849 [main] DEBUG org.springframework.beans.factory.support.DefaultListableBeanFactory - Creating shared instance of singleton bean 'userDao'
03:56:53.849 [main] DEBUG org.springframework.beans.factory.support.DefaultListableBeanFactory - Autowiring by type from bean name 'authService' via constructor to bean named 'userDao'
03:56:53.849 [main] DEBUG org.springframework.beans.factory.support.DefaultListableBeanFactory - Autowiring by type from bean name 'authService' via constructor to bean named 'passwordEncoder'
03:56:53.849 [main] DEBUG org.springframework.beans.factory.support.DefaultListableBeanFactory - Creating shared instance of singleton bean 'customLogoutSuccessHandler'
03:56:53.849 [main] DEBUG org.springframework.beans.factory.support.DefaultListableBeanFactory - Creating shared instance of singleton bean 'usersService'
03:56:53.857 [main] DEBUG org.springframework.beans.factory.support.DefaultListableBeanFactory - Autowiring by type from bean name 'usersService' via constructor to bean named 'userDao'
03:56:53.857 [main] DEBUG org.springframework.beans.factory.support.DefaultListableBeanFactory - Autowiring by type from bean name 'usersService' via constructor to bean named 'passwordEncoder'
03:56:53.857 [main] DEBUG org.springframework.beans.factory.support.DefaultListableBeanFactory - Autowiring by type from bean name 'usersService' via constructor to bean named 'sqlSession'
03:56:53.860 [main] DEBUG org.springframework.beans.factory.support.DefaultListableBeanFactory - Autowiring by type from bean name 'customLogoutSuccessHandler' via constructor to bean named 'usersService'
03:56:53.860 [main] DEBUG org.springframework.beans.factory.support.DefaultListableBeanFactory - Creating shared instance of singleton bean 'securityConfig'
03:56:53.860 [main] DEBUG org.springframework.core.LocalVariableTableParameterNameDiscoverer - Cannot find '.class' file for class [class com.example.spring.config.SecurityConfig$$EnhancerBySpringCGLIB$$f2bbb457] - unable to determine constructor/method parameter names
03:56:53.860 [main] DEBUG org.springframework.beans.factory.support.DefaultListableBeanFactory - Creating shared instance of singleton bean 'mvcHandlerMappingIntrospector'
03:56:53.874 [main] DEBUG _org.springframework.web.servlet.HandlerMapping.Mappings - 'org.springframework.web.servlet.handler.BeanNameUrlHandlerMapping' {}
03:56:54.102 [main] DEBUG org.springframework.beans.factory.support.DefaultListableBeanFactory - Autowiring by type from bean name 'securityConfig' via constructor to bean named 'customLogoutSuccessHandler'
03:56:54.109 [main] DEBUG org.springframework.beans.factory.support.DefaultListableBeanFactory - Autowiring by type from bean name 'securityConfig' via constructor to bean named 'mvcHandlerMappingIntrospector'
03:56:54.110 [main] DEBUG org.springframework.beans.factory.support.DefaultListableBeanFactory - Creating shared instance of singleton bean 'postsDao'
03:56:54.110 [main] DEBUG org.springframework.beans.factory.support.DefaultListableBeanFactory - Creating shared instance of singleton bean 'postsService'
03:56:54.110 [main] DEBUG org.springframework.beans.factory.support.DefaultListableBeanFactory - Creating shared instance of singleton bean 'org.springframework.security.config.annotation.configuration.ObjectPostProcessorConfiguration'
03:56:54.110 [main] DEBUG org.springframework.beans.factory.support.DefaultListableBeanFactory - Creating shared instance of singleton bean 'objectPostProcessor'
03:56:54.110 [main] DEBUG org.springframework.beans.factory.support.DefaultListableBeanFactory - Autowiring by type from bean name 'objectPostProcessor' via factory method to bean named 'org.springframework.beans.factory.support.DefaultListableBeanFactory@1e8b7643'
03:56:54.110 [main] DEBUG org.springframework.beans.factory.support.DefaultListableBeanFactory - Creating shared instance of singleton bean 'org.springframework.security.config.annotation.authentication.configuration.AuthenticationConfiguration'
03:56:54.119 [main] DEBUG org.springframework.beans.factory.support.DefaultListableBeanFactory - Creating shared instance of singleton bean 'enableGlobalAuthenticationAutowiredConfigurer'
03:56:54.119 [main] DEBUG org.springframework.beans.factory.support.DefaultListableBeanFactory - Autowiring by type from bean name 'enableGlobalAuthenticationAutowiredConfigurer' via factory method to bean named 'org.springframework.web.context.support.GenericWebApplicationContext@c0c2f8d'
03:56:54.119 [main] DEBUG org.springframework.beans.factory.support.DefaultListableBeanFactory - Creating shared instance of singleton bean 'initializeUserDetailsBeanManagerConfigurer'
03:56:54.119 [main] DEBUG org.springframework.beans.factory.support.DefaultListableBeanFactory - Autowiring by type from bean name 'initializeUserDetailsBeanManagerConfigurer' via factory method to bean named 'org.springframework.web.context.support.GenericWebApplicationContext@c0c2f8d'
03:56:54.119 [main] DEBUG org.springframework.beans.factory.support.DefaultListableBeanFactory - Creating shared instance of singleton bean 'initializeAuthenticationProviderBeanManagerConfigurer'
03:56:54.119 [main] DEBUG org.springframework.beans.factory.support.DefaultListableBeanFactory - Autowiring by type from bean name 'initializeAuthenticationProviderBeanManagerConfigurer' via factory method to bean named 'org.springframework.web.context.support.GenericWebApplicationContext@c0c2f8d'
03:56:54.127 [main] DEBUG org.springframework.beans.factory.support.DefaultListableBeanFactory - Creating shared instance of singleton bean 'authenticationManagerBuilder'
03:56:54.127 [main] DEBUG org.springframework.beans.factory.support.DefaultListableBeanFactory - Autowiring by type from bean name 'authenticationManagerBuilder' via factory method to bean named 'objectPostProcessor'
03:56:54.127 [main] DEBUG org.springframework.beans.factory.support.DefaultListableBeanFactory - Autowiring by type from bean name 'authenticationManagerBuilder' via factory method to bean named 'org.springframework.web.context.support.GenericWebApplicationContext@c0c2f8d'
03:56:54.135 [main] DEBUG org.springframework.beans.factory.support.DefaultListableBeanFactory - Creating shared instance of singleton bean 'org.springframework.security.config.annotation.web.configuration.WebSecurityConfiguration'
03:56:54.151 [main] DEBUG org.springframework.beans.factory.support.DefaultListableBeanFactory - Creating shared instance of singleton bean 'securityFilterChain'
03:56:54.151 [main] DEBUG org.springframework.beans.factory.support.DefaultListableBeanFactory - Creating shared instance of singleton bean 'org.springframework.security.config.annotation.web.configuration.HttpSecurityConfiguration'
03:56:54.239 [main] DEBUG org.springframework.beans.factory.support.DefaultListableBeanFactory - Autowiring by type from bean name 'securityFilterChain' via factory method to bean named 'org.springframework.security.config.annotation.web.configuration.HttpSecurityConfiguration.httpSecurity'
03:56:54.320 [main] INFO org.springframework.security.web.DefaultSecurityFilterChain - Will secure any request with [org.springframework.security.web.session.DisableEncodeUrlFilter@41b1f51e, org.springframework.security.web.context.request.async.WebAsyncManagerIntegrationFilter@3a543f31, org.springframework.security.web.context.SecurityContextPersistenceFilter@5e048149, org.springframework.security.web.header.HeaderWriterFilter@1d75e7af, org.springframework.security.web.csrf.CsrfFilter@6778aea6, org.springframework.security.web.authentication.logout.LogoutFilter@75fa1be3, org.springframework.security.web.authentication.UsernamePasswordAuthenticationFilter@53ed09e8, org.springframework.security.web.savedrequest.RequestCacheAwareFilter@3d5790ea, org.springframework.security.web.servletapi.SecurityContextHolderAwareRequestFilter@56913163, org.springframework.security.web.authentication.AnonymousAuthenticationFilter@47b67fcb, org.springframework.security.web.session.SessionManagementFilter@34b27915, org.springframework.security.web.access.ExceptionTranslationFilter@3419e23b, org.springframework.security.web.access.intercept.AuthorizationFilter@59d77850]
03:56:54.328 [main] DEBUG org.springframework.beans.factory.support.DefaultListableBeanFactory - Creating shared instance of singleton bean 'delegatingApplicationListener'
03:56:54.328 [main] DEBUG org.springframework.beans.factory.support.DefaultListableBeanFactory - Creating shared instance of singleton bean 'springSecurityFilterChain'
03:56:54.337 [main] DEBUG org.springframework.beans.factory.support.DefaultListableBeanFactory - Creating shared instance of singleton bean 'webSecurityExpressionHandler'
03:56:54.337 [main] DEBUG org.springframework.beans.factory.support.DefaultListableBeanFactory - Creating shared instance of singleton bean 'privilegeEvaluator'
03:56:54.337 [main] DEBUG org.springframework.beans.factory.support.DefaultListableBeanFactory - Creating shared instance of singleton bean 'org.springframework.security.config.annotation.web.configuration.WebMvcSecurityConfiguration'
03:56:54.337 [main] DEBUG org.springframework.beans.factory.support.DefaultListableBeanFactory - Creating shared instance of singleton bean 'requestDataValueProcessor'
03:56:54.345 [main] DEBUG org.springframework.test.context.cache.DefaultCacheAwareContextLoaderDelegate - Storing ApplicationContext [202125197] in cache under key [[WebMergedContextConfiguration@7dcf94f8 testClass = DatabaseConnectionTest, locations = '{file:src/main/webapp/WEB-INF/spring/root-context.xml}', classes = '{}', contextInitializerClasses = '[]', activeProfiles = '{}', propertySourceLocations = '{}', propertySourceProperties = '{}', contextCustomizers = set[org.springframework.test.context.web.socket.MockServerContainerContextCustomizer@71809907], resourceBasePath = 'src/main/webapp', contextLoader = 'org.springframework.test.context.web.WebDelegatingSmartContextLoader', parent = [null]]]
03:56:54.345 [main] DEBUG org.springframework.test.context.cache - Spring test ApplicationContext cache statistics: [DefaultContextCache@44924587 size = 1, maxSize = 32, parentContextCount = 0, hitCount = 0, missCount = 1]
03:56:54.345 [main] DEBUG org.springframework.test.context.web.ServletTestExecutionListener - Setting up MockHttpServletRequest, MockHttpServletResponse, ServletWebRequest, and RequestContextHolder for test context [DefaultTestContext@217ed35e testClass = DatabaseConnectionTest, testInstance = com.example.spring.DatabaseConnectionTest@4487c0c2, testMethod = [null], testException = [null], mergedContextConfiguration = [WebMergedContextConfiguration@7dcf94f8 testClass = DatabaseConnectionTest, locations = '{file:src/main/webapp/WEB-INF/spring/root-context.xml}', classes = '{}', contextInitializerClasses = '[]', activeProfiles = '{}', propertySourceLocations = '{}', propertySourceProperties = '{}', contextCustomizers = set[org.springframework.test.context.web.socket.MockServerContainerContextCustomizer@71809907], resourceBasePath = 'src/main/webapp', contextLoader = 'org.springframework.test.context.web.WebDelegatingSmartContextLoader', parent = [null]], attributes = map[[empty]]].
03:56:54.361 [main] DEBUG org.springframework.test.context.support.DependencyInjectionTestExecutionListener - Performing dependency injection for test context [[DefaultTestContext@217ed35e testClass = DatabaseConnectionTest, testInstance = com.example.spring.DatabaseConnectionTest@4487c0c2, testMethod = [null], testException = [null], mergedContextConfiguration = [WebMergedContextConfiguration@7dcf94f8 testClass = DatabaseConnectionTest, locations = '{file:src/main/webapp/WEB-INF/spring/root-context.xml}', classes = '{}', contextInitializerClasses = '[]', activeProfiles = '{}', propertySourceLocations = '{}', propertySourceProperties = '{}', contextCustomizers = set[org.springframework.test.context.web.socket.MockServerContainerContextCustomizer@71809907], resourceBasePath = 'src/main/webapp', contextLoader = 'org.springframework.test.context.web.WebDelegatingSmartContextLoader', parent = [null]], attributes = map['org.springframework.test.context.web.ServletTestExecutionListener.populatedRequestContextHolder' -> true, 'org.springframework.test.context.web.ServletTestExecutionListener.resetRequestContextHolder' -> true, 'org.springframework.test.context.event.ApplicationEventsTestExecutionListener.recordApplicationEvents' -> false]]].
03:56:54.361 [main] DEBUG org.springframework.test.context.cache.DefaultCacheAwareContextLoaderDelegate - Retrieved ApplicationContext [202125197] from cache with key [[WebMergedContextConfiguration@7dcf94f8 testClass = DatabaseConnectionTest, locations = '{file:src/main/webapp/WEB-INF/spring/root-context.xml}', classes = '{}', contextInitializerClasses = '[]', activeProfiles = '{}', propertySourceLocations = '{}', propertySourceProperties = '{}', contextCustomizers = set[org.springframework.test.context.web.socket.MockServerContainerContextCustomizer@71809907], resourceBasePath = 'src/main/webapp', contextLoader = 'org.springframework.test.context.web.WebDelegatingSmartContextLoader', parent = [null]]]
03:56:54.361 [main] DEBUG org.springframework.test.context.cache - Spring test ApplicationContext cache statistics: [DefaultContextCache@44924587 size = 1, maxSize = 32, parentContextCount = 0, hitCount = 1, missCount = 1]
03:56:54.361 [main] DEBUG org.springframework.test.context.cache.DefaultCacheAwareContextLoaderDelegate - Retrieved ApplicationContext [202125197] from cache with key [[WebMergedContextConfiguration@7dcf94f8 testClass = DatabaseConnectionTest, locations = '{file:src/main/webapp/WEB-INF/spring/root-context.xml}', classes = '{}', contextInitializerClasses = '[]', activeProfiles = '{}', propertySourceLocations = '{}', propertySourceProperties = '{}', contextCustomizers = set[org.springframework.test.context.web.socket.MockServerContainerContextCustomizer@71809907], resourceBasePath = 'src/main/webapp', contextLoader = 'org.springframework.test.context.web.WebDelegatingSmartContextLoader', parent = [null]]]
03:56:54.361 [main] DEBUG org.springframework.test.context.cache - Spring test ApplicationContext cache statistics: [DefaultContextCache@44924587 size = 1, maxSize = 32, parentContextCount = 0, hitCount = 2, missCount = 1]
03:56:54.361 [main] DEBUG org.springframework.test.context.support.AbstractDirtiesContextTestExecutionListener - Before test method: context [DefaultTestContext@217ed35e testClass = DatabaseConnectionTest, testInstance = com.example.spring.DatabaseConnectionTest@4487c0c2, testMethod = testDatabaseConnection@DatabaseConnectionTest, testException = [null], mergedContextConfiguration = [WebMergedContextConfiguration@7dcf94f8 testClass = DatabaseConnectionTest, locations = '{file:src/main/webapp/WEB-INF/spring/root-context.xml}', classes = '{}', contextInitializerClasses = '[]', activeProfiles = '{}', propertySourceLocations = '{}', propertySourceProperties = '{}', contextCustomizers = set[org.springframework.test.context.web.socket.MockServerContainerContextCustomizer@71809907], resourceBasePath = 'src/main/webapp', contextLoader = 'org.springframework.test.context.web.WebDelegatingSmartContextLoader', parent = [null]], attributes = map['org.springframework.test.context.web.ServletTestExecutionListener.populatedRequestContextHolder' -> true, 'org.springframework.test.context.web.ServletTestExecutionListener.resetRequestContextHolder' -> true, 'org.springframework.test.context.event.ApplicationEventsTestExecutionListener.recordApplicationEvents' -> false]], class annotated with @DirtiesContext [false] with mode [null], method annotated with @DirtiesContext [false] with mode [null].
03:56:54.370 [main] DEBUG org.springframework.test.context.cache.DefaultCacheAwareContextLoaderDelegate - Retrieved ApplicationContext [202125197] from cache with key [[WebMergedContextConfiguration@7dcf94f8 testClass = DatabaseConnectionTest, locations = '{file:src/main/webapp/WEB-INF/spring/root-context.xml}', classes = '{}', contextInitializerClasses = '[]', activeProfiles = '{}', propertySourceLocations = '{}', propertySourceProperties = '{}', contextCustomizers = set[org.springframework.test.context.web.socket.MockServerContainerContextCustomizer@71809907], resourceBasePath = 'src/main/webapp', contextLoader = 'org.springframework.test.context.web.WebDelegatingSmartContextLoader', parent = [null]]]
03:56:54.370 [main] DEBUG org.springframework.test.context.cache - Spring test ApplicationContext cache statistics: [DefaultContextCache@44924587 size = 1, maxSize = 32, parentContextCount = 0, hitCount = 3, missCount = 1]
03:56:54.370 [main] DEBUG org.springframework.test.context.cache.DefaultCacheAwareContextLoaderDelegate - Retrieved ApplicationContext [202125197] from cache with key [[WebMergedContextConfiguration@7dcf94f8 testClass = DatabaseConnectionTest, locations = '{file:src/main/webapp/WEB-INF/spring/root-context.xml}', classes = '{}', contextInitializerClasses = '[]', activeProfiles = '{}', propertySourceLocations = '{}', propertySourceProperties = '{}', contextCustomizers = set[org.springframework.test.context.web.socket.MockServerContainerContextCustomizer@71809907], resourceBasePath = 'src/main/webapp', contextLoader = 'org.springframework.test.context.web.WebDelegatingSmartContextLoader', parent = [null]]]
03:56:54.370 [main] DEBUG org.springframework.test.context.cache - Spring test ApplicationContext cache statistics: [DefaultContextCache@44924587 size = 1, maxSize = 32, parentContextCount = 0, hitCount = 4, missCount = 1]
03:56:54.386 [main] DEBUG org.springframework.jdbc.core.JdbcTemplate - Executing SQL query [SELECT 1]
03:56:54.386 [main] DEBUG org.springframework.jdbc.datasource.DataSourceUtils - Fetching JDBC Connection from DataSource
03:56:54.386 [main] DEBUG com.zaxxer.hikari.HikariConfig - HikariPool-1 - configuration:
03:56:54.394 [main] DEBUG com.zaxxer.hikari.HikariConfig - allowPoolSuspension................................false
03:56:54.394 [main] DEBUG com.zaxxer.hikari.HikariConfig - autoCommit................................true
03:56:54.394 [main] DEBUG com.zaxxer.hikari.HikariConfig - catalog................................none
03:56:54.394 [main] DEBUG com.zaxxer.hikari.HikariConfig - connectionInitSql................................none
03:56:54.394 [main] DEBUG com.zaxxer.hikari.HikariConfig - connectionTestQuery................................none
03:56:54.394 [main] DEBUG com.zaxxer.hikari.HikariConfig - connectionTimeout................................30000
03:56:54.394 [main] DEBUG com.zaxxer.hikari.HikariConfig - dataSource................................none
03:56:54.394 [main] DEBUG com.zaxxer.hikari.HikariConfig - dataSourceClassName................................none
03:56:54.394 [main] DEBUG com.zaxxer.hikari.HikariConfig - dataSourceJNDI................................none
03:56:54.394 [main] DEBUG com.zaxxer.hikari.HikariConfig - dataSourceProperties................................{password=<masked>}
03:56:54.394 [main] DEBUG com.zaxxer.hikari.HikariConfig - driverClassName................................"org.mariadb.jdbc.Driver"
03:56:54.394 [main] DEBUG com.zaxxer.hikari.HikariConfig - exceptionOverrideClassName................................none
03:56:54.394 [main] DEBUG com.zaxxer.hikari.HikariConfig - healthCheckProperties................................{}
03:56:54.394 [main] DEBUG com.zaxxer.hikari.HikariConfig - healthCheckRegistry................................none
03:56:54.394 [main] DEBUG com.zaxxer.hikari.HikariConfig - idleTimeout................................30000
03:56:54.394 [main] DEBUG com.zaxxer.hikari.HikariConfig - initializationFailTimeout................................1
03:56:54.394 [main] DEBUG com.zaxxer.hikari.HikariConfig - isolateInternalQueries................................false
03:56:54.394 [main] DEBUG com.zaxxer.hikari.HikariConfig - jdbcUrl................................jdbc:mariadb://127.0.0.1:3306/spring
03:56:54.394 [main] DEBUG com.zaxxer.hikari.HikariConfig - keepaliveTime................................0
03:56:54.394 [main] DEBUG com.zaxxer.hikari.HikariConfig - leakDetectionThreshold................................0
03:56:54.394 [main] DEBUG com.zaxxer.hikari.HikariConfig - maxLifetime................................1800000
03:56:54.394 [main] DEBUG com.zaxxer.hikari.HikariConfig - maximumPoolSize................................10
03:56:54.394 [main] DEBUG com.zaxxer.hikari.HikariConfig - metricRegistry................................none
03:56:54.394 [main] DEBUG com.zaxxer.hikari.HikariConfig - metricsTrackerFactory................................none
03:56:54.394 [main] DEBUG com.zaxxer.hikari.HikariConfig - minimumIdle................................5
03:56:54.394 [main] DEBUG com.zaxxer.hikari.HikariConfig - password................................<masked>
03:56:54.394 [main] DEBUG com.zaxxer.hikari.HikariConfig - poolName................................"HikariPool-1"
03:56:54.394 [main] DEBUG com.zaxxer.hikari.HikariConfig - readOnly................................false
03:56:54.394 [main] DEBUG com.zaxxer.hikari.HikariConfig - registerMbeans................................false
03:56:54.394 [main] DEBUG com.zaxxer.hikari.HikariConfig - scheduledExecutor................................none
03:56:54.394 [main] DEBUG com.zaxxer.hikari.HikariConfig - schema................................none
03:56:54.394 [main] DEBUG com.zaxxer.hikari.HikariConfig - threadFactory................................internal
03:56:54.394 [main] DEBUG com.zaxxer.hikari.HikariConfig - transactionIsolation................................default
03:56:54.394 [main] DEBUG com.zaxxer.hikari.HikariConfig - username................................"spring"
03:56:54.394 [main] DEBUG com.zaxxer.hikari.HikariConfig - validationTimeout................................5000
03:56:54.394 [main] INFO com.zaxxer.hikari.HikariDataSource - HikariPool-1 - Starting...
03:56:54.460 [main] DEBUG com.zaxxer.hikari.pool.HikariPool - HikariPool-1 - Added connection org.mariadb.jdbc.MariaDbConnection@6573d2f7
03:56:54.460 [main] INFO com.zaxxer.hikari.HikariDataSource - HikariPool-1 - Start completed.
03:56:54.477 [main] DEBUG org.springframework.test.context.cache.DefaultCacheAwareContextLoaderDelegate - Retrieved ApplicationContext [202125197] from cache with key [[WebMergedContextConfiguration@7dcf94f8 testClass = DatabaseConnectionTest, locations = '{file:src/main/webapp/WEB-INF/spring/root-context.xml}', classes = '{}', contextInitializerClasses = '[]', activeProfiles = '{}', propertySourceLocations = '{}', propertySourceProperties = '{}', contextCustomizers = set[org.springframework.test.context.web.socket.MockServerContainerContextCustomizer@71809907], resourceBasePath = 'src/main/webapp', contextLoader = 'org.springframework.test.context.web.WebDelegatingSmartContextLoader', parent = [null]]]
03:56:54.477 [main] DEBUG org.springframework.test.context.cache - Spring test ApplicationContext cache statistics: [DefaultContextCache@44924587 size = 1, maxSize = 32, parentContextCount = 0, hitCount = 5, missCount = 1]
03:56:54.477 [main] DEBUG org.springframework.test.context.cache.DefaultCacheAwareContextLoaderDelegate - Retrieved ApplicationContext [202125197] from cache with key [[WebMergedContextConfiguration@7dcf94f8 testClass = DatabaseConnectionTest, locations = '{file:src/main/webapp/WEB-INF/spring/root-context.xml}', classes = '{}', contextInitializerClasses = '[]', activeProfiles = '{}', propertySourceLocations = '{}', propertySourceProperties = '{}', contextCustomizers = set[org.springframework.test.context.web.socket.MockServerContainerContextCustomizer@71809907], resourceBasePath = 'src/main/webapp', contextLoader = 'org.springframework.test.context.web.WebDelegatingSmartContextLoader', parent = [null]]]
03:56:54.477 [main] DEBUG org.springframework.test.context.cache - Spring test ApplicationContext cache statistics: [DefaultContextCache@44924587 size = 1, maxSize = 32, parentContextCount = 0, hitCount = 6, missCount = 1]
03:56:54.477 [main] DEBUG org.springframework.test.context.support.AbstractDirtiesContextTestExecutionListener - After test method: context [DefaultTestContext@217ed35e testClass = DatabaseConnectionTest, testInstance = com.example.spring.DatabaseConnectionTest@4487c0c2, testMethod = testDatabaseConnection@DatabaseConnectionTest, testException = [null], mergedContextConfiguration = [WebMergedContextConfiguration@7dcf94f8 testClass = DatabaseConnectionTest, locations = '{file:src/main/webapp/WEB-INF/spring/root-context.xml}', classes = '{}', contextInitializerClasses = '[]', activeProfiles = '{}', propertySourceLocations = '{}', propertySourceProperties = '{}', contextCustomizers = set[org.springframework.test.context.web.socket.MockServerContainerContextCustomizer@71809907], resourceBasePath = 'src/main/webapp', contextLoader = 'org.springframework.test.context.web.WebDelegatingSmartContextLoader', parent = [null]], attributes = map['org.springframework.test.context.web.ServletTestExecutionListener.populatedRequestContextHolder' -> true, 'org.springframework.test.context.web.ServletTestExecutionListener.resetRequestContextHolder' -> true, 'org.springframework.test.context.event.ApplicationEventsTestExecutionListener.recordApplicationEvents' -> false]], class annotated with @DirtiesContext [false] with mode [null], method annotated with @DirtiesContext [false] with mode [null].
03:56:54.477 [main] DEBUG org.springframework.test.context.web.ServletTestExecutionListener - Resetting RequestContextHolder for test context [DefaultTestContext@217ed35e testClass = DatabaseConnectionTest, testInstance = com.example.spring.DatabaseConnectionTest@4487c0c2, testMethod = testDatabaseConnection@DatabaseConnectionTest, testException = [null], mergedContextConfiguration = [WebMergedContextConfiguration@7dcf94f8 testClass = DatabaseConnectionTest, locations = '{file:src/main/webapp/WEB-INF/spring/root-context.xml}', classes = '{}', contextInitializerClasses = '[]', activeProfiles = '{}', propertySourceLocations = '{}', propertySourceProperties = '{}', contextCustomizers = set[org.springframework.test.context.web.socket.MockServerContainerContextCustomizer@71809907], resourceBasePath = 'src/main/webapp', contextLoader = 'org.springframework.test.context.web.WebDelegatingSmartContextLoader', parent = [null]], attributes = map['org.springframework.test.context.web.ServletTestExecutionListener.populatedRequestContextHolder' -> true, 'org.springframework.test.context.web.ServletTestExecutionListener.resetRequestContextHolder' -> true, 'org.springframework.test.context.event.ApplicationEventsTestExecutionListener.recordApplicationEvents' -> false]].
]]></system-out>
  </testcase>
</testsuite>