<?xml version="1.0" encoding="UTF-8"?>
<testsuite xmlns:xsi="http://www.w3.org/2001/XMLSchema-instance" xsi:noNamespaceSchemaLocation="https://maven.apache.org/surefire/maven-surefire-plugin/xsd/surefire-test-report-3.0.xsd" version="3.0" name="com.example.spring.DatabaseConnectionTest" time="2.649" tests="1" errors="0" skipped="0" failures="0">
  <properties>
    <property name="java.specification.version" value="21"/>
    <property name="sun.cpu.isalist" value="amd64"/>
    <property name="sun.jnu.encoding" value="MS949"/>
    <property name="java.class.path" value="C:\spring\target\test-classes;C:\spring\target\classes;C:\Users\paki0\.m2\repository\org\springframework\spring-core\5.3.39\spring-core-5.3.39.jar;C:\Users\paki0\.m2\repository\org\springframework\spring-jcl\5.3.39\spring-jcl-5.3.39.jar;C:\Users\paki0\.m2\repository\org\springframework\spring-webmvc\5.3.39\spring-webmvc-5.3.39.jar;C:\Users\paki0\.m2\repository\org\springframework\spring-aop\5.3.39\spring-aop-5.3.39.jar;C:\Users\paki0\.m2\repository\org\springframework\spring-beans\5.3.39\spring-beans-5.3.39.jar;C:\Users\paki0\.m2\repository\org\springframework\spring-expression\5.3.39\spring-expression-5.3.39.jar;C:\Users\paki0\.m2\repository\org\springframework\spring-web\5.3.39\spring-web-5.3.39.jar;C:\Users\paki0\.m2\repository\org\springframework\spring-context\5.3.39\spring-context-5.3.39.jar;C:\Users\paki0\.m2\repository\javax\servlet\javax.servlet-api\3.1.0\javax.servlet-api-3.1.0.jar;C:\Users\paki0\.m2\repository\javax\servlet\jsp\javax.servlet.jsp-api\2.3.3\javax.servlet.jsp-api-2.3.3.jar;C:\Users\paki0\.m2\repository\javax\servlet\jstl\1.2\jstl-1.2.jar;C:\Users\paki0\.m2\repository\org\slf4j\slf4j-api\1.7.36\slf4j-api-1.7.36.jar;C:\Users\paki0\.m2\repository\org\apache\logging\log4j\log4j-core\2.20.0\log4j-core-2.20.0.jar;C:\Users\paki0\.m2\repository\org\apache\logging\log4j\log4j-api\2.20.0\log4j-api-2.20.0.jar;C:\Users\paki0\.m2\repository\junit\junit\4.13.2\junit-4.13.2.jar;C:\Users\paki0\.m2\repository\org\hamcrest\hamcrest-core\1.3\hamcrest-core-1.3.jar;C:\Users\paki0\.m2\repository\org\springframework\spring-jdbc\5.3.39\spring-jdbc-5.3.39.jar;C:\Users\paki0\.m2\repository\org\springframework\spring-tx\5.3.39\spring-tx-5.3.39.jar;C:\Users\paki0\.m2\repository\org\mariadb\jdbc\mariadb-java-client\2.7.5\mariadb-java-client-2.7.5.jar;C:\Users\paki0\.m2\repository\com\zaxxer\HikariCP\4.0.3\HikariCP-4.0.3.jar;C:\Users\paki0\.m2\repository\org\springframework\spring-test\5.3.39\spring-test-5.3.39.jar;C:\Users\paki0\.m2\repository\org\projectlombok\lombok\1.18.30\lombok-1.18.30.jar;C:\Users\paki0\.m2\repository\org\mybatis\mybatis-spring\2.1.1\mybatis-spring-2.1.1.jar;C:\Users\paki0\.m2\repository\org\mybatis\mybatis\3.5.13\mybatis-3.5.13.jar;C:\Users\paki0\.m2\repository\org\springframework\security\spring-security-web\5.8.11\spring-security-web-5.8.11.jar;C:\Users\paki0\.m2\repository\org\springframework\security\spring-security-core\5.8.11\spring-security-core-5.8.11.jar;C:\Users\paki0\.m2\repository\org\springframework\security\spring-security-crypto\5.8.11\spring-security-crypto-5.8.11.jar;C:\Users\paki0\.m2\repository\org\springframework\security\spring-security-config\5.8.11\spring-security-config-5.8.11.jar;C:\Users\paki0\.m2\repository\org\springframework\security\spring-security-taglibs\5.8.11\spring-security-taglibs-5.8.11.jar;C:\Users\paki0\.m2\repository\org\springframework\security\spring-security-acl\5.8.11\spring-security-acl-5.8.11.jar;C:\Users\paki0\.m2\repository\commons-fileupload\commons-fileupload\1.4\commons-fileupload-1.4.jar;C:\Users\paki0\.m2\repository\commons-io\commons-io\2.2\commons-io-2.2.jar;C:\Users\paki0\.m2\repository\org\springframework\boot\spring-boot-starter-web\2.7.6\spring-boot-starter-web-2.7.6.jar;C:\Users\paki0\.m2\repository\org\springframework\boot\spring-boot-starter\2.7.6\spring-boot-starter-2.7.6.jar;C:\Users\paki0\.m2\repository\org\springframework\boot\spring-boot\2.7.6\spring-boot-2.7.6.jar;C:\Users\paki0\.m2\repository\org\springframework\boot\spring-boot-autoconfigure\2.7.6\spring-boot-autoconfigure-2.7.6.jar;C:\Users\paki0\.m2\repository\org\springframework\boot\spring-boot-starter-logging\2.7.6\spring-boot-starter-logging-2.7.6.jar;C:\Users\paki0\.m2\repository\ch\qos\logback\logback-classic\1.2.11\logback-classic-1.2.11.jar;C:\Users\paki0\.m2\repository\ch\qos\logback\logback-core\1.2.11\logback-core-1.2.11.jar;C:\Users\paki0\.m2\repository\org\apache\logging\log4j\log4j-to-slf4j\2.17.2\log4j-to-slf4j-2.17.2.jar;C:\Users\paki0\.m2\repository\org\slf4j\jul-to-slf4j\1.7.36\jul-to-slf4j-1.7.36.jar;C:\Users\paki0\.m2\repository\jakarta\annotation\jakarta.annotation-api\1.3.5\jakarta.annotation-api-1.3.5.jar;C:\Users\paki0\.m2\repository\org\yaml\snakeyaml\1.30\snakeyaml-1.30.jar;C:\Users\paki0\.m2\repository\org\springframework\boot\spring-boot-starter-json\2.7.6\spring-boot-starter-json-2.7.6.jar;C:\Users\paki0\.m2\repository\com\fasterxml\jackson\core\jackson-databind\2.13.4.2\jackson-databind-2.13.4.2.jar;C:\Users\paki0\.m2\repository\com\fasterxml\jackson\core\jackson-annotations\2.13.4\jackson-annotations-2.13.4.jar;C:\Users\paki0\.m2\repository\com\fasterxml\jackson\core\jackson-core\2.13.4\jackson-core-2.13.4.jar;C:\Users\paki0\.m2\repository\com\fasterxml\jackson\datatype\jackson-datatype-jdk8\2.13.4\jackson-datatype-jdk8-2.13.4.jar;C:\Users\paki0\.m2\repository\com\fasterxml\jackson\datatype\jackson-datatype-jsr310\2.13.4\jackson-datatype-jsr310-2.13.4.jar;C:\Users\paki0\.m2\repository\com\fasterxml\jackson\module\jackson-module-parameter-names\2.13.4\jackson-module-parameter-names-2.13.4.jar;C:\Users\paki0\.m2\repository\org\springframework\boot\spring-boot-starter-tomcat\2.7.6\spring-boot-starter-tomcat-2.7.6.jar;C:\Users\paki0\.m2\repository\org\apache\tomcat\embed\tomcat-embed-core\9.0.69\tomcat-embed-core-9.0.69.jar;C:\Users\paki0\.m2\repository\org\apache\tomcat\embed\tomcat-embed-el\9.0.69\tomcat-embed-el-9.0.69.jar;C:\Users\paki0\.m2\repository\org\apache\tomcat\embed\tomcat-embed-websocket\9.0.69\tomcat-embed-websocket-9.0.69.jar;"/>
    <property name="java.vm.vendor" value="Oracle Corporation"/>
    <property name="sun.arch.data.model" value="64"/>
    <property name="user.variant" value=""/>
    <property name="java.vendor.url" value="https://java.oracle.com/"/>
    <property name="user.timezone" value="Asia/Seoul"/>
    <property name="os.name" value="Windows 11"/>
    <property name="java.vm.specification.version" value="21"/>
    <property name="sun.java.launcher" value="SUN_STANDARD"/>
    <property name="user.country" value="KR"/>
    <property name="sun.boot.library.path" value="C:\Program Files\Java\jdk-21\bin"/>
    <property name="sun.java.command" value="C:\Users\paki0\AppData\Local\Temp\surefire2844783409459071361\surefirebooter-20250212163557213_3.jar C:\Users\paki0\AppData\Local\Temp\surefire2844783409459071361 2025-02-12T16-35-57_027-jvmRun1 surefire-20250212163557213_1tmp surefire_0-20250212163557213_2tmp"/>
    <property name="jdk.debug" value="release"/>
    <property name="surefire.test.class.path" value="C:\spring\target\test-classes;C:\spring\target\classes;C:\Users\paki0\.m2\repository\org\springframework\spring-core\5.3.39\spring-core-5.3.39.jar;C:\Users\paki0\.m2\repository\org\springframework\spring-jcl\5.3.39\spring-jcl-5.3.39.jar;C:\Users\paki0\.m2\repository\org\springframework\spring-webmvc\5.3.39\spring-webmvc-5.3.39.jar;C:\Users\paki0\.m2\repository\org\springframework\spring-aop\5.3.39\spring-aop-5.3.39.jar;C:\Users\paki0\.m2\repository\org\springframework\spring-beans\5.3.39\spring-beans-5.3.39.jar;C:\Users\paki0\.m2\repository\org\springframework\spring-expression\5.3.39\spring-expression-5.3.39.jar;C:\Users\paki0\.m2\repository\org\springframework\spring-web\5.3.39\spring-web-5.3.39.jar;C:\Users\paki0\.m2\repository\org\springframework\spring-context\5.3.39\spring-context-5.3.39.jar;C:\Users\paki0\.m2\repository\javax\servlet\javax.servlet-api\3.1.0\javax.servlet-api-3.1.0.jar;C:\Users\paki0\.m2\repository\javax\servlet\jsp\javax.servlet.jsp-api\2.3.3\javax.servlet.jsp-api-2.3.3.jar;C:\Users\paki0\.m2\repository\javax\servlet\jstl\1.2\jstl-1.2.jar;C:\Users\paki0\.m2\repository\org\slf4j\slf4j-api\1.7.36\slf4j-api-1.7.36.jar;C:\Users\paki0\.m2\repository\org\apache\logging\log4j\log4j-core\2.20.0\log4j-core-2.20.0.jar;C:\Users\paki0\.m2\repository\org\apache\logging\log4j\log4j-api\2.20.0\log4j-api-2.20.0.jar;C:\Users\paki0\.m2\repository\junit\junit\4.13.2\junit-4.13.2.jar;C:\Users\paki0\.m2\repository\org\hamcrest\hamcrest-core\1.3\hamcrest-core-1.3.jar;C:\Users\paki0\.m2\repository\org\springframework\spring-jdbc\5.3.39\spring-jdbc-5.3.39.jar;C:\Users\paki0\.m2\repository\org\springframework\spring-tx\5.3.39\spring-tx-5.3.39.jar;C:\Users\paki0\.m2\repository\org\mariadb\jdbc\mariadb-java-client\2.7.5\mariadb-java-client-2.7.5.jar;C:\Users\paki0\.m2\repository\com\zaxxer\HikariCP\4.0.3\HikariCP-4.0.3.jar;C:\Users\paki0\.m2\repository\org\springframework\spring-test\5.3.39\spring-test-5.3.39.jar;C:\Users\paki0\.m2\repository\org\projectlombok\lombok\1.18.30\lombok-1.18.30.jar;C:\Users\paki0\.m2\repository\org\mybatis\mybatis-spring\2.1.1\mybatis-spring-2.1.1.jar;C:\Users\paki0\.m2\repository\org\mybatis\mybatis\3.5.13\mybatis-3.5.13.jar;C:\Users\paki0\.m2\repository\org\springframework\security\spring-security-web\5.8.11\spring-security-web-5.8.11.jar;C:\Users\paki0\.m2\repository\org\springframework\security\spring-security-core\5.8.11\spring-security-core-5.8.11.jar;C:\Users\paki0\.m2\repository\org\springframework\security\spring-security-crypto\5.8.11\spring-security-crypto-5.8.11.jar;C:\Users\paki0\.m2\repository\org\springframework\security\spring-security-config\5.8.11\spring-security-config-5.8.11.jar;C:\Users\paki0\.m2\repository\org\springframework\security\spring-security-taglibs\5.8.11\spring-security-taglibs-5.8.11.jar;C:\Users\paki0\.m2\repository\org\springframework\security\spring-security-acl\5.8.11\spring-security-acl-5.8.11.jar;C:\Users\paki0\.m2\repository\commons-fileupload\commons-fileupload\1.4\commons-fileupload-1.4.jar;C:\Users\paki0\.m2\repository\commons-io\commons-io\2.2\commons-io-2.2.jar;C:\Users\paki0\.m2\repository\org\springframework\boot\spring-boot-starter-web\2.7.6\spring-boot-starter-web-2.7.6.jar;C:\Users\paki0\.m2\repository\org\springframework\boot\spring-boot-starter\2.7.6\spring-boot-starter-2.7.6.jar;C:\Users\paki0\.m2\repository\org\springframework\boot\spring-boot\2.7.6\spring-boot-2.7.6.jar;C:\Users\paki0\.m2\repository\org\springframework\boot\spring-boot-autoconfigure\2.7.6\spring-boot-autoconfigure-2.7.6.jar;C:\Users\paki0\.m2\repository\org\springframework\boot\spring-boot-starter-logging\2.7.6\spring-boot-starter-logging-2.7.6.jar;C:\Users\paki0\.m2\repository\ch\qos\logback\logback-classic\1.2.11\logback-classic-1.2.11.jar;C:\Users\paki0\.m2\repository\ch\qos\logback\logback-core\1.2.11\logback-core-1.2.11.jar;C:\Users\paki0\.m2\repository\org\apache\logging\log4j\log4j-to-slf4j\2.17.2\log4j-to-slf4j-2.17.2.jar;C:\Users\paki0\.m2\repository\org\slf4j\jul-to-slf4j\1.7.36\jul-to-slf4j-1.7.36.jar;C:\Users\paki0\.m2\repository\jakarta\annotation\jakarta.annotation-api\1.3.5\jakarta.annotation-api-1.3.5.jar;C:\Users\paki0\.m2\repository\org\yaml\snakeyaml\1.30\snakeyaml-1.30.jar;C:\Users\paki0\.m2\repository\org\springframework\boot\spring-boot-starter-json\2.7.6\spring-boot-starter-json-2.7.6.jar;C:\Users\paki0\.m2\repository\com\fasterxml\jackson\core\jackson-databind\2.13.4.2\jackson-databind-2.13.4.2.jar;C:\Users\paki0\.m2\repository\com\fasterxml\jackson\core\jackson-annotations\2.13.4\jackson-annotations-2.13.4.jar;C:\Users\paki0\.m2\repository\com\fasterxml\jackson\core\jackson-core\2.13.4\jackson-core-2.13.4.jar;C:\Users\paki0\.m2\repository\com\fasterxml\jackson\datatype\jackson-datatype-jdk8\2.13.4\jackson-datatype-jdk8-2.13.4.jar;C:\Users\paki0\.m2\repository\com\fasterxml\jackson\datatype\jackson-datatype-jsr310\2.13.4\jackson-datatype-jsr310-2.13.4.jar;C:\Users\paki0\.m2\repository\com\fasterxml\jackson\module\jackson-module-parameter-names\2.13.4\jackson-module-parameter-names-2.13.4.jar;C:\Users\paki0\.m2\repository\org\springframework\boot\spring-boot-starter-tomcat\2.7.6\spring-boot-starter-tomcat-2.7.6.jar;C:\Users\paki0\.m2\repository\org\apache\tomcat\embed\tomcat-embed-core\9.0.69\tomcat-embed-core-9.0.69.jar;C:\Users\paki0\.m2\repository\org\apache\tomcat\embed\tomcat-embed-el\9.0.69\tomcat-embed-el-9.0.69.jar;C:\Users\paki0\.m2\repository\org\apache\tomcat\embed\tomcat-embed-websocket\9.0.69\tomcat-embed-websocket-9.0.69.jar;"/>
    <property name="sun.cpu.endian" value="little"/>
    <property name="user.home" value="C:\Users\paki0"/>
    <property name="user.language" value="ko"/>
    <property name="java.specification.vendor" value="Oracle Corporation"/>
    <property name="java.version.date" value="2025-01-21"/>
    <property name="java.home" value="C:\Program Files\Java\jdk-21"/>
    <property name="file.separator" value="\"/>
    <property name="basedir" value="C:\spring"/>
    <property name="java.vm.compressedOopsMode" value="32-bit"/>
    <property name="line.separator" value="&#10;"/>
    <property name="java.vm.specification.vendor" value="Oracle Corporation"/>
    <property name="java.specification.name" value="Java Platform API Specification"/>
    <property name="surefire.real.class.path" value="C:\Users\paki0\AppData\Local\Temp\surefire2844783409459071361\surefirebooter-20250212163557213_3.jar"/>
    <property name="user.script" value=""/>
    <property name="sun.management.compiler" value="HotSpot 64-Bit Tiered Compilers"/>
    <property name="java.runtime.version" value="21.0.6+8-LTS-188"/>
    <property name="user.name" value="paki0"/>
    <property name="stdout.encoding" value="MS949"/>
    <property name="path.separator" value=";"/>
    <property name="os.version" value="10.0"/>
    <property name="java.runtime.name" value="Java(TM) SE Runtime Environment"/>
    <property name="file.encoding" value="UTF-8"/>
    <property name="java.vm.name" value="Java HotSpot(TM) 64-Bit Server VM"/>
    <property name="localRepository" value="C:\Users\paki0\.m2\repository"/>
    <property name="java.vendor.url.bug" value="https://bugreport.java.com/bugreport/"/>
    <property name="java.io.tmpdir" value="C:\Users\paki0\AppData\Local\Temp\"/>
    <property name="java.version" value="21.0.6"/>
    <property name="user.dir" value="C:\spring"/>
    <property name="os.arch" value="amd64"/>
    <property name="java.vm.specification.name" value="Java Virtual Machine Specification"/>
    <property name="sun.os.patch.level" value=""/>
    <property name="native.encoding" value="MS949"/>
    <property name="java.library.path" value="C:\Program Files\Java\jdk-21\bin;C:\WINDOWS\Sun\Java\bin;C:\WINDOWS\system32;C:\WINDOWS;C:\Program Files\Common Files\Oracle\Java\javapath;C:\Program Files (x86)\VMware\VMware Player\bin\;C:\WINDOWS\system32;C:\WINDOWS;C:\WINDOWS\System32\Wbem;C:\WINDOWS\System32\WindowsPowerShell\v1.0\;C:\WINDOWS\System32\OpenSSH\;C:\Program Files\Microsoft SQL Server\Client SDK\ODBC\170\Tools\Binn\;C:\Program Files\dotnet\;C:\Program Files\nodejs\;C:\Program Files\Git\cmd;C:\apache-maven-3.9.9\bin;C:\Program Files\MariaDB 11.5\bin;C:\apache-maven-3.9.9\bin;C:\Microsoft VS Code\bin;C:\Program Files\MariaDB 11.6\bin;;."/>
    <property name="java.vm.info" value="mixed mode, sharing"/>
    <property name="stderr.encoding" value="MS949"/>
    <property name="java.vendor" value="Oracle Corporation"/>
    <property name="java.vm.version" value="21.0.6+8-LTS-188"/>
    <property name="sun.io.unicode.encoding" value="UnicodeLittle"/>
    <property name="java.class.version" value="65.0"/>
  </properties>
  <testcase name="testDatabaseConnection" classname="com.example.spring.DatabaseConnectionTest" time="0.135">
    <system-out><![CDATA[16:35:57.935 [main] DEBUG org.springframework.test.context.junit4.SpringJUnit4ClassRunner - SpringJUnit4ClassRunner constructor called with [class com.example.spring.DatabaseConnectionTest]
16:35:57.943 [main] DEBUG org.springframework.test.context.BootstrapUtils - Instantiating CacheAwareContextLoaderDelegate from class [org.springframework.test.context.cache.DefaultCacheAwareContextLoaderDelegate]
16:35:57.949 [main] DEBUG org.springframework.test.context.BootstrapUtils - Instantiating BootstrapContext using constructor [public org.springframework.test.context.support.DefaultBootstrapContext(java.lang.Class,org.springframework.test.context.CacheAwareContextLoaderDelegate)]
16:35:57.987 [main] DEBUG org.springframework.test.context.BootstrapUtils - Instantiating TestContextBootstrapper for test class [com.example.spring.DatabaseConnectionTest] from class [org.springframework.test.context.web.WebTestContextBootstrapper]
16:35:58.010 [main] DEBUG org.springframework.test.context.support.AbstractDelegatingSmartContextLoader - Delegating to GenericXmlWebContextLoader to process context configuration [ContextConfigurationAttributes@1139b2f3 declaringClass = 'com.example.spring.DatabaseConnectionTest', classes = '{}', locations = '{file:src/main/webapp/WEB-INF/spring/root-context.xml}', inheritLocations = true, initializers = '{}', inheritInitializers = true, name = [null], contextLoaderClass = 'org.springframework.test.context.ContextLoader'].
16:35:58.048 [main] DEBUG org.springframework.test.context.support.ActiveProfilesUtils - Could not find an 'annotation declaring class' for annotation type [org.springframework.test.context.ActiveProfiles] and class [com.example.spring.DatabaseConnectionTest]
16:35:58.049 [main] DEBUG org.springframework.test.context.web.WebTestContextBootstrapper - @TestExecutionListeners is not present for class [com.example.spring.DatabaseConnectionTest]: using defaults.
16:35:58.049 [main] INFO org.springframework.test.context.web.WebTestContextBootstrapper - Loaded default TestExecutionListener class names from location [META-INF/spring.factories]: [org.springframework.test.context.web.ServletTestExecutionListener, org.springframework.test.context.support.DirtiesContextBeforeModesTestExecutionListener, org.springframework.test.context.event.ApplicationEventsTestExecutionListener, org.springframework.test.context.support.DependencyInjectionTestExecutionListener, org.springframework.test.context.support.DirtiesContextTestExecutionListener, org.springframework.test.context.transaction.TransactionalTestExecutionListener, org.springframework.test.context.jdbc.SqlScriptsTestExecutionListener, org.springframework.test.context.event.EventPublishingTestExecutionListener]
16:35:58.063 [main] INFO org.springframework.test.context.web.WebTestContextBootstrapper - Using TestExecutionListeners: [org.springframework.test.context.web.ServletTestExecutionListener@36fc695d, org.springframework.test.context.support.DirtiesContextBeforeModesTestExecutionListener@28701274, org.springframework.test.context.event.ApplicationEventsTestExecutionListener@13c9d689, org.springframework.test.context.support.DependencyInjectionTestExecutionListener@3754a4bf, org.springframework.test.context.support.DirtiesContextTestExecutionListener@62379589, org.springframework.test.context.transaction.TransactionalTestExecutionListener@4afcd809, org.springframework.test.context.jdbc.SqlScriptsTestExecutionListener@175c2241, org.springframework.test.context.event.EventPublishingTestExecutionListener@5bf0d49]
16:35:58.065 [main] DEBUG org.springframework.test.annotation.ProfileValueUtils - Retrieved @ProfileValueSourceConfiguration [null] for test class [com.example.spring.DatabaseConnectionTest]
16:35:58.066 [main] DEBUG org.springframework.test.annotation.ProfileValueUtils - Retrieved ProfileValueSource type [class org.springframework.test.annotation.SystemProfileValueSource] for class [com.example.spring.DatabaseConnectionTest]
16:35:58.067 [main] DEBUG org.springframework.test.annotation.ProfileValueUtils - Retrieved @ProfileValueSourceConfiguration [null] for test class [com.example.spring.DatabaseConnectionTest]
16:35:58.067 [main] DEBUG org.springframework.test.annotation.ProfileValueUtils - Retrieved ProfileValueSource type [class org.springframework.test.annotation.SystemProfileValueSource] for class [com.example.spring.DatabaseConnectionTest]
16:35:58.067 [main] DEBUG org.springframework.test.annotation.ProfileValueUtils - Retrieved @ProfileValueSourceConfiguration [null] for test class [com.example.spring.DatabaseConnectionTest]
16:35:58.067 [main] DEBUG org.springframework.test.annotation.ProfileValueUtils - Retrieved ProfileValueSource type [class org.springframework.test.annotation.SystemProfileValueSource] for class [com.example.spring.DatabaseConnectionTest]
16:35:58.068 [main] DEBUG org.springframework.test.annotation.ProfileValueUtils - Retrieved @ProfileValueSourceConfiguration [null] for test class [com.example.spring.DatabaseConnectionTest]
16:35:58.069 [main] DEBUG org.springframework.test.annotation.ProfileValueUtils - Retrieved ProfileValueSource type [class org.springframework.test.annotation.SystemProfileValueSource] for class [com.example.spring.DatabaseConnectionTest]
16:35:58.069 [main] DEBUG org.springframework.test.annotation.ProfileValueUtils - Retrieved @ProfileValueSourceConfiguration [null] for test class [com.example.spring.DatabaseConnectionTest]
16:35:58.069 [main] DEBUG org.springframework.test.annotation.ProfileValueUtils - Retrieved ProfileValueSource type [class org.springframework.test.annotation.SystemProfileValueSource] for class [com.example.spring.DatabaseConnectionTest]
16:35:58.072 [main] DEBUG org.springframework.test.context.support.AbstractDirtiesContextTestExecutionListener - Before test class: context [DefaultTestContext@217ed35e testClass = DatabaseConnectionTest, testInstance = [null], testMethod = [null], testException = [null], mergedContextConfiguration = [WebMergedContextConfiguration@7dcf94f8 testClass = DatabaseConnectionTest, locations = '{file:src/main/webapp/WEB-INF/spring/root-context.xml}', classes = '{}', contextInitializerClasses = '[]', activeProfiles = '{}', propertySourceLocations = '{}', propertySourceProperties = '{}', contextCustomizers = set[org.springframework.test.context.web.socket.MockServerContainerContextCustomizer@71809907], resourceBasePath = 'src/main/webapp', contextLoader = 'org.springframework.test.context.web.WebDelegatingSmartContextLoader', parent = [null]], attributes = map[[empty]]], class annotated with @DirtiesContext [false] with mode [null].
16:35:58.074 [main] DEBUG org.springframework.test.annotation.ProfileValueUtils - Retrieved @ProfileValueSourceConfiguration [null] for test class [com.example.spring.DatabaseConnectionTest]
16:35:58.074 [main] DEBUG org.springframework.test.annotation.ProfileValueUtils - Retrieved ProfileValueSource type [class org.springframework.test.annotation.SystemProfileValueSource] for class [com.example.spring.DatabaseConnectionTest]
16:35:58.077 [main] DEBUG org.springframework.test.context.support.AbstractDelegatingSmartContextLoader - Delegating to GenericXmlWebContextLoader to load context from [WebMergedContextConfiguration@7dcf94f8 testClass = DatabaseConnectionTest, locations = '{file:src/main/webapp/WEB-INF/spring/root-context.xml}', classes = '{}', contextInitializerClasses = '[]', activeProfiles = '{}', propertySourceLocations = '{}', propertySourceProperties = '{}', contextCustomizers = set[org.springframework.test.context.web.socket.MockServerContainerContextCustomizer@71809907], resourceBasePath = 'src/main/webapp', contextLoader = 'org.springframework.test.context.web.WebDelegatingSmartContextLoader', parent = [null]].
16:35:58.077 [main] DEBUG org.springframework.test.context.web.AbstractGenericWebContextLoader - Loading WebApplicationContext for merged context configuration [WebMergedContextConfiguration@7dcf94f8 testClass = DatabaseConnectionTest, locations = '{file:src/main/webapp/WEB-INF/spring/root-context.xml}', classes = '{}', contextInitializerClasses = '[]', activeProfiles = '{}', propertySourceLocations = '{}', propertySourceProperties = '{}', contextCustomizers = set[org.springframework.test.context.web.socket.MockServerContainerContextCustomizer@71809907], resourceBasePath = 'src/main/webapp', contextLoader = 'org.springframework.test.context.web.WebDelegatingSmartContextLoader', parent = [null]].
16:35:58.152 [main] DEBUG org.springframework.web.context.support.StandardServletEnvironment - Activating profiles []
16:35:58.479 [main] DEBUG org.springframework.context.annotation.ClassPathBeanDefinitionScanner - Identified candidate component class: file [C:\spring\target\classes\com\example\spring\auth\AuthService.class]
16:35:58.495 [main] DEBUG org.springframework.context.annotation.ClassPathBeanDefinitionScanner - Identified candidate component class: file [C:\spring\target\classes\com\example\spring\config\SecurityConfig.class]
16:35:58.497 [main] DEBUG org.springframework.context.annotation.ClassPathBeanDefinitionScanner - Identified candidate component class: file [C:\spring\target\classes\com\example\spring\posts\PostsDao.class]
16:35:58.498 [main] DEBUG org.springframework.context.annotation.ClassPathBeanDefinitionScanner - Identified candidate component class: file [C:\spring\target\classes\com\example\spring\posts\PostsService.class]
16:35:58.501 [main] DEBUG org.springframework.context.annotation.ClassPathBeanDefinitionScanner - Identified candidate component class: file [C:\spring\target\classes\com\example\spring\users\UserDao.class]
16:35:58.502 [main] DEBUG org.springframework.context.annotation.ClassPathBeanDefinitionScanner - Identified candidate component class: file [C:\spring\target\classes\com\example\spring\users\UsersService.class]
16:35:58.532 [main] DEBUG org.springframework.beans.factory.xml.XmlBeanDefinitionReader - Loaded 21 bean definitions from URL [file:src/main/webapp/WEB-INF/spring/root-context.xml]
16:35:58.533 [main] DEBUG org.springframework.web.context.support.GenericWebApplicationContext - Refreshing org.springframework.web.context.support.GenericWebApplicationContext@c0c2f8d
16:35:58.585 [main] DEBUG org.springframework.beans.factory.support.DefaultListableBeanFactory - Creating shared instance of singleton bean 'org.springframework.context.annotation.internalConfigurationAnnotationProcessor'
16:35:58.710 [main] DEBUG org.springframework.beans.factory.support.DefaultListableBeanFactory - Overriding bean definition for bean 'mvcHandlerMappingIntrospector' with a different definition: replacing [Root bean: class [null]; scope=; abstract=false; lazyInit=true; autowireMode=3; dependencyCheck=0; autowireCandidate=true; primary=false; factoryBeanName=org.springframework.web.servlet.config.annotation.DelegatingWebMvcConfiguration; factoryMethodName=mvcHandlerMappingIntrospector; initMethodName=null; destroyMethodName=(inferred); defined in class path resource [org/springframework/web/servlet/config/annotation/DelegatingWebMvcConfiguration.class]] with [Root bean: class [null]; scope=; abstract=false; lazyInit=null; autowireMode=3; dependencyCheck=0; autowireCandidate=true; primary=false; factoryBeanName=securityConfig; factoryMethodName=mvcHandlerMappingIntrospector; initMethodName=null; destroyMethodName=(inferred); defined in com.example.spring.config.SecurityConfig]
16:35:58.876 [main] DEBUG org.springframework.beans.factory.support.DefaultListableBeanFactory - Creating shared instance of singleton bean 'org.springframework.context.event.internalEventListenerProcessor'
16:35:58.877 [main] DEBUG org.springframework.beans.factory.support.DefaultListableBeanFactory - Creating shared instance of singleton bean 'conversionServicePostProcessor'
16:35:58.924 [main] DEBUG org.springframework.beans.factory.support.DefaultListableBeanFactory - Creating shared instance of singleton bean 'org.springframework.transaction.config.internalTransactionalEventListenerFactory'
16:35:58.924 [main] DEBUG org.springframework.beans.factory.support.DefaultListableBeanFactory - Creating shared instance of singleton bean 'org.springframework.context.event.internalEventListenerFactory'
16:35:58.927 [main] DEBUG org.springframework.beans.factory.support.DefaultListableBeanFactory - Creating shared instance of singleton bean 'org.springframework.context.annotation.internalAutowiredAnnotationProcessor'
16:35:58.928 [main] DEBUG org.springframework.beans.factory.support.DefaultListableBeanFactory - Creating shared instance of singleton bean 'org.springframework.context.annotation.internalCommonAnnotationProcessor'
16:35:58.934 [main] DEBUG org.springframework.beans.factory.support.DefaultListableBeanFactory - Creating shared instance of singleton bean 'org.springframework.aop.config.internalAutoProxyCreator'
16:35:58.988 [main] DEBUG org.springframework.ui.context.support.UiApplicationContextUtils - Unable to locate ThemeSource with name 'themeSource': using default [org.springframework.ui.context.support.ResourceBundleThemeSource@191ae03f]
16:35:58.991 [main] DEBUG org.springframework.beans.factory.support.DefaultListableBeanFactory - Creating shared instance of singleton bean 'dataSource'
16:35:59.017 [main] DEBUG com.zaxxer.hikari.HikariConfig - Driver class org.mariadb.jdbc.Driver found in Thread context class loader jdk.internal.loader.ClassLoaders$AppClassLoader@6bc7c054
16:35:59.023 [main] DEBUG org.springframework.beans.factory.support.DefaultListableBeanFactory - Creating shared instance of singleton bean 'org.springframework.transaction.config.internalTransactionAdvisor'
16:35:59.025 [main] DEBUG org.springframework.beans.factory.support.DefaultListableBeanFactory - Creating shared instance of singleton bean 'org.springframework.transaction.annotation.AnnotationTransactionAttributeSource#0'
16:35:59.045 [main] DEBUG org.springframework.beans.factory.support.DefaultListableBeanFactory - Creating shared instance of singleton bean 'jdbcTemplate'
16:35:59.082 [main] DEBUG org.springframework.beans.factory.support.DefaultListableBeanFactory - Creating shared instance of singleton bean 'transactionManager'
16:35:59.105 [main] DEBUG org.springframework.beans.factory.support.DefaultListableBeanFactory - Creating shared instance of singleton bean 'org.springframework.transaction.interceptor.TransactionInterceptor#0'
16:35:59.114 [main] DEBUG org.springframework.beans.factory.support.DefaultListableBeanFactory - Creating shared instance of singleton bean 'sqlSessionFactory'
16:35:59.122 [main] DEBUG org.apache.ibatis.logging.LogFactory - Logging initialized using 'class org.apache.ibatis.logging.slf4j.Slf4jImpl' adapter.
16:35:59.250 [main] DEBUG org.mybatis.spring.SqlSessionFactoryBean - Parsed configuration file: 'class path resource [mybatis-config.xml]'
16:35:59.318 [main] DEBUG org.mybatis.spring.SqlSessionFactoryBean - Parsed mapper file: 'file [C:\spring\target\classes\mapper\PostsMapper.xml]'
16:35:59.334 [main] DEBUG org.mybatis.spring.SqlSessionFactoryBean - Parsed mapper file: 'file [C:\spring\target\classes\mapper\UsersMapper.xml]'
16:35:59.338 [main] DEBUG org.springframework.beans.factory.support.DefaultListableBeanFactory - Creating shared instance of singleton bean 'sqlSession'
16:35:59.356 [main] DEBUG org.springframework.beans.factory.support.DefaultListableBeanFactory - Creating shared instance of singleton bean 'authService'
16:35:59.364 [main] DEBUG org.springframework.beans.factory.support.DefaultListableBeanFactory - Creating shared instance of singleton bean 'userDao'
16:35:59.370 [main] DEBUG org.springframework.beans.factory.support.DefaultListableBeanFactory - Creating shared instance of singleton bean 'passwordEncoder'
16:35:59.370 [main] DEBUG org.springframework.beans.factory.support.DefaultListableBeanFactory - Creating shared instance of singleton bean 'securityConfig'
16:35:59.393 [main] DEBUG org.springframework.beans.factory.support.DefaultListableBeanFactory - Creating shared instance of singleton bean 'postsDao'
16:35:59.394 [main] DEBUG org.springframework.beans.factory.support.DefaultListableBeanFactory - Creating shared instance of singleton bean 'postsService'
16:35:59.395 [main] DEBUG org.springframework.beans.factory.support.DefaultListableBeanFactory - Creating shared instance of singleton bean 'usersService'
16:35:59.396 [main] DEBUG org.springframework.beans.factory.support.DefaultListableBeanFactory - Creating shared instance of singleton bean 'org.springframework.security.config.annotation.configuration.ObjectPostProcessorConfiguration'
16:35:59.396 [main] DEBUG org.springframework.beans.factory.support.DefaultListableBeanFactory - Creating shared instance of singleton bean 'objectPostProcessor'
16:35:59.397 [main] DEBUG org.springframework.beans.factory.support.DefaultListableBeanFactory - Autowiring by type from bean name 'objectPostProcessor' via factory method to bean named 'org.springframework.beans.factory.support.DefaultListableBeanFactory@36a5cabc'
16:35:59.398 [main] DEBUG org.springframework.beans.factory.support.DefaultListableBeanFactory - Creating shared instance of singleton bean 'org.springframework.security.config.annotation.authentication.configuration.AuthenticationConfiguration'
16:35:59.403 [main] DEBUG org.springframework.beans.factory.support.DefaultListableBeanFactory - Creating shared instance of singleton bean 'enableGlobalAuthenticationAutowiredConfigurer'
16:35:59.404 [main] DEBUG org.springframework.beans.factory.support.DefaultListableBeanFactory - Autowiring by type from bean name 'enableGlobalAuthenticationAutowiredConfigurer' via factory method to bean named 'org.springframework.web.context.support.GenericWebApplicationContext@c0c2f8d'
16:35:59.410 [main] DEBUG org.springframework.beans.factory.support.DefaultListableBeanFactory - Creating shared instance of singleton bean 'initializeUserDetailsBeanManagerConfigurer'
16:35:59.410 [main] DEBUG org.springframework.beans.factory.support.DefaultListableBeanFactory - Autowiring by type from bean name 'initializeUserDetailsBeanManagerConfigurer' via factory method to bean named 'org.springframework.web.context.support.GenericWebApplicationContext@c0c2f8d'
16:35:59.411 [main] DEBUG org.springframework.beans.factory.support.DefaultListableBeanFactory - Creating shared instance of singleton bean 'initializeAuthenticationProviderBeanManagerConfigurer'
16:35:59.412 [main] DEBUG org.springframework.beans.factory.support.DefaultListableBeanFactory - Autowiring by type from bean name 'initializeAuthenticationProviderBeanManagerConfigurer' via factory method to bean named 'org.springframework.web.context.support.GenericWebApplicationContext@c0c2f8d'
16:35:59.417 [main] DEBUG org.springframework.beans.factory.support.DefaultListableBeanFactory - Creating shared instance of singleton bean 'authenticationManagerBuilder'
16:35:59.417 [main] DEBUG org.springframework.beans.factory.support.DefaultListableBeanFactory - Autowiring by type from bean name 'authenticationManagerBuilder' via factory method to bean named 'objectPostProcessor'
16:35:59.417 [main] DEBUG org.springframework.beans.factory.support.DefaultListableBeanFactory - Autowiring by type from bean name 'authenticationManagerBuilder' via factory method to bean named 'org.springframework.web.context.support.GenericWebApplicationContext@c0c2f8d'
16:35:59.429 [main] DEBUG org.springframework.beans.factory.support.DefaultListableBeanFactory - Creating shared instance of singleton bean 'org.springframework.security.config.annotation.web.configuration.WebSecurityConfiguration'
16:35:59.445 [main] DEBUG org.springframework.beans.factory.support.DefaultListableBeanFactory - Creating shared instance of singleton bean 'securityFilterChain'
16:35:59.446 [main] DEBUG org.springframework.beans.factory.support.DefaultListableBeanFactory - Creating shared instance of singleton bean 'org.springframework.security.config.annotation.web.configuration.HttpSecurityConfiguration'
16:35:59.452 [main] DEBUG org.springframework.beans.factory.support.DefaultListableBeanFactory - Creating shared instance of singleton bean 'mvcContentNegotiationManager'
16:35:59.452 [main] DEBUG org.springframework.beans.factory.support.DefaultListableBeanFactory - Creating shared instance of singleton bean 'org.springframework.web.servlet.config.annotation.DelegatingWebMvcConfiguration'
16:35:59.466 [main] DEBUG org.springframework.beans.factory.support.DefaultListableBeanFactory - Creating shared instance of singleton bean 'org.springframework.security.config.annotation.web.configuration.WebMvcSecurityConfiguration'
16:35:59.478 [main] DEBUG org.springframework.security.config.annotation.authentication.configuration.AuthenticationConfiguration$DefaultPasswordEncoderAuthenticationManagerBuilder - No authenticationProviders and no parentAuthenticationManager defined. Returning null.
16:35:59.537 [main] DEBUG org.springframework.beans.factory.support.DefaultListableBeanFactory - Autowiring by type from bean name 'securityFilterChain' via factory method to bean named 'org.springframework.security.config.annotation.web.configuration.HttpSecurityConfiguration.httpSecurity'
16:35:59.542 [main] DEBUG org.springframework.beans.factory.support.DefaultListableBeanFactory - Creating shared instance of singleton bean 'mvcHandlerMappingIntrospector'
16:35:59.545 [main] DEBUG org.springframework.beans.factory.support.DefaultListableBeanFactory - Creating shared instance of singleton bean 'requestMappingHandlerMapping'
16:35:59.549 [main] DEBUG org.springframework.beans.factory.support.DefaultListableBeanFactory - Creating shared instance of singleton bean 'mvcConversionService'
16:35:59.586 [main] DEBUG org.springframework.beans.factory.support.DefaultListableBeanFactory - Creating shared instance of singleton bean 'mvcResourceUrlProvider'
16:35:59.591 [main] DEBUG org.springframework.beans.factory.support.DefaultListableBeanFactory - Autowiring by type from bean name 'requestMappingHandlerMapping' via factory method to bean named 'mvcContentNegotiationManager'
16:35:59.591 [main] DEBUG org.springframework.beans.factory.support.DefaultListableBeanFactory - Autowiring by type from bean name 'requestMappingHandlerMapping' via factory method to bean named 'mvcConversionService'
16:35:59.591 [main] DEBUG org.springframework.beans.factory.support.DefaultListableBeanFactory - Autowiring by type from bean name 'requestMappingHandlerMapping' via factory method to bean named 'mvcResourceUrlProvider'
16:35:59.628 [main] DEBUG org.springframework.beans.factory.support.DefaultListableBeanFactory - Creating shared instance of singleton bean 'viewControllerHandlerMapping'
16:35:59.630 [main] DEBUG org.springframework.beans.factory.support.DefaultListableBeanFactory - Autowiring by type from bean name 'viewControllerHandlerMapping' via factory method to bean named 'mvcConversionService'
16:35:59.630 [main] DEBUG org.springframework.beans.factory.support.DefaultListableBeanFactory - Autowiring by type from bean name 'viewControllerHandlerMapping' via factory method to bean named 'mvcResourceUrlProvider'
16:35:59.634 [main] DEBUG org.springframework.beans.factory.support.DefaultListableBeanFactory - Creating shared instance of singleton bean 'beanNameHandlerMapping'
16:35:59.635 [main] DEBUG org.springframework.beans.factory.support.DefaultListableBeanFactory - Autowiring by type from bean name 'beanNameHandlerMapping' via factory method to bean named 'mvcConversionService'
16:35:59.635 [main] DEBUG org.springframework.beans.factory.support.DefaultListableBeanFactory - Autowiring by type from bean name 'beanNameHandlerMapping' via factory method to bean named 'mvcResourceUrlProvider'
16:35:59.637 [main] DEBUG _org.springframework.web.servlet.HandlerMapping.Mappings - 'beanNameHandlerMapping' {}
16:35:59.639 [main] DEBUG org.springframework.beans.factory.support.DefaultListableBeanFactory - Creating shared instance of singleton bean 'routerFunctionMapping'
16:35:59.640 [main] DEBUG org.springframework.beans.factory.support.DefaultListableBeanFactory - Autowiring by type from bean name 'routerFunctionMapping' via factory method to bean named 'mvcConversionService'
16:35:59.640 [main] DEBUG org.springframework.beans.factory.support.DefaultListableBeanFactory - Autowiring by type from bean name 'routerFunctionMapping' via factory method to bean named 'mvcResourceUrlProvider'
16:35:59.963 [main] DEBUG org.springframework.beans.factory.support.DefaultListableBeanFactory - Creating shared instance of singleton bean 'resourceHandlerMapping'
16:35:59.964 [main] DEBUG org.springframework.beans.factory.support.DefaultListableBeanFactory - Autowiring by type from bean name 'resourceHandlerMapping' via factory method to bean named 'mvcContentNegotiationManager'
16:35:59.964 [main] DEBUG org.springframework.beans.factory.support.DefaultListableBeanFactory - Autowiring by type from bean name 'resourceHandlerMapping' via factory method to bean named 'mvcConversionService'
16:35:59.964 [main] DEBUG org.springframework.beans.factory.support.DefaultListableBeanFactory - Autowiring by type from bean name 'resourceHandlerMapping' via factory method to bean named 'mvcResourceUrlProvider'
16:35:59.965 [main] DEBUG org.springframework.beans.factory.support.DefaultListableBeanFactory - Creating shared instance of singleton bean 'defaultServletHandlerMapping'
16:36:00.076 [main] INFO org.springframework.security.web.DefaultSecurityFilterChain - Will secure any request with [org.springframework.security.web.session.DisableEncodeUrlFilter@2241f05b, org.springframework.security.web.context.request.async.WebAsyncManagerIntegrationFilter@761956ac, org.springframework.security.web.context.SecurityContextPersistenceFilter@6850b758, org.springframework.security.web.header.HeaderWriterFilter@9fc9f91, org.springframework.security.web.csrf.CsrfFilter@49ede9c7, org.springframework.security.web.authentication.logout.LogoutFilter@4beabeec, org.springframework.security.web.authentication.UsernamePasswordAuthenticationFilter@2dd2e270, org.springframework.security.web.savedrequest.RequestCacheAwareFilter@704641e3, org.springframework.security.web.servletapi.SecurityContextHolderAwareRequestFilter@5d7ca698, org.springframework.security.web.authentication.AnonymousAuthenticationFilter@71978f46, org.springframework.security.web.session.SessionManagementFilter@108a46d6, org.springframework.security.web.access.ExceptionTranslationFilter@23a5818e, org.springframework.security.web.access.intercept.AuthorizationFilter@68880c21]
16:36:00.079 [main] DEBUG org.springframework.beans.factory.support.DefaultListableBeanFactory - Creating shared instance of singleton bean 'delegatingApplicationListener'
16:36:00.079 [main] DEBUG org.springframework.beans.factory.support.DefaultListableBeanFactory - Creating shared instance of singleton bean 'springSecurityFilterChain'
16:36:00.089 [main] DEBUG org.springframework.beans.factory.support.DefaultListableBeanFactory - Creating shared instance of singleton bean 'webSecurityExpressionHandler'
16:36:00.090 [main] DEBUG org.springframework.beans.factory.support.DefaultListableBeanFactory - Creating shared instance of singleton bean 'privilegeEvaluator'
16:36:00.091 [main] DEBUG org.springframework.beans.factory.support.DefaultListableBeanFactory - Creating shared instance of singleton bean 'requestDataValueProcessor'
16:36:00.093 [main] DEBUG org.springframework.beans.factory.support.DefaultListableBeanFactory - Creating shared instance of singleton bean 'mvcPatternParser'
16:36:00.095 [main] DEBUG org.springframework.beans.factory.support.DefaultListableBeanFactory - Creating shared instance of singleton bean 'mvcUrlPathHelper'
16:36:00.097 [main] DEBUG org.springframework.beans.factory.support.DefaultListableBeanFactory - Creating shared instance of singleton bean 'mvcPathMatcher'
16:36:00.098 [main] DEBUG org.springframework.beans.factory.support.DefaultListableBeanFactory - Creating shared instance of singleton bean 'requestMappingHandlerAdapter'
16:36:00.099 [main] DEBUG org.springframework.beans.factory.support.DefaultListableBeanFactory - Creating shared instance of singleton bean 'mvcValidator'
16:36:00.101 [main] DEBUG org.springframework.beans.factory.support.DefaultListableBeanFactory - Autowiring by type from bean name 'requestMappingHandlerAdapter' via factory method to bean named 'mvcContentNegotiationManager'
16:36:00.102 [main] DEBUG org.springframework.beans.factory.support.DefaultListableBeanFactory - Autowiring by type from bean name 'requestMappingHandlerAdapter' via factory method to bean named 'mvcConversionService'
16:36:00.102 [main] DEBUG org.springframework.beans.factory.support.DefaultListableBeanFactory - Autowiring by type from bean name 'requestMappingHandlerAdapter' via factory method to bean named 'mvcValidator'
16:36:00.132 [main] DEBUG org.springframework.web.servlet.mvc.method.annotation.RequestMappingHandlerAdapter - ControllerAdvice beans: 0 @ModelAttribute, 0 @InitBinder, 1 RequestBodyAdvice, 1 ResponseBodyAdvice
16:36:00.170 [main] DEBUG org.springframework.beans.factory.support.DefaultListableBeanFactory - Creating shared instance of singleton bean 'handlerFunctionAdapter'
16:36:00.176 [main] DEBUG org.springframework.beans.factory.support.DefaultListableBeanFactory - Creating shared instance of singleton bean 'mvcUriComponentsContributor'
16:36:00.178 [main] DEBUG org.springframework.beans.factory.support.DefaultListableBeanFactory - Autowiring by type from bean name 'mvcUriComponentsContributor' via factory method to bean named 'mvcConversionService'
16:36:00.179 [main] DEBUG org.springframework.beans.factory.support.DefaultListableBeanFactory - Autowiring by type from bean name 'mvcUriComponentsContributor' via factory method to bean named 'requestMappingHandlerAdapter'
16:36:00.182 [main] DEBUG org.springframework.beans.factory.support.DefaultListableBeanFactory - Creating shared instance of singleton bean 'httpRequestHandlerAdapter'
16:36:00.184 [main] DEBUG org.springframework.beans.factory.support.DefaultListableBeanFactory - Creating shared instance of singleton bean 'simpleControllerHandlerAdapter'
16:36:00.185 [main] DEBUG org.springframework.beans.factory.support.DefaultListableBeanFactory - Creating shared instance of singleton bean 'handlerExceptionResolver'
16:36:00.186 [main] DEBUG org.springframework.beans.factory.support.DefaultListableBeanFactory - Autowiring by type from bean name 'handlerExceptionResolver' via factory method to bean named 'mvcContentNegotiationManager'
16:36:00.189 [main] DEBUG org.springframework.web.servlet.mvc.method.annotation.ExceptionHandlerExceptionResolver - ControllerAdvice beans: 0 @ExceptionHandler, 1 ResponseBodyAdvice
16:36:00.193 [main] DEBUG org.springframework.beans.factory.support.DefaultListableBeanFactory - Creating shared instance of singleton bean 'mvcViewResolver'
16:36:00.194 [main] DEBUG org.springframework.beans.factory.support.DefaultListableBeanFactory - Autowiring by type from bean name 'mvcViewResolver' via factory method to bean named 'mvcContentNegotiationManager'
16:36:00.207 [main] DEBUG org.springframework.beans.factory.support.DefaultListableBeanFactory - Creating shared instance of singleton bean 'localeResolver'
16:36:00.209 [main] DEBUG org.springframework.beans.factory.support.DefaultListableBeanFactory - Creating shared instance of singleton bean 'themeResolver'
16:36:00.211 [main] DEBUG org.springframework.beans.factory.support.DefaultListableBeanFactory - Creating shared instance of singleton bean 'flashMapManager'
16:36:00.214 [main] DEBUG org.springframework.beans.factory.support.DefaultListableBeanFactory - Creating shared instance of singleton bean 'viewNameTranslator'
16:36:00.234 [main] DEBUG org.springframework.test.context.cache.DefaultCacheAwareContextLoaderDelegate - Storing ApplicationContext [202125197] in cache under key [[WebMergedContextConfiguration@7dcf94f8 testClass = DatabaseConnectionTest, locations = '{file:src/main/webapp/WEB-INF/spring/root-context.xml}', classes = '{}', contextInitializerClasses = '[]', activeProfiles = '{}', propertySourceLocations = '{}', propertySourceProperties = '{}', contextCustomizers = set[org.springframework.test.context.web.socket.MockServerContainerContextCustomizer@71809907], resourceBasePath = 'src/main/webapp', contextLoader = 'org.springframework.test.context.web.WebDelegatingSmartContextLoader', parent = [null]]]
16:36:00.234 [main] DEBUG org.springframework.test.context.cache - Spring test ApplicationContext cache statistics: [DefaultContextCache@6f911326 size = 1, maxSize = 32, parentContextCount = 0, hitCount = 0, missCount = 1]
16:36:00.235 [main] DEBUG org.springframework.test.context.web.ServletTestExecutionListener - Setting up MockHttpServletRequest, MockHttpServletResponse, ServletWebRequest, and RequestContextHolder for test context [DefaultTestContext@217ed35e testClass = DatabaseConnectionTest, testInstance = com.example.spring.DatabaseConnectionTest@48b4a043, testMethod = [null], testException = [null], mergedContextConfiguration = [WebMergedContextConfiguration@7dcf94f8 testClass = DatabaseConnectionTest, locations = '{file:src/main/webapp/WEB-INF/spring/root-context.xml}', classes = '{}', contextInitializerClasses = '[]', activeProfiles = '{}', propertySourceLocations = '{}', propertySourceProperties = '{}', contextCustomizers = set[org.springframework.test.context.web.socket.MockServerContainerContextCustomizer@71809907], resourceBasePath = 'src/main/webapp', contextLoader = 'org.springframework.test.context.web.WebDelegatingSmartContextLoader', parent = [null]], attributes = map[[empty]]].
16:36:00.262 [main] DEBUG org.springframework.test.context.support.DependencyInjectionTestExecutionListener - Performing dependency injection for test context [[DefaultTestContext@217ed35e testClass = DatabaseConnectionTest, testInstance = com.example.spring.DatabaseConnectionTest@48b4a043, testMethod = [null], testException = [null], mergedContextConfiguration = [WebMergedContextConfiguration@7dcf94f8 testClass = DatabaseConnectionTest, locations = '{file:src/main/webapp/WEB-INF/spring/root-context.xml}', classes = '{}', contextInitializerClasses = '[]', activeProfiles = '{}', propertySourceLocations = '{}', propertySourceProperties = '{}', contextCustomizers = set[org.springframework.test.context.web.socket.MockServerContainerContextCustomizer@71809907], resourceBasePath = 'src/main/webapp', contextLoader = 'org.springframework.test.context.web.WebDelegatingSmartContextLoader', parent = [null]], attributes = map['org.springframework.test.context.web.ServletTestExecutionListener.populatedRequestContextHolder' -> true, 'org.springframework.test.context.web.ServletTestExecutionListener.resetRequestContextHolder' -> true, 'org.springframework.test.context.event.ApplicationEventsTestExecutionListener.recordApplicationEvents' -> false]]].
16:36:00.263 [main] DEBUG org.springframework.test.context.cache.DefaultCacheAwareContextLoaderDelegate - Retrieved ApplicationContext [202125197] from cache with key [[WebMergedContextConfiguration@7dcf94f8 testClass = DatabaseConnectionTest, locations = '{file:src/main/webapp/WEB-INF/spring/root-context.xml}', classes = '{}', contextInitializerClasses = '[]', activeProfiles = '{}', propertySourceLocations = '{}', propertySourceProperties = '{}', contextCustomizers = set[org.springframework.test.context.web.socket.MockServerContainerContextCustomizer@71809907], resourceBasePath = 'src/main/webapp', contextLoader = 'org.springframework.test.context.web.WebDelegatingSmartContextLoader', parent = [null]]]
16:36:00.263 [main] DEBUG org.springframework.test.context.cache - Spring test ApplicationContext cache statistics: [DefaultContextCache@6f911326 size = 1, maxSize = 32, parentContextCount = 0, hitCount = 1, missCount = 1]
16:36:00.265 [main] DEBUG org.springframework.test.context.cache.DefaultCacheAwareContextLoaderDelegate - Retrieved ApplicationContext [202125197] from cache with key [[WebMergedContextConfiguration@7dcf94f8 testClass = DatabaseConnectionTest, locations = '{file:src/main/webapp/WEB-INF/spring/root-context.xml}', classes = '{}', contextInitializerClasses = '[]', activeProfiles = '{}', propertySourceLocations = '{}', propertySourceProperties = '{}', contextCustomizers = set[org.springframework.test.context.web.socket.MockServerContainerContextCustomizer@71809907], resourceBasePath = 'src/main/webapp', contextLoader = 'org.springframework.test.context.web.WebDelegatingSmartContextLoader', parent = [null]]]
16:36:00.266 [main] DEBUG org.springframework.test.context.cache - Spring test ApplicationContext cache statistics: [DefaultContextCache@6f911326 size = 1, maxSize = 32, parentContextCount = 0, hitCount = 2, missCount = 1]
16:36:00.272 [main] DEBUG org.springframework.test.context.support.AbstractDirtiesContextTestExecutionListener - Before test method: context [DefaultTestContext@217ed35e testClass = DatabaseConnectionTest, testInstance = com.example.spring.DatabaseConnectionTest@48b4a043, testMethod = testDatabaseConnection@DatabaseConnectionTest, testException = [null], mergedContextConfiguration = [WebMergedContextConfiguration@7dcf94f8 testClass = DatabaseConnectionTest, locations = '{file:src/main/webapp/WEB-INF/spring/root-context.xml}', classes = '{}', contextInitializerClasses = '[]', activeProfiles = '{}', propertySourceLocations = '{}', propertySourceProperties = '{}', contextCustomizers = set[org.springframework.test.context.web.socket.MockServerContainerContextCustomizer@71809907], resourceBasePath = 'src/main/webapp', contextLoader = 'org.springframework.test.context.web.WebDelegatingSmartContextLoader', parent = [null]], attributes = map['org.springframework.test.context.web.ServletTestExecutionListener.populatedRequestContextHolder' -> true, 'org.springframework.test.context.web.ServletTestExecutionListener.resetRequestContextHolder' -> true, 'org.springframework.test.context.event.ApplicationEventsTestExecutionListener.recordApplicationEvents' -> false]], class annotated with @DirtiesContext [false] with mode [null], method annotated with @DirtiesContext [false] with mode [null].
16:36:00.280 [main] DEBUG org.springframework.test.context.cache.DefaultCacheAwareContextLoaderDelegate - Retrieved ApplicationContext [202125197] from cache with key [[WebMergedContextConfiguration@7dcf94f8 testClass = DatabaseConnectionTest, locations = '{file:src/main/webapp/WEB-INF/spring/root-context.xml}', classes = '{}', contextInitializerClasses = '[]', activeProfiles = '{}', propertySourceLocations = '{}', propertySourceProperties = '{}', contextCustomizers = set[org.springframework.test.context.web.socket.MockServerContainerContextCustomizer@71809907], resourceBasePath = 'src/main/webapp', contextLoader = 'org.springframework.test.context.web.WebDelegatingSmartContextLoader', parent = [null]]]
16:36:00.280 [main] DEBUG org.springframework.test.context.cache - Spring test ApplicationContext cache statistics: [DefaultContextCache@6f911326 size = 1, maxSize = 32, parentContextCount = 0, hitCount = 3, missCount = 1]
16:36:00.281 [main] DEBUG org.springframework.test.context.cache.DefaultCacheAwareContextLoaderDelegate - Retrieved ApplicationContext [202125197] from cache with key [[WebMergedContextConfiguration@7dcf94f8 testClass = DatabaseConnectionTest, locations = '{file:src/main/webapp/WEB-INF/spring/root-context.xml}', classes = '{}', contextInitializerClasses = '[]', activeProfiles = '{}', propertySourceLocations = '{}', propertySourceProperties = '{}', contextCustomizers = set[org.springframework.test.context.web.socket.MockServerContainerContextCustomizer@71809907], resourceBasePath = 'src/main/webapp', contextLoader = 'org.springframework.test.context.web.WebDelegatingSmartContextLoader', parent = [null]]]
16:36:00.282 [main] DEBUG org.springframework.test.context.cache - Spring test ApplicationContext cache statistics: [DefaultContextCache@6f911326 size = 1, maxSize = 32, parentContextCount = 0, hitCount = 4, missCount = 1]
16:36:00.292 [main] DEBUG org.springframework.jdbc.core.JdbcTemplate - Executing SQL query [SELECT 1]
16:36:00.299 [main] DEBUG org.springframework.jdbc.datasource.DataSourceUtils - Fetching JDBC Connection from DataSource
16:36:00.300 [main] DEBUG com.zaxxer.hikari.HikariConfig - HikariPool-1 - configuration:
16:36:00.304 [main] DEBUG com.zaxxer.hikari.HikariConfig - allowPoolSuspension................................false
16:36:00.305 [main] DEBUG com.zaxxer.hikari.HikariConfig - autoCommit................................true
16:36:00.305 [main] DEBUG com.zaxxer.hikari.HikariConfig - catalog................................none
16:36:00.305 [main] DEBUG com.zaxxer.hikari.HikariConfig - connectionInitSql................................none
16:36:00.305 [main] DEBUG com.zaxxer.hikari.HikariConfig - connectionTestQuery................................none
16:36:00.307 [main] DEBUG com.zaxxer.hikari.HikariConfig - connectionTimeout................................30000
16:36:00.307 [main] DEBUG com.zaxxer.hikari.HikariConfig - dataSource................................none
16:36:00.307 [main] DEBUG com.zaxxer.hikari.HikariConfig - dataSourceClassName................................none
16:36:00.309 [main] DEBUG com.zaxxer.hikari.HikariConfig - dataSourceJNDI................................none
16:36:00.309 [main] DEBUG com.zaxxer.hikari.HikariConfig - dataSourceProperties................................{password=<masked>}
16:36:00.309 [main] DEBUG com.zaxxer.hikari.HikariConfig - driverClassName................................"org.mariadb.jdbc.Driver"
16:36:00.309 [main] DEBUG com.zaxxer.hikari.HikariConfig - exceptionOverrideClassName................................none
16:36:00.310 [main] DEBUG com.zaxxer.hikari.HikariConfig - healthCheckProperties................................{}
16:36:00.310 [main] DEBUG com.zaxxer.hikari.HikariConfig - healthCheckRegistry................................none
16:36:00.310 [main] DEBUG com.zaxxer.hikari.HikariConfig - idleTimeout................................30000
16:36:00.310 [main] DEBUG com.zaxxer.hikari.HikariConfig - initializationFailTimeout................................1
16:36:00.310 [main] DEBUG com.zaxxer.hikari.HikariConfig - isolateInternalQueries................................false
16:36:00.311 [main] DEBUG com.zaxxer.hikari.HikariConfig - jdbcUrl................................jdbc:mariadb://127.0.0.1:3306/spring
16:36:00.311 [main] DEBUG com.zaxxer.hikari.HikariConfig - keepaliveTime................................0
16:36:00.311 [main] DEBUG com.zaxxer.hikari.HikariConfig - leakDetectionThreshold................................0
16:36:00.311 [main] DEBUG com.zaxxer.hikari.HikariConfig - maxLifetime................................1800000
16:36:00.311 [main] DEBUG com.zaxxer.hikari.HikariConfig - maximumPoolSize................................10
16:36:00.311 [main] DEBUG com.zaxxer.hikari.HikariConfig - metricRegistry................................none
16:36:00.311 [main] DEBUG com.zaxxer.hikari.HikariConfig - metricsTrackerFactory................................none
16:36:00.312 [main] DEBUG com.zaxxer.hikari.HikariConfig - minimumIdle................................5
16:36:00.312 [main] DEBUG com.zaxxer.hikari.HikariConfig - password................................<masked>
16:36:00.312 [main] DEBUG com.zaxxer.hikari.HikariConfig - poolName................................"HikariPool-1"
16:36:00.312 [main] DEBUG com.zaxxer.hikari.HikariConfig - readOnly................................false
16:36:00.312 [main] DEBUG com.zaxxer.hikari.HikariConfig - registerMbeans................................false
16:36:00.312 [main] DEBUG com.zaxxer.hikari.HikariConfig - scheduledExecutor................................none
16:36:00.312 [main] DEBUG com.zaxxer.hikari.HikariConfig - schema................................none
16:36:00.312 [main] DEBUG com.zaxxer.hikari.HikariConfig - threadFactory................................internal
16:36:00.312 [main] DEBUG com.zaxxer.hikari.HikariConfig - transactionIsolation................................default
16:36:00.313 [main] DEBUG com.zaxxer.hikari.HikariConfig - username................................"spring"
16:36:00.313 [main] DEBUG com.zaxxer.hikari.HikariConfig - validationTimeout................................5000
16:36:00.313 [main] INFO com.zaxxer.hikari.HikariDataSource - HikariPool-1 - Starting...
16:36:00.409 [main] DEBUG com.zaxxer.hikari.pool.HikariPool - HikariPool-1 - Added connection org.mariadb.jdbc.MariaDbConnection@77114efe
16:36:00.412 [main] INFO com.zaxxer.hikari.HikariDataSource - HikariPool-1 - Start completed.
16:36:00.424 [main] DEBUG org.springframework.test.context.cache.DefaultCacheAwareContextLoaderDelegate - Retrieved ApplicationContext [202125197] from cache with key [[WebMergedContextConfiguration@7dcf94f8 testClass = DatabaseConnectionTest, locations = '{file:src/main/webapp/WEB-INF/spring/root-context.xml}', classes = '{}', contextInitializerClasses = '[]', activeProfiles = '{}', propertySourceLocations = '{}', propertySourceProperties = '{}', contextCustomizers = set[org.springframework.test.context.web.socket.MockServerContainerContextCustomizer@71809907], resourceBasePath = 'src/main/webapp', contextLoader = 'org.springframework.test.context.web.WebDelegatingSmartContextLoader', parent = [null]]]
16:36:00.424 [main] DEBUG org.springframework.test.context.cache - Spring test ApplicationContext cache statistics: [DefaultContextCache@6f911326 size = 1, maxSize = 32, parentContextCount = 0, hitCount = 5, missCount = 1]
16:36:00.424 [main] DEBUG org.springframework.test.context.cache.DefaultCacheAwareContextLoaderDelegate - Retrieved ApplicationContext [202125197] from cache with key [[WebMergedContextConfiguration@7dcf94f8 testClass = DatabaseConnectionTest, locations = '{file:src/main/webapp/WEB-INF/spring/root-context.xml}', classes = '{}', contextInitializerClasses = '[]', activeProfiles = '{}', propertySourceLocations = '{}', propertySourceProperties = '{}', contextCustomizers = set[org.springframework.test.context.web.socket.MockServerContainerContextCustomizer@71809907], resourceBasePath = 'src/main/webapp', contextLoader = 'org.springframework.test.context.web.WebDelegatingSmartContextLoader', parent = [null]]]
16:36:00.424 [main] DEBUG org.springframework.test.context.cache - Spring test ApplicationContext cache statistics: [DefaultContextCache@6f911326 size = 1, maxSize = 32, parentContextCount = 0, hitCount = 6, missCount = 1]
16:36:00.424 [main] DEBUG org.springframework.test.context.support.AbstractDirtiesContextTestExecutionListener - After test method: context [DefaultTestContext@217ed35e testClass = DatabaseConnectionTest, testInstance = com.example.spring.DatabaseConnectionTest@48b4a043, testMethod = testDatabaseConnection@DatabaseConnectionTest, testException = [null], mergedContextConfiguration = [WebMergedContextConfiguration@7dcf94f8 testClass = DatabaseConnectionTest, locations = '{file:src/main/webapp/WEB-INF/spring/root-context.xml}', classes = '{}', contextInitializerClasses = '[]', activeProfiles = '{}', propertySourceLocations = '{}', propertySourceProperties = '{}', contextCustomizers = set[org.springframework.test.context.web.socket.MockServerContainerContextCustomizer@71809907], resourceBasePath = 'src/main/webapp', contextLoader = 'org.springframework.test.context.web.WebDelegatingSmartContextLoader', parent = [null]], attributes = map['org.springframework.test.context.web.ServletTestExecutionListener.populatedRequestContextHolder' -> true, 'org.springframework.test.context.web.ServletTestExecutionListener.resetRequestContextHolder' -> true, 'org.springframework.test.context.event.ApplicationEventsTestExecutionListener.recordApplicationEvents' -> false]], class annotated with @DirtiesContext [false] with mode [null], method annotated with @DirtiesContext [false] with mode [null].
16:36:00.424 [main] DEBUG org.springframework.test.context.web.ServletTestExecutionListener - Resetting RequestContextHolder for test context [DefaultTestContext@217ed35e testClass = DatabaseConnectionTest, testInstance = com.example.spring.DatabaseConnectionTest@48b4a043, testMethod = testDatabaseConnection@DatabaseConnectionTest, testException = [null], mergedContextConfiguration = [WebMergedContextConfiguration@7dcf94f8 testClass = DatabaseConnectionTest, locations = '{file:src/main/webapp/WEB-INF/spring/root-context.xml}', classes = '{}', contextInitializerClasses = '[]', activeProfiles = '{}', propertySourceLocations = '{}', propertySourceProperties = '{}', contextCustomizers = set[org.springframework.test.context.web.socket.MockServerContainerContextCustomizer@71809907], resourceBasePath = 'src/main/webapp', contextLoader = 'org.springframework.test.context.web.WebDelegatingSmartContextLoader', parent = [null]], attributes = map['org.springframework.test.context.web.ServletTestExecutionListener.populatedRequestContextHolder' -> true, 'org.springframework.test.context.web.ServletTestExecutionListener.resetRequestContextHolder' -> true, 'org.springframework.test.context.event.ApplicationEventsTestExecutionListener.recordApplicationEvents' -> false]].
]]></system-out>
  </testcase>
</testsuite>